back[[ 3 3 3 3 3 3 3 3 3 3][ 3 3 3 3 3 3 3 3 3 3][ 3 3 3 3 3 3 3 3 3 3][ 3 3 3 3 3 3 3 3 3 3][ 3 3 3 3 3 3 3 3 3 3][ 3 3 3 3 3 3 3 3 3 3][ 3 3 3 3 3 3 3 3 3 3][ 3 3 3 3 3 3 3 3 3 3][ 3 3 3 3 3 3 3 3 3 3][ 3 3 3 3 3 3 3 3 3 3]]
down[[ 1 1 1 1 1 1 1 1 1 1][ 1 1 1 1 1 1 1 1 1 1][ 1 1 1 1 1 1 1 1 1 1][ 1 1 1 1 1 1 1 1 1 1][ 1 1 1 1 1 1 1 1 1 1][ 1 1 1 1 1 1 1 1 1 1][ 1 1 1 1 1 1 1 1 1 1][ 1 1 1 1 1 1 1 1 1 1][ 1 1 1 1 1 1 1 1 1 1][ 1 1 1 1 1 1 1 1 1 1]]
front[[ 2 2 2 2 2 2 2 2 2 2][ 2 2 2 2 2 2 2 2 2 2][ 2 2 2 2 2 2 2 2 2 2][ 2 2 2 2 2 2 2 2 2 2][ 2 2 2 2 2 2 2 2 2 2][ 2 2 2 2 2 2 2 2 2 2][ 2 2 2 2 2 2 2 2 2 2][ 2 2 2 2 2 2 2 2 2 2][ 2 2 2 2 2 2 2 2 2 2][ 2 2 2 2 2 2 2 2 2 2]]
left[[ 4 4 4 4 4 4 4 4 4 4][ 4 4 4 4 4 4 4 4 4 4][ 4 4 4 4 4 4 4 4 4 4][ 4 4 4 4 4 4 4 4 4 4][ 4 4 4 4 4 4 4 4 4 4][ 4 4 4 4 4 4 4 4 4 4][ 4 4 4 4 4 4 4 4 4 4][ 4 4 4 4 4 4 4 4 4 4][ 4 4 4 4 4 4 4 4 4 4][ 4 4 4 4 4 4 4 4 4 4]]
right[[ 5 5 5 5 5 5 5 5 5 5][ 5 5 5 5 5 5 5 5 5 5][ 5 5 5 5 5 5 5 5 5 5][ 5 5 5 5 5 5 5 5 5 5][ 5 5 5 5 5 5 5 5 5 5][ 5 5 5 5 5 5 5 5 5 5][ 5 5 5 5 5 5 5 5 5 5][ 5 5 5 5 5 5 5 5 5 5][ 5 5 5 5 5 5 5 5 5 5][ 5 5 5 5 5 5 5 5 5 5]]
up[[ 0 0 0 0 0 0 0 0 0 0][ 0 0 0 0 0 0 0 0 0 0][ 0 0 0 0 0 0 0 0 0 0][ 0 0 0 0 0 0 0 0 0 0][ 0 0 0 0 0 0 0 0 0 0][ 0 0 0 0 0 0 0 0 0 0][ 0 0 0 0 0 0 0 0 0 0][ 0 0 0 0 0 0 0 0 0 0][ 0 0 0 0 0 0 0 0 0 0][ 0 0 0 0 0 0 0 0 0 0]]

accion:inicio
coste de la accion: 0
back[[ 3 3 3 3 3 3 3 3 3 3][ 3 3 3 3 3 3 3 3 3 3][ 3 3 3 3 3 3 3 3 3 3][ 3 3 3 3 3 3 3 3 3 3][ 3 3 3 3 3 3 3 3 3 3][ 3 3 3 3 3 3 3 3 3 3][ 3 3 3 3 3 3 3 3 3 3][ 3 3 3 3 3 3 3 3 3 3][ 3 3 3 3 3 3 3 3 3 3][ 3 3 3 3 3 3 3 3 3 3]]
down[[ 4 4 4 4 4 4 4 4 4 4][ 1 1 1 1 1 1 1 1 1 1][ 1 1 1 1 1 1 1 1 1 1][ 1 1 1 1 1 1 1 1 1 1][ 1 1 1 1 1 1 1 1 1 1][ 1 1 1 1 1 1 1 1 1 1][ 1 1 1 1 1 1 1 1 1 1][ 1 1 1 1 1 1 1 1 1 1][ 1 1 1 1 1 1 1 1 1 1][ 1 1 1 1 1 1 1 1 1 1]]
front[[ 2 2 2 2 2 2 2 2 2 2][ 2 2 2 2 2 2 2 2 2 2][ 2 2 2 2 2 2 2 2 2 2][ 2 2 2 2 2 2 2 2 2 2][ 2 2 2 2 2 2 2 2 2 2][ 2 2 2 2 2 2 2 2 2 2][ 2 2 2 2 2 2 2 2 2 2][ 2 2 2 2 2 2 2 2 2 2][ 2 2 2 2 2 2 2 2 2 2][ 2 2 2 2 2 2 2 2 2 2]]
left[[ 0 0 0 0 0 0 0 0 0 0][ 4 4 4 4 4 4 4 4 4 4][ 4 4 4 4 4 4 4 4 4 4][ 4 4 4 4 4 4 4 4 4 4][ 4 4 4 4 4 4 4 4 4 4][ 4 4 4 4 4 4 4 4 4 4][ 4 4 4 4 4 4 4 4 4 4][ 4 4 4 4 4 4 4 4 4 4][ 4 4 4 4 4 4 4 4 4 4][ 4 4 4 4 4 4 4 4 4 4]]
right[[ 1 1 1 1 1 1 1 1 1 1][ 5 5 5 5 5 5 5 5 5 5][ 5 5 5 5 5 5 5 5 5 5][ 5 5 5 5 5 5 5 5 5 5][ 5 5 5 5 5 5 5 5 5 5][ 5 5 5 5 5 5 5 5 5 5][ 5 5 5 5 5 5 5 5 5 5][ 5 5 5 5 5 5 5 5 5 5][ 5 5 5 5 5 5 5 5 5 5][ 5 5 5 5 5 5 5 5 5 5]]
up[[ 5 5 5 5 5 5 5 5 5 5][ 0 0 0 0 0 0 0 0 0 0][ 0 0 0 0 0 0 0 0 0 0][ 0 0 0 0 0 0 0 0 0 0][ 0 0 0 0 0 0 0 0 0 0][ 0 0 0 0 0 0 0 0 0 0][ 0 0 0 0 0 0 0 0 0 0][ 0 0 0 0 0 0 0 0 0 0][ 0 0 0 0 0 0 0 0 0 0][ 0 0 0 0 0 0 0 0 0 0]]

accion:B0
coste de la accion: 1
back[[ 3 3 3 3 3 3 3 3 3 3][ 3 3 3 3 3 3 3 3 3 3][ 3 3 3 3 3 3 3 3 3 3][ 3 3 3 3 3 3 3 3 3 3][ 3 3 3 3 3 3 3 3 3 3][ 3 3 3 3 3 3 3 3 3 3][ 3 3 3 3 3 3 3 3 3 3][ 3 3 3 3 3 3 3 3 3 3][ 3 3 3 3 3 3 3 3 3 3][ 3 3 3 3 3 3 3 3 3 3]]
down[[ 5 5 5 5 5 5 5 5 5 5][ 1 1 1 1 1 1 1 1 1 1][ 1 1 1 1 1 1 1 1 1 1][ 1 1 1 1 1 1 1 1 1 1][ 1 1 1 1 1 1 1 1 1 1][ 1 1 1 1 1 1 1 1 1 1][ 1 1 1 1 1 1 1 1 1 1][ 1 1 1 1 1 1 1 1 1 1][ 1 1 1 1 1 1 1 1 1 1][ 1 1 1 1 1 1 1 1 1 1]]
front[[ 2 2 2 2 2 2 2 2 2 2][ 2 2 2 2 2 2 2 2 2 2][ 2 2 2 2 2 2 2 2 2 2][ 2 2 2 2 2 2 2 2 2 2][ 2 2 2 2 2 2 2 2 2 2][ 2 2 2 2 2 2 2 2 2 2][ 2 2 2 2 2 2 2 2 2 2][ 2 2 2 2 2 2 2 2 2 2][ 2 2 2 2 2 2 2 2 2 2][ 2 2 2 2 2 2 2 2 2 2]]
left[[ 1 1 1 1 1 1 1 1 1 1][ 4 4 4 4 4 4 4 4 4 4][ 4 4 4 4 4 4 4 4 4 4][ 4 4 4 4 4 4 4 4 4 4][ 4 4 4 4 4 4 4 4 4 4][ 4 4 4 4 4 4 4 4 4 4][ 4 4 4 4 4 4 4 4 4 4][ 4 4 4 4 4 4 4 4 4 4][ 4 4 4 4 4 4 4 4 4 4][ 4 4 4 4 4 4 4 4 4 4]]
right[[ 0 0 0 0 0 0 0 0 0 0][ 5 5 5 5 5 5 5 5 5 5][ 5 5 5 5 5 5 5 5 5 5][ 5 5 5 5 5 5 5 5 5 5][ 5 5 5 5 5 5 5 5 5 5][ 5 5 5 5 5 5 5 5 5 5][ 5 5 5 5 5 5 5 5 5 5][ 5 5 5 5 5 5 5 5 5 5][ 5 5 5 5 5 5 5 5 5 5][ 5 5 5 5 5 5 5 5 5 5]]
up[[ 4 4 4 4 4 4 4 4 4 4][ 0 0 0 0 0 0 0 0 0 0][ 0 0 0 0 0 0 0 0 0 0][ 0 0 0 0 0 0 0 0 0 0][ 0 0 0 0 0 0 0 0 0 0][ 0 0 0 0 0 0 0 0 0 0][ 0 0 0 0 0 0 0 0 0 0][ 0 0 0 0 0 0 0 0 0 0][ 0 0 0 0 0 0 0 0 0 0][ 0 0 0 0 0 0 0 0 0 0]]

accion:b0
coste de la accion: 1
back[[ 4 4 4 4 4 4 4 4 4 4][ 3 3 3 3 3 3 3 3 3 3][ 3 3 3 3 3 3 3 3 3 3][ 3 3 3 3 3 3 3 3 3 3][ 3 3 3 3 3 3 3 3 3 3][ 3 3 3 3 3 3 3 3 3 3][ 3 3 3 3 3 3 3 3 3 3][ 3 3 3 3 3 3 3 3 3 3][ 3 3 3 3 3 3 3 3 3 3][ 3 3 3 3 3 3 3 3 3 3]]
down[[ 1 1 1 1 1 1 1 1 1 1][ 1 1 1 1 1 1 1 1 1 1][ 1 1 1 1 1 1 1 1 1 1][ 1 1 1 1 1 1 1 1 1 1][ 1 1 1 1 1 1 1 1 1 1][ 1 1 1 1 1 1 1 1 1 1][ 1 1 1 1 1 1 1 1 1 1][ 1 1 1 1 1 1 1 1 1 1][ 1 1 1 1 1 1 1 1 1 1][ 1 1 1 1 1 1 1 1 1 1]]
front[[ 5 5 5 5 5 5 5 5 5 5][ 2 2 2 2 2 2 2 2 2 2][ 2 2 2 2 2 2 2 2 2 2][ 2 2 2 2 2 2 2 2 2 2][ 2 2 2 2 2 2 2 2 2 2][ 2 2 2 2 2 2 2 2 2 2][ 2 2 2 2 2 2 2 2 2 2][ 2 2 2 2 2 2 2 2 2 2][ 2 2 2 2 2 2 2 2 2 2][ 2 2 2 2 2 2 2 2 2 2]]
left[[ 2 2 2 2 2 2 2 2 2 2][ 4 4 4 4 4 4 4 4 4 4][ 4 4 4 4 4 4 4 4 4 4][ 4 4 4 4 4 4 4 4 4 4][ 4 4 4 4 4 4 4 4 4 4][ 4 4 4 4 4 4 4 4 4 4][ 4 4 4 4 4 4 4 4 4 4][ 4 4 4 4 4 4 4 4 4 4][ 4 4 4 4 4 4 4 4 4 4][ 4 4 4 4 4 4 4 4 4 4]]
right[[ 3 3 3 3 3 3 3 3 3 3][ 5 5 5 5 5 5 5 5 5 5][ 5 5 5 5 5 5 5 5 5 5][ 5 5 5 5 5 5 5 5 5 5][ 5 5 5 5 5 5 5 5 5 5][ 5 5 5 5 5 5 5 5 5 5][ 5 5 5 5 5 5 5 5 5 5][ 5 5 5 5 5 5 5 5 5 5][ 5 5 5 5 5 5 5 5 5 5][ 5 5 5 5 5 5 5 5 5 5]]
up[[ 0 0 0 0 0 0 0 0 0 0][ 0 0 0 0 0 0 0 0 0 0][ 0 0 0 0 0 0 0 0 0 0][ 0 0 0 0 0 0 0 0 0 0][ 0 0 0 0 0 0 0 0 0 0][ 0 0 0 0 0 0 0 0 0 0][ 0 0 0 0 0 0 0 0 0 0][ 0 0 0 0 0 0 0 0 0 0][ 0 0 0 0 0 0 0 0 0 0][ 0 0 0 0 0 0 0 0 0 0]]

accion:D0
coste de la accion: 1
back[[ 5 5 5 5 5 5 5 5 5 5][ 3 3 3 3 3 3 3 3 3 3][ 3 3 3 3 3 3 3 3 3 3][ 3 3 3 3 3 3 3 3 3 3][ 3 3 3 3 3 3 3 3 3 3][ 3 3 3 3 3 3 3 3 3 3][ 3 3 3 3 3 3 3 3 3 3][ 3 3 3 3 3 3 3 3 3 3][ 3 3 3 3 3 3 3 3 3 3][ 3 3 3 3 3 3 3 3 3 3]]
down[[ 1 1 1 1 1 1 1 1 1 1][ 1 1 1 1 1 1 1 1 1 1][ 1 1 1 1 1 1 1 1 1 1][ 1 1 1 1 1 1 1 1 1 1][ 1 1 1 1 1 1 1 1 1 1][ 1 1 1 1 1 1 1 1 1 1][ 1 1 1 1 1 1 1 1 1 1][ 1 1 1 1 1 1 1 1 1 1][ 1 1 1 1 1 1 1 1 1 1][ 1 1 1 1 1 1 1 1 1 1]]
front[[ 4 4 4 4 4 4 4 4 4 4][ 2 2 2 2 2 2 2 2 2 2][ 2 2 2 2 2 2 2 2 2 2][ 2 2 2 2 2 2 2 2 2 2][ 2 2 2 2 2 2 2 2 2 2][ 2 2 2 2 2 2 2 2 2 2][ 2 2 2 2 2 2 2 2 2 2][ 2 2 2 2 2 2 2 2 2 2][ 2 2 2 2 2 2 2 2 2 2][ 2 2 2 2 2 2 2 2 2 2]]
left[[ 3 3 3 3 3 3 3 3 3 3][ 4 4 4 4 4 4 4 4 4 4][ 4 4 4 4 4 4 4 4 4 4][ 4 4 4 4 4 4 4 4 4 4][ 4 4 4 4 4 4 4 4 4 4][ 4 4 4 4 4 4 4 4 4 4][ 4 4 4 4 4 4 4 4 4 4][ 4 4 4 4 4 4 4 4 4 4][ 4 4 4 4 4 4 4 4 4 4][ 4 4 4 4 4 4 4 4 4 4]]
right[[ 2 2 2 2 2 2 2 2 2 2][ 5 5 5 5 5 5 5 5 5 5][ 5 5 5 5 5 5 5 5 5 5][ 5 5 5 5 5 5 5 5 5 5][ 5 5 5 5 5 5 5 5 5 5][ 5 5 5 5 5 5 5 5 5 5][ 5 5 5 5 5 5 5 5 5 5][ 5 5 5 5 5 5 5 5 5 5][ 5 5 5 5 5 5 5 5 5 5][ 5 5 5 5 5 5 5 5 5 5]]
up[[ 0 0 0 0 0 0 0 0 0 0][ 0 0 0 0 0 0 0 0 0 0][ 0 0 0 0 0 0 0 0 0 0][ 0 0 0 0 0 0 0 0 0 0][ 0 0 0 0 0 0 0 0 0 0][ 0 0 0 0 0 0 0 0 0 0][ 0 0 0 0 0 0 0 0 0 0][ 0 0 0 0 0 0 0 0 0 0][ 0 0 0 0 0 0 0 0 0 0][ 0 0 0 0 0 0 0 0 0 0]]

accion:d0
coste de la accion: 1
back[[ 1 1 1 1 1 1 1 1 1 1][ 3 3 3 3 3 3 3 3 3 3][ 3 3 3 3 3 3 3 3 3 3][ 3 3 3 3 3 3 3 3 3 3][ 3 3 3 3 3 3 3 3 3 3][ 3 3 3 3 3 3 3 3 3 3][ 3 3 3 3 3 3 3 3 3 3][ 3 3 3 3 3 3 3 3 3 3][ 3 3 3 3 3 3 3 3 3 3][ 3 3 3 3 3 3 3 3 3 3]]
down[[ 2 2 2 2 2 2 2 2 2 2][ 1 1 1 1 1 1 1 1 1 1][ 1 1 1 1 1 1 1 1 1 1][ 1 1 1 1 1 1 1 1 1 1][ 1 1 1 1 1 1 1 1 1 1][ 1 1 1 1 1 1 1 1 1 1][ 1 1 1 1 1 1 1 1 1 1][ 1 1 1 1 1 1 1 1 1 1][ 1 1 1 1 1 1 1 1 1 1][ 1 1 1 1 1 1 1 1 1 1]]
front[[ 0 0 0 0 0 0 0 0 0 0][ 2 2 2 2 2 2 2 2 2 2][ 2 2 2 2 2 2 2 2 2 2][ 2 2 2 2 2 2 2 2 2 2][ 2 2 2 2 2 2 2 2 2 2][ 2 2 2 2 2 2 2 2 2 2][ 2 2 2 2 2 2 2 2 2 2][ 2 2 2 2 2 2 2 2 2 2][ 2 2 2 2 2 2 2 2 2 2][ 2 2 2 2 2 2 2 2 2 2]]
left[[ 4 4 4 4 4 4 4 4 4 4][ 4 4 4 4 4 4 4 4 4 4][ 4 4 4 4 4 4 4 4 4 4][ 4 4 4 4 4 4 4 4 4 4][ 4 4 4 4 4 4 4 4 4 4][ 4 4 4 4 4 4 4 4 4 4][ 4 4 4 4 4 4 4 4 4 4][ 4 4 4 4 4 4 4 4 4 4][ 4 4 4 4 4 4 4 4 4 4][ 4 4 4 4 4 4 4 4 4 4]]
right[[ 5 5 5 5 5 5 5 5 5 5][ 5 5 5 5 5 5 5 5 5 5][ 5 5 5 5 5 5 5 5 5 5][ 5 5 5 5 5 5 5 5 5 5][ 5 5 5 5 5 5 5 5 5 5][ 5 5 5 5 5 5 5 5 5 5][ 5 5 5 5 5 5 5 5 5 5][ 5 5 5 5 5 5 5 5 5 5][ 5 5 5 5 5 5 5 5 5 5][ 5 5 5 5 5 5 5 5 5 5]]
up[[ 3 3 3 3 3 3 3 3 3 3][ 0 0 0 0 0 0 0 0 0 0][ 0 0 0 0 0 0 0 0 0 0][ 0 0 0 0 0 0 0 0 0 0][ 0 0 0 0 0 0 0 0 0 0][ 0 0 0 0 0 0 0 0 0 0][ 0 0 0 0 0 0 0 0 0 0][ 0 0 0 0 0 0 0 0 0 0][ 0 0 0 0 0 0 0 0 0 0][ 0 0 0 0 0 0 0 0 0 0]]

accion:L0
coste de la accion: 1
back[[ 0 0 0 0 0 0 0 0 0 0][ 3 3 3 3 3 3 3 3 3 3][ 3 3 3 3 3 3 3 3 3 3][ 3 3 3 3 3 3 3 3 3 3][ 3 3 3 3 3 3 3 3 3 3][ 3 3 3 3 3 3 3 3 3 3][ 3 3 3 3 3 3 3 3 3 3][ 3 3 3 3 3 3 3 3 3 3][ 3 3 3 3 3 3 3 3 3 3][ 3 3 3 3 3 3 3 3 3 3]]
down[[ 3 3 3 3 3 3 3 3 3 3][ 1 1 1 1 1 1 1 1 1 1][ 1 1 1 1 1 1 1 1 1 1][ 1 1 1 1 1 1 1 1 1 1][ 1 1 1 1 1 1 1 1 1 1][ 1 1 1 1 1 1 1 1 1 1][ 1 1 1 1 1 1 1 1 1 1][ 1 1 1 1 1 1 1 1 1 1][ 1 1 1 1 1 1 1 1 1 1][ 1 1 1 1 1 1 1 1 1 1]]
front[[ 1 1 1 1 1 1 1 1 1 1][ 2 2 2 2 2 2 2 2 2 2][ 2 2 2 2 2 2 2 2 2 2][ 2 2 2 2 2 2 2 2 2 2][ 2 2 2 2 2 2 2 2 2 2][ 2 2 2 2 2 2 2 2 2 2][ 2 2 2 2 2 2 2 2 2 2][ 2 2 2 2 2 2 2 2 2 2][ 2 2 2 2 2 2 2 2 2 2][ 2 2 2 2 2 2 2 2 2 2]]
left[[ 4 4 4 4 4 4 4 4 4 4][ 4 4 4 4 4 4 4 4 4 4][ 4 4 4 4 4 4 4 4 4 4][ 4 4 4 4 4 4 4 4 4 4][ 4 4 4 4 4 4 4 4 4 4][ 4 4 4 4 4 4 4 4 4 4][ 4 4 4 4 4 4 4 4 4 4][ 4 4 4 4 4 4 4 4 4 4][ 4 4 4 4 4 4 4 4 4 4][ 4 4 4 4 4 4 4 4 4 4]]
right[[ 5 5 5 5 5 5 5 5 5 5][ 5 5 5 5 5 5 5 5 5 5][ 5 5 5 5 5 5 5 5 5 5][ 5 5 5 5 5 5 5 5 5 5][ 5 5 5 5 5 5 5 5 5 5][ 5 5 5 5 5 5 5 5 5 5][ 5 5 5 5 5 5 5 5 5 5][ 5 5 5 5 5 5 5 5 5 5][ 5 5 5 5 5 5 5 5 5 5][ 5 5 5 5 5 5 5 5 5 5]]
up[[ 2 2 2 2 2 2 2 2 2 2][ 0 0 0 0 0 0 0 0 0 0][ 0 0 0 0 0 0 0 0 0 0][ 0 0 0 0 0 0 0 0 0 0][ 0 0 0 0 0 0 0 0 0 0][ 0 0 0 0 0 0 0 0 0 0][ 0 0 0 0 0 0 0 0 0 0][ 0 0 0 0 0 0 0 0 0 0][ 0 0 0 0 0 0 0 0 0 0][ 0 0 0 0 0 0 0 0 0 0]]

accion:l0
coste de la accion: 1
back[[ 3 3 3 3 3 3 3 3 3 3][ 3 3 3 3 3 3 3 3 3 3][ 3 3 3 3 3 3 3 3 3 3][ 3 3 3 3 3 3 3 3 3 3][ 3 3 3 3 3 3 3 3 3 3][ 3 3 3 3 3 3 3 3 3 3][ 3 3 3 3 3 3 3 3 3 3][ 3 3 3 3 3 3 3 3 3 3][ 3 3 3 3 3 3 3 3 3 3][ 3 3 3 3 3 3 3 3 3 3]]
down[[ 1 1 1 1 1 1 1 1 1 1][ 4 4 4 4 4 4 4 4 4 4][ 1 1 1 1 1 1 1 1 1 1][ 1 1 1 1 1 1 1 1 1 1][ 1 1 1 1 1 1 1 1 1 1][ 1 1 1 1 1 1 1 1 1 1][ 1 1 1 1 1 1 1 1 1 1][ 1 1 1 1 1 1 1 1 1 1][ 1 1 1 1 1 1 1 1 1 1][ 1 1 1 1 1 1 1 1 1 1]]
front[[ 2 2 2 2 2 2 2 2 2 2][ 2 2 2 2 2 2 2 2 2 2][ 2 2 2 2 2 2 2 2 2 2][ 2 2 2 2 2 2 2 2 2 2][ 2 2 2 2 2 2 2 2 2 2][ 2 2 2 2 2 2 2 2 2 2][ 2 2 2 2 2 2 2 2 2 2][ 2 2 2 2 2 2 2 2 2 2][ 2 2 2 2 2 2 2 2 2 2][ 2 2 2 2 2 2 2 2 2 2]]
left[[ 4 4 4 4 4 4 4 4 4 4][ 0 0 0 0 0 0 0 0 0 0][ 4 4 4 4 4 4 4 4 4 4][ 4 4 4 4 4 4 4 4 4 4][ 4 4 4 4 4 4 4 4 4 4][ 4 4 4 4 4 4 4 4 4 4][ 4 4 4 4 4 4 4 4 4 4][ 4 4 4 4 4 4 4 4 4 4][ 4 4 4 4 4 4 4 4 4 4][ 4 4 4 4 4 4 4 4 4 4]]
right[[ 5 5 5 5 5 5 5 5 5 5][ 1 1 1 1 1 1 1 1 1 1][ 5 5 5 5 5 5 5 5 5 5][ 5 5 5 5 5 5 5 5 5 5][ 5 5 5 5 5 5 5 5 5 5][ 5 5 5 5 5 5 5 5 5 5][ 5 5 5 5 5 5 5 5 5 5][ 5 5 5 5 5 5 5 5 5 5][ 5 5 5 5 5 5 5 5 5 5][ 5 5 5 5 5 5 5 5 5 5]]
up[[ 0 0 0 0 0 0 0 0 0 0][ 5 5 5 5 5 5 5 5 5 5][ 0 0 0 0 0 0 0 0 0 0][ 0 0 0 0 0 0 0 0 0 0][ 0 0 0 0 0 0 0 0 0 0][ 0 0 0 0 0 0 0 0 0 0][ 0 0 0 0 0 0 0 0 0 0][ 0 0 0 0 0 0 0 0 0 0][ 0 0 0 0 0 0 0 0 0 0][ 0 0 0 0 0 0 0 0 0 0]]

accion:B1
coste de la accion: 1
back[[ 3 3 3 3 3 3 3 3 3 3][ 3 3 3 3 3 3 3 3 3 3][ 3 3 3 3 3 3 3 3 3 3][ 3 3 3 3 3 3 3 3 3 3][ 3 3 3 3 3 3 3 3 3 3][ 3 3 3 3 3 3 3 3 3 3][ 3 3 3 3 3 3 3 3 3 3][ 3 3 3 3 3 3 3 3 3 3][ 3 3 3 3 3 3 3 3 3 3][ 3 3 3 3 3 3 3 3 3 3]]
down[[ 1 1 1 1 1 1 1 1 1 1][ 5 5 5 5 5 5 5 5 5 5][ 1 1 1 1 1 1 1 1 1 1][ 1 1 1 1 1 1 1 1 1 1][ 1 1 1 1 1 1 1 1 1 1][ 1 1 1 1 1 1 1 1 1 1][ 1 1 1 1 1 1 1 1 1 1][ 1 1 1 1 1 1 1 1 1 1][ 1 1 1 1 1 1 1 1 1 1][ 1 1 1 1 1 1 1 1 1 1]]
front[[ 2 2 2 2 2 2 2 2 2 2][ 2 2 2 2 2 2 2 2 2 2][ 2 2 2 2 2 2 2 2 2 2][ 2 2 2 2 2 2 2 2 2 2][ 2 2 2 2 2 2 2 2 2 2][ 2 2 2 2 2 2 2 2 2 2][ 2 2 2 2 2 2 2 2 2 2][ 2 2 2 2 2 2 2 2 2 2][ 2 2 2 2 2 2 2 2 2 2][ 2 2 2 2 2 2 2 2 2 2]]
left[[ 4 4 4 4 4 4 4 4 4 4][ 1 1 1 1 1 1 1 1 1 1][ 4 4 4 4 4 4 4 4 4 4][ 4 4 4 4 4 4 4 4 4 4][ 4 4 4 4 4 4 4 4 4 4][ 4 4 4 4 4 4 4 4 4 4][ 4 4 4 4 4 4 4 4 4 4][ 4 4 4 4 4 4 4 4 4 4][ 4 4 4 4 4 4 4 4 4 4][ 4 4 4 4 4 4 4 4 4 4]]
right[[ 5 5 5 5 5 5 5 5 5 5][ 0 0 0 0 0 0 0 0 0 0][ 5 5 5 5 5 5 5 5 5 5][ 5 5 5 5 5 5 5 5 5 5][ 5 5 5 5 5 5 5 5 5 5][ 5 5 5 5 5 5 5 5 5 5][ 5 5 5 5 5 5 5 5 5 5][ 5 5 5 5 5 5 5 5 5 5][ 5 5 5 5 5 5 5 5 5 5][ 5 5 5 5 5 5 5 5 5 5]]
up[[ 0 0 0 0 0 0 0 0 0 0][ 4 4 4 4 4 4 4 4 4 4][ 0 0 0 0 0 0 0 0 0 0][ 0 0 0 0 0 0 0 0 0 0][ 0 0 0 0 0 0 0 0 0 0][ 0 0 0 0 0 0 0 0 0 0][ 0 0 0 0 0 0 0 0 0 0][ 0 0 0 0 0 0 0 0 0 0][ 0 0 0 0 0 0 0 0 0 0][ 0 0 0 0 0 0 0 0 0 0]]

accion:b1
coste de la accion: 1
back[[ 3 3 3 3 3 3 3 3 3 3][ 4 4 4 4 4 4 4 4 4 4][ 3 3 3 3 3 3 3 3 3 3][ 3 3 3 3 3 3 3 3 3 3][ 3 3 3 3 3 3 3 3 3 3][ 3 3 3 3 3 3 3 3 3 3][ 3 3 3 3 3 3 3 3 3 3][ 3 3 3 3 3 3 3 3 3 3][ 3 3 3 3 3 3 3 3 3 3][ 3 3 3 3 3 3 3 3 3 3]]
down[[ 1 1 1 1 1 1 1 1 1 1][ 1 1 1 1 1 1 1 1 1 1][ 1 1 1 1 1 1 1 1 1 1][ 1 1 1 1 1 1 1 1 1 1][ 1 1 1 1 1 1 1 1 1 1][ 1 1 1 1 1 1 1 1 1 1][ 1 1 1 1 1 1 1 1 1 1][ 1 1 1 1 1 1 1 1 1 1][ 1 1 1 1 1 1 1 1 1 1][ 1 1 1 1 1 1 1 1 1 1]]
front[[ 2 2 2 2 2 2 2 2 2 2][ 5 5 5 5 5 5 5 5 5 5][ 2 2 2 2 2 2 2 2 2 2][ 2 2 2 2 2 2 2 2 2 2][ 2 2 2 2 2 2 2 2 2 2][ 2 2 2 2 2 2 2 2 2 2][ 2 2 2 2 2 2 2 2 2 2][ 2 2 2 2 2 2 2 2 2 2][ 2 2 2 2 2 2 2 2 2 2][ 2 2 2 2 2 2 2 2 2 2]]
left[[ 4 4 4 4 4 4 4 4 4 4][ 2 2 2 2 2 2 2 2 2 2][ 4 4 4 4 4 4 4 4 4 4][ 4 4 4 4 4 4 4 4 4 4][ 4 4 4 4 4 4 4 4 4 4][ 4 4 4 4 4 4 4 4 4 4][ 4 4 4 4 4 4 4 4 4 4][ 4 4 4 4 4 4 4 4 4 4][ 4 4 4 4 4 4 4 4 4 4][ 4 4 4 4 4 4 4 4 4 4]]
right[[ 5 5 5 5 5 5 5 5 5 5][ 3 3 3 3 3 3 3 3 3 3][ 5 5 5 5 5 5 5 5 5 5][ 5 5 5 5 5 5 5 5 5 5][ 5 5 5 5 5 5 5 5 5 5][ 5 5 5 5 5 5 5 5 5 5][ 5 5 5 5 5 5 5 5 5 5][ 5 5 5 5 5 5 5 5 5 5][ 5 5 5 5 5 5 5 5 5 5][ 5 5 5 5 5 5 5 5 5 5]]
up[[ 0 0 0 0 0 0 0 0 0 0][ 0 0 0 0 0 0 0 0 0 0][ 0 0 0 0 0 0 0 0 0 0][ 0 0 0 0 0 0 0 0 0 0][ 0 0 0 0 0 0 0 0 0 0][ 0 0 0 0 0 0 0 0 0 0][ 0 0 0 0 0 0 0 0 0 0][ 0 0 0 0 0 0 0 0 0 0][ 0 0 0 0 0 0 0 0 0 0][ 0 0 0 0 0 0 0 0 0 0]]

accion:D1
coste de la accion: 1
back[[ 3 3 3 3 3 3 3 3 3 3][ 5 5 5 5 5 5 5 5 5 5][ 3 3 3 3 3 3 3 3 3 3][ 3 3 3 3 3 3 3 3 3 3][ 3 3 3 3 3 3 3 3 3 3][ 3 3 3 3 3 3 3 3 3 3][ 3 3 3 3 3 3 3 3 3 3][ 3 3 3 3 3 3 3 3 3 3][ 3 3 3 3 3 3 3 3 3 3][ 3 3 3 3 3 3 3 3 3 3]]
down[[ 1 1 1 1 1 1 1 1 1 1][ 1 1 1 1 1 1 1 1 1 1][ 1 1 1 1 1 1 1 1 1 1][ 1 1 1 1 1 1 1 1 1 1][ 1 1 1 1 1 1 1 1 1 1][ 1 1 1 1 1 1 1 1 1 1][ 1 1 1 1 1 1 1 1 1 1][ 1 1 1 1 1 1 1 1 1 1][ 1 1 1 1 1 1 1 1 1 1][ 1 1 1 1 1 1 1 1 1 1]]
front[[ 2 2 2 2 2 2 2 2 2 2][ 4 4 4 4 4 4 4 4 4 4][ 2 2 2 2 2 2 2 2 2 2][ 2 2 2 2 2 2 2 2 2 2][ 2 2 2 2 2 2 2 2 2 2][ 2 2 2 2 2 2 2 2 2 2][ 2 2 2 2 2 2 2 2 2 2][ 2 2 2 2 2 2 2 2 2 2][ 2 2 2 2 2 2 2 2 2 2][ 2 2 2 2 2 2 2 2 2 2]]
left[[ 4 4 4 4 4 4 4 4 4 4][ 3 3 3 3 3 3 3 3 3 3][ 4 4 4 4 4 4 4 4 4 4][ 4 4 4 4 4 4 4 4 4 4][ 4 4 4 4 4 4 4 4 4 4][ 4 4 4 4 4 4 4 4 4 4][ 4 4 4 4 4 4 4 4 4 4][ 4 4 4 4 4 4 4 4 4 4][ 4 4 4 4 4 4 4 4 4 4][ 4 4 4 4 4 4 4 4 4 4]]
right[[ 5 5 5 5 5 5 5 5 5 5][ 2 2 2 2 2 2 2 2 2 2][ 5 5 5 5 5 5 5 5 5 5][ 5 5 5 5 5 5 5 5 5 5][ 5 5 5 5 5 5 5 5 5 5][ 5 5 5 5 5 5 5 5 5 5][ 5 5 5 5 5 5 5 5 5 5][ 5 5 5 5 5 5 5 5 5 5][ 5 5 5 5 5 5 5 5 5 5][ 5 5 5 5 5 5 5 5 5 5]]
up[[ 0 0 0 0 0 0 0 0 0 0][ 0 0 0 0 0 0 0 0 0 0][ 0 0 0 0 0 0 0 0 0 0][ 0 0 0 0 0 0 0 0 0 0][ 0 0 0 0 0 0 0 0 0 0][ 0 0 0 0 0 0 0 0 0 0][ 0 0 0 0 0 0 0 0 0 0][ 0 0 0 0 0 0 0 0 0 0][ 0 0 0 0 0 0 0 0 0 0][ 0 0 0 0 0 0 0 0 0 0]]

accion:d1
coste de la accion: 1
back[[ 3 3 3 3 3 3 3 3 3 3][ 1 1 1 1 1 1 1 1 1 1][ 3 3 3 3 3 3 3 3 3 3][ 3 3 3 3 3 3 3 3 3 3][ 3 3 3 3 3 3 3 3 3 3][ 3 3 3 3 3 3 3 3 3 3][ 3 3 3 3 3 3 3 3 3 3][ 3 3 3 3 3 3 3 3 3 3][ 3 3 3 3 3 3 3 3 3 3][ 3 3 3 3 3 3 3 3 3 3]]
down[[ 1 1 1 1 1 1 1 1 1 1][ 2 2 2 2 2 2 2 2 2 2][ 1 1 1 1 1 1 1 1 1 1][ 1 1 1 1 1 1 1 1 1 1][ 1 1 1 1 1 1 1 1 1 1][ 1 1 1 1 1 1 1 1 1 1][ 1 1 1 1 1 1 1 1 1 1][ 1 1 1 1 1 1 1 1 1 1][ 1 1 1 1 1 1 1 1 1 1][ 1 1 1 1 1 1 1 1 1 1]]
front[[ 2 2 2 2 2 2 2 2 2 2][ 0 0 0 0 0 0 0 0 0 0][ 2 2 2 2 2 2 2 2 2 2][ 2 2 2 2 2 2 2 2 2 2][ 2 2 2 2 2 2 2 2 2 2][ 2 2 2 2 2 2 2 2 2 2][ 2 2 2 2 2 2 2 2 2 2][ 2 2 2 2 2 2 2 2 2 2][ 2 2 2 2 2 2 2 2 2 2][ 2 2 2 2 2 2 2 2 2 2]]
left[[ 4 4 4 4 4 4 4 4 4 4][ 4 4 4 4 4 4 4 4 4 4][ 4 4 4 4 4 4 4 4 4 4][ 4 4 4 4 4 4 4 4 4 4][ 4 4 4 4 4 4 4 4 4 4][ 4 4 4 4 4 4 4 4 4 4][ 4 4 4 4 4 4 4 4 4 4][ 4 4 4 4 4 4 4 4 4 4][ 4 4 4 4 4 4 4 4 4 4][ 4 4 4 4 4 4 4 4 4 4]]
right[[ 5 5 5 5 5 5 5 5 5 5][ 5 5 5 5 5 5 5 5 5 5][ 5 5 5 5 5 5 5 5 5 5][ 5 5 5 5 5 5 5 5 5 5][ 5 5 5 5 5 5 5 5 5 5][ 5 5 5 5 5 5 5 5 5 5][ 5 5 5 5 5 5 5 5 5 5][ 5 5 5 5 5 5 5 5 5 5][ 5 5 5 5 5 5 5 5 5 5][ 5 5 5 5 5 5 5 5 5 5]]
up[[ 0 0 0 0 0 0 0 0 0 0][ 3 3 3 3 3 3 3 3 3 3][ 0 0 0 0 0 0 0 0 0 0][ 0 0 0 0 0 0 0 0 0 0][ 0 0 0 0 0 0 0 0 0 0][ 0 0 0 0 0 0 0 0 0 0][ 0 0 0 0 0 0 0 0 0 0][ 0 0 0 0 0 0 0 0 0 0][ 0 0 0 0 0 0 0 0 0 0][ 0 0 0 0 0 0 0 0 0 0]]

accion:L1
coste de la accion: 1
back[[ 3 3 3 3 3 3 3 3 3 3][ 0 0 0 0 0 0 0 0 0 0][ 3 3 3 3 3 3 3 3 3 3][ 3 3 3 3 3 3 3 3 3 3][ 3 3 3 3 3 3 3 3 3 3][ 3 3 3 3 3 3 3 3 3 3][ 3 3 3 3 3 3 3 3 3 3][ 3 3 3 3 3 3 3 3 3 3][ 3 3 3 3 3 3 3 3 3 3][ 3 3 3 3 3 3 3 3 3 3]]
down[[ 1 1 1 1 1 1 1 1 1 1][ 3 3 3 3 3 3 3 3 3 3][ 1 1 1 1 1 1 1 1 1 1][ 1 1 1 1 1 1 1 1 1 1][ 1 1 1 1 1 1 1 1 1 1][ 1 1 1 1 1 1 1 1 1 1][ 1 1 1 1 1 1 1 1 1 1][ 1 1 1 1 1 1 1 1 1 1][ 1 1 1 1 1 1 1 1 1 1][ 1 1 1 1 1 1 1 1 1 1]]
front[[ 2 2 2 2 2 2 2 2 2 2][ 1 1 1 1 1 1 1 1 1 1][ 2 2 2 2 2 2 2 2 2 2][ 2 2 2 2 2 2 2 2 2 2][ 2 2 2 2 2 2 2 2 2 2][ 2 2 2 2 2 2 2 2 2 2][ 2 2 2 2 2 2 2 2 2 2][ 2 2 2 2 2 2 2 2 2 2][ 2 2 2 2 2 2 2 2 2 2][ 2 2 2 2 2 2 2 2 2 2]]
left[[ 4 4 4 4 4 4 4 4 4 4][ 4 4 4 4 4 4 4 4 4 4][ 4 4 4 4 4 4 4 4 4 4][ 4 4 4 4 4 4 4 4 4 4][ 4 4 4 4 4 4 4 4 4 4][ 4 4 4 4 4 4 4 4 4 4][ 4 4 4 4 4 4 4 4 4 4][ 4 4 4 4 4 4 4 4 4 4][ 4 4 4 4 4 4 4 4 4 4][ 4 4 4 4 4 4 4 4 4 4]]
right[[ 5 5 5 5 5 5 5 5 5 5][ 5 5 5 5 5 5 5 5 5 5][ 5 5 5 5 5 5 5 5 5 5][ 5 5 5 5 5 5 5 5 5 5][ 5 5 5 5 5 5 5 5 5 5][ 5 5 5 5 5 5 5 5 5 5][ 5 5 5 5 5 5 5 5 5 5][ 5 5 5 5 5 5 5 5 5 5][ 5 5 5 5 5 5 5 5 5 5][ 5 5 5 5 5 5 5 5 5 5]]
up[[ 0 0 0 0 0 0 0 0 0 0][ 2 2 2 2 2 2 2 2 2 2][ 0 0 0 0 0 0 0 0 0 0][ 0 0 0 0 0 0 0 0 0 0][ 0 0 0 0 0 0 0 0 0 0][ 0 0 0 0 0 0 0 0 0 0][ 0 0 0 0 0 0 0 0 0 0][ 0 0 0 0 0 0 0 0 0 0][ 0 0 0 0 0 0 0 0 0 0][ 0 0 0 0 0 0 0 0 0 0]]

accion:l1
coste de la accion: 1
back[[ 3 3 3 3 3 3 3 3 3 3][ 3 3 3 3 3 3 3 3 3 3][ 3 3 3 3 3 3 3 3 3 3][ 3 3 3 3 3 3 3 3 3 3][ 3 3 3 3 3 3 3 3 3 3][ 3 3 3 3 3 3 3 3 3 3][ 3 3 3 3 3 3 3 3 3 3][ 3 3 3 3 3 3 3 3 3 3][ 3 3 3 3 3 3 3 3 3 3][ 3 3 3 3 3 3 3 3 3 3]]
down[[ 1 1 1 1 1 1 1 1 1 1][ 1 1 1 1 1 1 1 1 1 1][ 4 4 4 4 4 4 4 4 4 4][ 1 1 1 1 1 1 1 1 1 1][ 1 1 1 1 1 1 1 1 1 1][ 1 1 1 1 1 1 1 1 1 1][ 1 1 1 1 1 1 1 1 1 1][ 1 1 1 1 1 1 1 1 1 1][ 1 1 1 1 1 1 1 1 1 1][ 1 1 1 1 1 1 1 1 1 1]]
front[[ 2 2 2 2 2 2 2 2 2 2][ 2 2 2 2 2 2 2 2 2 2][ 2 2 2 2 2 2 2 2 2 2][ 2 2 2 2 2 2 2 2 2 2][ 2 2 2 2 2 2 2 2 2 2][ 2 2 2 2 2 2 2 2 2 2][ 2 2 2 2 2 2 2 2 2 2][ 2 2 2 2 2 2 2 2 2 2][ 2 2 2 2 2 2 2 2 2 2][ 2 2 2 2 2 2 2 2 2 2]]
left[[ 4 4 4 4 4 4 4 4 4 4][ 4 4 4 4 4 4 4 4 4 4][ 0 0 0 0 0 0 0 0 0 0][ 4 4 4 4 4 4 4 4 4 4][ 4 4 4 4 4 4 4 4 4 4][ 4 4 4 4 4 4 4 4 4 4][ 4 4 4 4 4 4 4 4 4 4][ 4 4 4 4 4 4 4 4 4 4][ 4 4 4 4 4 4 4 4 4 4][ 4 4 4 4 4 4 4 4 4 4]]
right[[ 5 5 5 5 5 5 5 5 5 5][ 5 5 5 5 5 5 5 5 5 5][ 1 1 1 1 1 1 1 1 1 1][ 5 5 5 5 5 5 5 5 5 5][ 5 5 5 5 5 5 5 5 5 5][ 5 5 5 5 5 5 5 5 5 5][ 5 5 5 5 5 5 5 5 5 5][ 5 5 5 5 5 5 5 5 5 5][ 5 5 5 5 5 5 5 5 5 5][ 5 5 5 5 5 5 5 5 5 5]]
up[[ 0 0 0 0 0 0 0 0 0 0][ 0 0 0 0 0 0 0 0 0 0][ 5 5 5 5 5 5 5 5 5 5][ 0 0 0 0 0 0 0 0 0 0][ 0 0 0 0 0 0 0 0 0 0][ 0 0 0 0 0 0 0 0 0 0][ 0 0 0 0 0 0 0 0 0 0][ 0 0 0 0 0 0 0 0 0 0][ 0 0 0 0 0 0 0 0 0 0][ 0 0 0 0 0 0 0 0 0 0]]

accion:B2
coste de la accion: 1
back[[ 3 3 3 3 3 3 3 3 3 3][ 3 3 3 3 3 3 3 3 3 3][ 3 3 3 3 3 3 3 3 3 3][ 3 3 3 3 3 3 3 3 3 3][ 3 3 3 3 3 3 3 3 3 3][ 3 3 3 3 3 3 3 3 3 3][ 3 3 3 3 3 3 3 3 3 3][ 3 3 3 3 3 3 3 3 3 3][ 3 3 3 3 3 3 3 3 3 3][ 3 3 3 3 3 3 3 3 3 3]]
down[[ 1 1 1 1 1 1 1 1 1 1][ 1 1 1 1 1 1 1 1 1 1][ 5 5 5 5 5 5 5 5 5 5][ 1 1 1 1 1 1 1 1 1 1][ 1 1 1 1 1 1 1 1 1 1][ 1 1 1 1 1 1 1 1 1 1][ 1 1 1 1 1 1 1 1 1 1][ 1 1 1 1 1 1 1 1 1 1][ 1 1 1 1 1 1 1 1 1 1][ 1 1 1 1 1 1 1 1 1 1]]
front[[ 2 2 2 2 2 2 2 2 2 2][ 2 2 2 2 2 2 2 2 2 2][ 2 2 2 2 2 2 2 2 2 2][ 2 2 2 2 2 2 2 2 2 2][ 2 2 2 2 2 2 2 2 2 2][ 2 2 2 2 2 2 2 2 2 2][ 2 2 2 2 2 2 2 2 2 2][ 2 2 2 2 2 2 2 2 2 2][ 2 2 2 2 2 2 2 2 2 2][ 2 2 2 2 2 2 2 2 2 2]]
left[[ 4 4 4 4 4 4 4 4 4 4][ 4 4 4 4 4 4 4 4 4 4][ 1 1 1 1 1 1 1 1 1 1][ 4 4 4 4 4 4 4 4 4 4][ 4 4 4 4 4 4 4 4 4 4][ 4 4 4 4 4 4 4 4 4 4][ 4 4 4 4 4 4 4 4 4 4][ 4 4 4 4 4 4 4 4 4 4][ 4 4 4 4 4 4 4 4 4 4][ 4 4 4 4 4 4 4 4 4 4]]
right[[ 5 5 5 5 5 5 5 5 5 5][ 5 5 5 5 5 5 5 5 5 5][ 0 0 0 0 0 0 0 0 0 0][ 5 5 5 5 5 5 5 5 5 5][ 5 5 5 5 5 5 5 5 5 5][ 5 5 5 5 5 5 5 5 5 5][ 5 5 5 5 5 5 5 5 5 5][ 5 5 5 5 5 5 5 5 5 5][ 5 5 5 5 5 5 5 5 5 5][ 5 5 5 5 5 5 5 5 5 5]]
up[[ 0 0 0 0 0 0 0 0 0 0][ 0 0 0 0 0 0 0 0 0 0][ 4 4 4 4 4 4 4 4 4 4][ 0 0 0 0 0 0 0 0 0 0][ 0 0 0 0 0 0 0 0 0 0][ 0 0 0 0 0 0 0 0 0 0][ 0 0 0 0 0 0 0 0 0 0][ 0 0 0 0 0 0 0 0 0 0][ 0 0 0 0 0 0 0 0 0 0][ 0 0 0 0 0 0 0 0 0 0]]

accion:b2
coste de la accion: 1
back[[ 3 3 3 3 3 3 3 3 3 3][ 3 3 3 3 3 3 3 3 3 3][ 4 4 4 4 4 4 4 4 4 4][ 3 3 3 3 3 3 3 3 3 3][ 3 3 3 3 3 3 3 3 3 3][ 3 3 3 3 3 3 3 3 3 3][ 3 3 3 3 3 3 3 3 3 3][ 3 3 3 3 3 3 3 3 3 3][ 3 3 3 3 3 3 3 3 3 3][ 3 3 3 3 3 3 3 3 3 3]]
down[[ 1 1 1 1 1 1 1 1 1 1][ 1 1 1 1 1 1 1 1 1 1][ 1 1 1 1 1 1 1 1 1 1][ 1 1 1 1 1 1 1 1 1 1][ 1 1 1 1 1 1 1 1 1 1][ 1 1 1 1 1 1 1 1 1 1][ 1 1 1 1 1 1 1 1 1 1][ 1 1 1 1 1 1 1 1 1 1][ 1 1 1 1 1 1 1 1 1 1][ 1 1 1 1 1 1 1 1 1 1]]
front[[ 2 2 2 2 2 2 2 2 2 2][ 2 2 2 2 2 2 2 2 2 2][ 5 5 5 5 5 5 5 5 5 5][ 2 2 2 2 2 2 2 2 2 2][ 2 2 2 2 2 2 2 2 2 2][ 2 2 2 2 2 2 2 2 2 2][ 2 2 2 2 2 2 2 2 2 2][ 2 2 2 2 2 2 2 2 2 2][ 2 2 2 2 2 2 2 2 2 2][ 2 2 2 2 2 2 2 2 2 2]]
left[[ 4 4 4 4 4 4 4 4 4 4][ 4 4 4 4 4 4 4 4 4 4][ 2 2 2 2 2 2 2 2 2 2][ 4 4 4 4 4 4 4 4 4 4][ 4 4 4 4 4 4 4 4 4 4][ 4 4 4 4 4 4 4 4 4 4][ 4 4 4 4 4 4 4 4 4 4][ 4 4 4 4 4 4 4 4 4 4][ 4 4 4 4 4 4 4 4 4 4][ 4 4 4 4 4 4 4 4 4 4]]
right[[ 5 5 5 5 5 5 5 5 5 5][ 5 5 5 5 5 5 5 5 5 5][ 3 3 3 3 3 3 3 3 3 3][ 5 5 5 5 5 5 5 5 5 5][ 5 5 5 5 5 5 5 5 5 5][ 5 5 5 5 5 5 5 5 5 5][ 5 5 5 5 5 5 5 5 5 5][ 5 5 5 5 5 5 5 5 5 5][ 5 5 5 5 5 5 5 5 5 5][ 5 5 5 5 5 5 5 5 5 5]]
up[[ 0 0 0 0 0 0 0 0 0 0][ 0 0 0 0 0 0 0 0 0 0][ 0 0 0 0 0 0 0 0 0 0][ 0 0 0 0 0 0 0 0 0 0][ 0 0 0 0 0 0 0 0 0 0][ 0 0 0 0 0 0 0 0 0 0][ 0 0 0 0 0 0 0 0 0 0][ 0 0 0 0 0 0 0 0 0 0][ 0 0 0 0 0 0 0 0 0 0][ 0 0 0 0 0 0 0 0 0 0]]

accion:D2
coste de la accion: 1
back[[ 3 3 3 3 3 3 3 3 3 3][ 3 3 3 3 3 3 3 3 3 3][ 5 5 5 5 5 5 5 5 5 5][ 3 3 3 3 3 3 3 3 3 3][ 3 3 3 3 3 3 3 3 3 3][ 3 3 3 3 3 3 3 3 3 3][ 3 3 3 3 3 3 3 3 3 3][ 3 3 3 3 3 3 3 3 3 3][ 3 3 3 3 3 3 3 3 3 3][ 3 3 3 3 3 3 3 3 3 3]]
down[[ 1 1 1 1 1 1 1 1 1 1][ 1 1 1 1 1 1 1 1 1 1][ 1 1 1 1 1 1 1 1 1 1][ 1 1 1 1 1 1 1 1 1 1][ 1 1 1 1 1 1 1 1 1 1][ 1 1 1 1 1 1 1 1 1 1][ 1 1 1 1 1 1 1 1 1 1][ 1 1 1 1 1 1 1 1 1 1][ 1 1 1 1 1 1 1 1 1 1][ 1 1 1 1 1 1 1 1 1 1]]
front[[ 2 2 2 2 2 2 2 2 2 2][ 2 2 2 2 2 2 2 2 2 2][ 4 4 4 4 4 4 4 4 4 4][ 2 2 2 2 2 2 2 2 2 2][ 2 2 2 2 2 2 2 2 2 2][ 2 2 2 2 2 2 2 2 2 2][ 2 2 2 2 2 2 2 2 2 2][ 2 2 2 2 2 2 2 2 2 2][ 2 2 2 2 2 2 2 2 2 2][ 2 2 2 2 2 2 2 2 2 2]]
left[[ 4 4 4 4 4 4 4 4 4 4][ 4 4 4 4 4 4 4 4 4 4][ 3 3 3 3 3 3 3 3 3 3][ 4 4 4 4 4 4 4 4 4 4][ 4 4 4 4 4 4 4 4 4 4][ 4 4 4 4 4 4 4 4 4 4][ 4 4 4 4 4 4 4 4 4 4][ 4 4 4 4 4 4 4 4 4 4][ 4 4 4 4 4 4 4 4 4 4][ 4 4 4 4 4 4 4 4 4 4]]
right[[ 5 5 5 5 5 5 5 5 5 5][ 5 5 5 5 5 5 5 5 5 5][ 2 2 2 2 2 2 2 2 2 2][ 5 5 5 5 5 5 5 5 5 5][ 5 5 5 5 5 5 5 5 5 5][ 5 5 5 5 5 5 5 5 5 5][ 5 5 5 5 5 5 5 5 5 5][ 5 5 5 5 5 5 5 5 5 5][ 5 5 5 5 5 5 5 5 5 5][ 5 5 5 5 5 5 5 5 5 5]]
up[[ 0 0 0 0 0 0 0 0 0 0][ 0 0 0 0 0 0 0 0 0 0][ 0 0 0 0 0 0 0 0 0 0][ 0 0 0 0 0 0 0 0 0 0][ 0 0 0 0 0 0 0 0 0 0][ 0 0 0 0 0 0 0 0 0 0][ 0 0 0 0 0 0 0 0 0 0][ 0 0 0 0 0 0 0 0 0 0][ 0 0 0 0 0 0 0 0 0 0][ 0 0 0 0 0 0 0 0 0 0]]

accion:d2
coste de la accion: 1
back[[ 3 3 3 3 3 3 3 3 3 3][ 3 3 3 3 3 3 3 3 3 3][ 1 1 1 1 1 1 1 1 1 1][ 3 3 3 3 3 3 3 3 3 3][ 3 3 3 3 3 3 3 3 3 3][ 3 3 3 3 3 3 3 3 3 3][ 3 3 3 3 3 3 3 3 3 3][ 3 3 3 3 3 3 3 3 3 3][ 3 3 3 3 3 3 3 3 3 3][ 3 3 3 3 3 3 3 3 3 3]]
down[[ 1 1 1 1 1 1 1 1 1 1][ 1 1 1 1 1 1 1 1 1 1][ 2 2 2 2 2 2 2 2 2 2][ 1 1 1 1 1 1 1 1 1 1][ 1 1 1 1 1 1 1 1 1 1][ 1 1 1 1 1 1 1 1 1 1][ 1 1 1 1 1 1 1 1 1 1][ 1 1 1 1 1 1 1 1 1 1][ 1 1 1 1 1 1 1 1 1 1][ 1 1 1 1 1 1 1 1 1 1]]
front[[ 2 2 2 2 2 2 2 2 2 2][ 2 2 2 2 2 2 2 2 2 2][ 0 0 0 0 0 0 0 0 0 0][ 2 2 2 2 2 2 2 2 2 2][ 2 2 2 2 2 2 2 2 2 2][ 2 2 2 2 2 2 2 2 2 2][ 2 2 2 2 2 2 2 2 2 2][ 2 2 2 2 2 2 2 2 2 2][ 2 2 2 2 2 2 2 2 2 2][ 2 2 2 2 2 2 2 2 2 2]]
left[[ 4 4 4 4 4 4 4 4 4 4][ 4 4 4 4 4 4 4 4 4 4][ 4 4 4 4 4 4 4 4 4 4][ 4 4 4 4 4 4 4 4 4 4][ 4 4 4 4 4 4 4 4 4 4][ 4 4 4 4 4 4 4 4 4 4][ 4 4 4 4 4 4 4 4 4 4][ 4 4 4 4 4 4 4 4 4 4][ 4 4 4 4 4 4 4 4 4 4][ 4 4 4 4 4 4 4 4 4 4]]
right[[ 5 5 5 5 5 5 5 5 5 5][ 5 5 5 5 5 5 5 5 5 5][ 5 5 5 5 5 5 5 5 5 5][ 5 5 5 5 5 5 5 5 5 5][ 5 5 5 5 5 5 5 5 5 5][ 5 5 5 5 5 5 5 5 5 5][ 5 5 5 5 5 5 5 5 5 5][ 5 5 5 5 5 5 5 5 5 5][ 5 5 5 5 5 5 5 5 5 5][ 5 5 5 5 5 5 5 5 5 5]]
up[[ 0 0 0 0 0 0 0 0 0 0][ 0 0 0 0 0 0 0 0 0 0][ 3 3 3 3 3 3 3 3 3 3][ 0 0 0 0 0 0 0 0 0 0][ 0 0 0 0 0 0 0 0 0 0][ 0 0 0 0 0 0 0 0 0 0][ 0 0 0 0 0 0 0 0 0 0][ 0 0 0 0 0 0 0 0 0 0][ 0 0 0 0 0 0 0 0 0 0][ 0 0 0 0 0 0 0 0 0 0]]

accion:L2
coste de la accion: 1
back[[ 3 3 3 3 3 3 3 3 3 3][ 3 3 3 3 3 3 3 3 3 3][ 0 0 0 0 0 0 0 0 0 0][ 3 3 3 3 3 3 3 3 3 3][ 3 3 3 3 3 3 3 3 3 3][ 3 3 3 3 3 3 3 3 3 3][ 3 3 3 3 3 3 3 3 3 3][ 3 3 3 3 3 3 3 3 3 3][ 3 3 3 3 3 3 3 3 3 3][ 3 3 3 3 3 3 3 3 3 3]]
down[[ 1 1 1 1 1 1 1 1 1 1][ 1 1 1 1 1 1 1 1 1 1][ 3 3 3 3 3 3 3 3 3 3][ 1 1 1 1 1 1 1 1 1 1][ 1 1 1 1 1 1 1 1 1 1][ 1 1 1 1 1 1 1 1 1 1][ 1 1 1 1 1 1 1 1 1 1][ 1 1 1 1 1 1 1 1 1 1][ 1 1 1 1 1 1 1 1 1 1][ 1 1 1 1 1 1 1 1 1 1]]
front[[ 2 2 2 2 2 2 2 2 2 2][ 2 2 2 2 2 2 2 2 2 2][ 1 1 1 1 1 1 1 1 1 1][ 2 2 2 2 2 2 2 2 2 2][ 2 2 2 2 2 2 2 2 2 2][ 2 2 2 2 2 2 2 2 2 2][ 2 2 2 2 2 2 2 2 2 2][ 2 2 2 2 2 2 2 2 2 2][ 2 2 2 2 2 2 2 2 2 2][ 2 2 2 2 2 2 2 2 2 2]]
left[[ 4 4 4 4 4 4 4 4 4 4][ 4 4 4 4 4 4 4 4 4 4][ 4 4 4 4 4 4 4 4 4 4][ 4 4 4 4 4 4 4 4 4 4][ 4 4 4 4 4 4 4 4 4 4][ 4 4 4 4 4 4 4 4 4 4][ 4 4 4 4 4 4 4 4 4 4][ 4 4 4 4 4 4 4 4 4 4][ 4 4 4 4 4 4 4 4 4 4][ 4 4 4 4 4 4 4 4 4 4]]
right[[ 5 5 5 5 5 5 5 5 5 5][ 5 5 5 5 5 5 5 5 5 5][ 5 5 5 5 5 5 5 5 5 5][ 5 5 5 5 5 5 5 5 5 5][ 5 5 5 5 5 5 5 5 5 5][ 5 5 5 5 5 5 5 5 5 5][ 5 5 5 5 5 5 5 5 5 5][ 5 5 5 5 5 5 5 5 5 5][ 5 5 5 5 5 5 5 5 5 5][ 5 5 5 5 5 5 5 5 5 5]]
up[[ 0 0 0 0 0 0 0 0 0 0][ 0 0 0 0 0 0 0 0 0 0][ 2 2 2 2 2 2 2 2 2 2][ 0 0 0 0 0 0 0 0 0 0][ 0 0 0 0 0 0 0 0 0 0][ 0 0 0 0 0 0 0 0 0 0][ 0 0 0 0 0 0 0 0 0 0][ 0 0 0 0 0 0 0 0 0 0][ 0 0 0 0 0 0 0 0 0 0][ 0 0 0 0 0 0 0 0 0 0]]

accion:l2
coste de la accion: 1
back[[ 3 3 3 3 3 3 3 3 3 3][ 3 3 3 3 3 3 3 3 3 3][ 3 3 3 3 3 3 3 3 3 3][ 3 3 3 3 3 3 3 3 3 3][ 3 3 3 3 3 3 3 3 3 3][ 3 3 3 3 3 3 3 3 3 3][ 3 3 3 3 3 3 3 3 3 3][ 3 3 3 3 3 3 3 3 3 3][ 3 3 3 3 3 3 3 3 3 3][ 3 3 3 3 3 3 3 3 3 3]]
down[[ 1 1 1 1 1 1 1 1 1 1][ 1 1 1 1 1 1 1 1 1 1][ 1 1 1 1 1 1 1 1 1 1][ 4 4 4 4 4 4 4 4 4 4][ 1 1 1 1 1 1 1 1 1 1][ 1 1 1 1 1 1 1 1 1 1][ 1 1 1 1 1 1 1 1 1 1][ 1 1 1 1 1 1 1 1 1 1][ 1 1 1 1 1 1 1 1 1 1][ 1 1 1 1 1 1 1 1 1 1]]
front[[ 2 2 2 2 2 2 2 2 2 2][ 2 2 2 2 2 2 2 2 2 2][ 2 2 2 2 2 2 2 2 2 2][ 2 2 2 2 2 2 2 2 2 2][ 2 2 2 2 2 2 2 2 2 2][ 2 2 2 2 2 2 2 2 2 2][ 2 2 2 2 2 2 2 2 2 2][ 2 2 2 2 2 2 2 2 2 2][ 2 2 2 2 2 2 2 2 2 2][ 2 2 2 2 2 2 2 2 2 2]]
left[[ 4 4 4 4 4 4 4 4 4 4][ 4 4 4 4 4 4 4 4 4 4][ 4 4 4 4 4 4 4 4 4 4][ 0 0 0 0 0 0 0 0 0 0][ 4 4 4 4 4 4 4 4 4 4][ 4 4 4 4 4 4 4 4 4 4][ 4 4 4 4 4 4 4 4 4 4][ 4 4 4 4 4 4 4 4 4 4][ 4 4 4 4 4 4 4 4 4 4][ 4 4 4 4 4 4 4 4 4 4]]
right[[ 5 5 5 5 5 5 5 5 5 5][ 5 5 5 5 5 5 5 5 5 5][ 5 5 5 5 5 5 5 5 5 5][ 1 1 1 1 1 1 1 1 1 1][ 5 5 5 5 5 5 5 5 5 5][ 5 5 5 5 5 5 5 5 5 5][ 5 5 5 5 5 5 5 5 5 5][ 5 5 5 5 5 5 5 5 5 5][ 5 5 5 5 5 5 5 5 5 5][ 5 5 5 5 5 5 5 5 5 5]]
up[[ 0 0 0 0 0 0 0 0 0 0][ 0 0 0 0 0 0 0 0 0 0][ 0 0 0 0 0 0 0 0 0 0][ 5 5 5 5 5 5 5 5 5 5][ 0 0 0 0 0 0 0 0 0 0][ 0 0 0 0 0 0 0 0 0 0][ 0 0 0 0 0 0 0 0 0 0][ 0 0 0 0 0 0 0 0 0 0][ 0 0 0 0 0 0 0 0 0 0][ 0 0 0 0 0 0 0 0 0 0]]

accion:B3
coste de la accion: 1
back[[ 3 3 3 3 3 3 3 3 3 3][ 3 3 3 3 3 3 3 3 3 3][ 3 3 3 3 3 3 3 3 3 3][ 3 3 3 3 3 3 3 3 3 3][ 3 3 3 3 3 3 3 3 3 3][ 3 3 3 3 3 3 3 3 3 3][ 3 3 3 3 3 3 3 3 3 3][ 3 3 3 3 3 3 3 3 3 3][ 3 3 3 3 3 3 3 3 3 3][ 3 3 3 3 3 3 3 3 3 3]]
down[[ 1 1 1 1 1 1 1 1 1 1][ 1 1 1 1 1 1 1 1 1 1][ 1 1 1 1 1 1 1 1 1 1][ 5 5 5 5 5 5 5 5 5 5][ 1 1 1 1 1 1 1 1 1 1][ 1 1 1 1 1 1 1 1 1 1][ 1 1 1 1 1 1 1 1 1 1][ 1 1 1 1 1 1 1 1 1 1][ 1 1 1 1 1 1 1 1 1 1][ 1 1 1 1 1 1 1 1 1 1]]
front[[ 2 2 2 2 2 2 2 2 2 2][ 2 2 2 2 2 2 2 2 2 2][ 2 2 2 2 2 2 2 2 2 2][ 2 2 2 2 2 2 2 2 2 2][ 2 2 2 2 2 2 2 2 2 2][ 2 2 2 2 2 2 2 2 2 2][ 2 2 2 2 2 2 2 2 2 2][ 2 2 2 2 2 2 2 2 2 2][ 2 2 2 2 2 2 2 2 2 2][ 2 2 2 2 2 2 2 2 2 2]]
left[[ 4 4 4 4 4 4 4 4 4 4][ 4 4 4 4 4 4 4 4 4 4][ 4 4 4 4 4 4 4 4 4 4][ 1 1 1 1 1 1 1 1 1 1][ 4 4 4 4 4 4 4 4 4 4][ 4 4 4 4 4 4 4 4 4 4][ 4 4 4 4 4 4 4 4 4 4][ 4 4 4 4 4 4 4 4 4 4][ 4 4 4 4 4 4 4 4 4 4][ 4 4 4 4 4 4 4 4 4 4]]
right[[ 5 5 5 5 5 5 5 5 5 5][ 5 5 5 5 5 5 5 5 5 5][ 5 5 5 5 5 5 5 5 5 5][ 0 0 0 0 0 0 0 0 0 0][ 5 5 5 5 5 5 5 5 5 5][ 5 5 5 5 5 5 5 5 5 5][ 5 5 5 5 5 5 5 5 5 5][ 5 5 5 5 5 5 5 5 5 5][ 5 5 5 5 5 5 5 5 5 5][ 5 5 5 5 5 5 5 5 5 5]]
up[[ 0 0 0 0 0 0 0 0 0 0][ 0 0 0 0 0 0 0 0 0 0][ 0 0 0 0 0 0 0 0 0 0][ 4 4 4 4 4 4 4 4 4 4][ 0 0 0 0 0 0 0 0 0 0][ 0 0 0 0 0 0 0 0 0 0][ 0 0 0 0 0 0 0 0 0 0][ 0 0 0 0 0 0 0 0 0 0][ 0 0 0 0 0 0 0 0 0 0][ 0 0 0 0 0 0 0 0 0 0]]

accion:b3
coste de la accion: 1
back[[ 3 3 3 3 3 3 3 3 3 3][ 3 3 3 3 3 3 3 3 3 3][ 3 3 3 3 3 3 3 3 3 3][ 4 4 4 4 4 4 4 4 4 4][ 3 3 3 3 3 3 3 3 3 3][ 3 3 3 3 3 3 3 3 3 3][ 3 3 3 3 3 3 3 3 3 3][ 3 3 3 3 3 3 3 3 3 3][ 3 3 3 3 3 3 3 3 3 3][ 3 3 3 3 3 3 3 3 3 3]]
down[[ 1 1 1 1 1 1 1 1 1 1][ 1 1 1 1 1 1 1 1 1 1][ 1 1 1 1 1 1 1 1 1 1][ 1 1 1 1 1 1 1 1 1 1][ 1 1 1 1 1 1 1 1 1 1][ 1 1 1 1 1 1 1 1 1 1][ 1 1 1 1 1 1 1 1 1 1][ 1 1 1 1 1 1 1 1 1 1][ 1 1 1 1 1 1 1 1 1 1][ 1 1 1 1 1 1 1 1 1 1]]
front[[ 2 2 2 2 2 2 2 2 2 2][ 2 2 2 2 2 2 2 2 2 2][ 2 2 2 2 2 2 2 2 2 2][ 5 5 5 5 5 5 5 5 5 5][ 2 2 2 2 2 2 2 2 2 2][ 2 2 2 2 2 2 2 2 2 2][ 2 2 2 2 2 2 2 2 2 2][ 2 2 2 2 2 2 2 2 2 2][ 2 2 2 2 2 2 2 2 2 2][ 2 2 2 2 2 2 2 2 2 2]]
left[[ 4 4 4 4 4 4 4 4 4 4][ 4 4 4 4 4 4 4 4 4 4][ 4 4 4 4 4 4 4 4 4 4][ 2 2 2 2 2 2 2 2 2 2][ 4 4 4 4 4 4 4 4 4 4][ 4 4 4 4 4 4 4 4 4 4][ 4 4 4 4 4 4 4 4 4 4][ 4 4 4 4 4 4 4 4 4 4][ 4 4 4 4 4 4 4 4 4 4][ 4 4 4 4 4 4 4 4 4 4]]
right[[ 5 5 5 5 5 5 5 5 5 5][ 5 5 5 5 5 5 5 5 5 5][ 5 5 5 5 5 5 5 5 5 5][ 3 3 3 3 3 3 3 3 3 3][ 5 5 5 5 5 5 5 5 5 5][ 5 5 5 5 5 5 5 5 5 5][ 5 5 5 5 5 5 5 5 5 5][ 5 5 5 5 5 5 5 5 5 5][ 5 5 5 5 5 5 5 5 5 5][ 5 5 5 5 5 5 5 5 5 5]]
up[[ 0 0 0 0 0 0 0 0 0 0][ 0 0 0 0 0 0 0 0 0 0][ 0 0 0 0 0 0 0 0 0 0][ 0 0 0 0 0 0 0 0 0 0][ 0 0 0 0 0 0 0 0 0 0][ 0 0 0 0 0 0 0 0 0 0][ 0 0 0 0 0 0 0 0 0 0][ 0 0 0 0 0 0 0 0 0 0][ 0 0 0 0 0 0 0 0 0 0][ 0 0 0 0 0 0 0 0 0 0]]

accion:D3
coste de la accion: 1
back[[ 3 3 3 3 3 3 3 3 3 3][ 3 3 3 3 3 3 3 3 3 3][ 3 3 3 3 3 3 3 3 3 3][ 5 5 5 5 5 5 5 5 5 5][ 3 3 3 3 3 3 3 3 3 3][ 3 3 3 3 3 3 3 3 3 3][ 3 3 3 3 3 3 3 3 3 3][ 3 3 3 3 3 3 3 3 3 3][ 3 3 3 3 3 3 3 3 3 3][ 3 3 3 3 3 3 3 3 3 3]]
down[[ 1 1 1 1 1 1 1 1 1 1][ 1 1 1 1 1 1 1 1 1 1][ 1 1 1 1 1 1 1 1 1 1][ 1 1 1 1 1 1 1 1 1 1][ 1 1 1 1 1 1 1 1 1 1][ 1 1 1 1 1 1 1 1 1 1][ 1 1 1 1 1 1 1 1 1 1][ 1 1 1 1 1 1 1 1 1 1][ 1 1 1 1 1 1 1 1 1 1][ 1 1 1 1 1 1 1 1 1 1]]
front[[ 2 2 2 2 2 2 2 2 2 2][ 2 2 2 2 2 2 2 2 2 2][ 2 2 2 2 2 2 2 2 2 2][ 4 4 4 4 4 4 4 4 4 4][ 2 2 2 2 2 2 2 2 2 2][ 2 2 2 2 2 2 2 2 2 2][ 2 2 2 2 2 2 2 2 2 2][ 2 2 2 2 2 2 2 2 2 2][ 2 2 2 2 2 2 2 2 2 2][ 2 2 2 2 2 2 2 2 2 2]]
left[[ 4 4 4 4 4 4 4 4 4 4][ 4 4 4 4 4 4 4 4 4 4][ 4 4 4 4 4 4 4 4 4 4][ 3 3 3 3 3 3 3 3 3 3][ 4 4 4 4 4 4 4 4 4 4][ 4 4 4 4 4 4 4 4 4 4][ 4 4 4 4 4 4 4 4 4 4][ 4 4 4 4 4 4 4 4 4 4][ 4 4 4 4 4 4 4 4 4 4][ 4 4 4 4 4 4 4 4 4 4]]
right[[ 5 5 5 5 5 5 5 5 5 5][ 5 5 5 5 5 5 5 5 5 5][ 5 5 5 5 5 5 5 5 5 5][ 2 2 2 2 2 2 2 2 2 2][ 5 5 5 5 5 5 5 5 5 5][ 5 5 5 5 5 5 5 5 5 5][ 5 5 5 5 5 5 5 5 5 5][ 5 5 5 5 5 5 5 5 5 5][ 5 5 5 5 5 5 5 5 5 5][ 5 5 5 5 5 5 5 5 5 5]]
up[[ 0 0 0 0 0 0 0 0 0 0][ 0 0 0 0 0 0 0 0 0 0][ 0 0 0 0 0 0 0 0 0 0][ 0 0 0 0 0 0 0 0 0 0][ 0 0 0 0 0 0 0 0 0 0][ 0 0 0 0 0 0 0 0 0 0][ 0 0 0 0 0 0 0 0 0 0][ 0 0 0 0 0 0 0 0 0 0][ 0 0 0 0 0 0 0 0 0 0][ 0 0 0 0 0 0 0 0 0 0]]

accion:d3
coste de la accion: 1
back[[ 3 3 3 3 3 3 3 3 3 3][ 3 3 3 3 3 3 3 3 3 3][ 3 3 3 3 3 3 3 3 3 3][ 1 1 1 1 1 1 1 1 1 1][ 3 3 3 3 3 3 3 3 3 3][ 3 3 3 3 3 3 3 3 3 3][ 3 3 3 3 3 3 3 3 3 3][ 3 3 3 3 3 3 3 3 3 3][ 3 3 3 3 3 3 3 3 3 3][ 3 3 3 3 3 3 3 3 3 3]]
down[[ 1 1 1 1 1 1 1 1 1 1][ 1 1 1 1 1 1 1 1 1 1][ 1 1 1 1 1 1 1 1 1 1][ 2 2 2 2 2 2 2 2 2 2][ 1 1 1 1 1 1 1 1 1 1][ 1 1 1 1 1 1 1 1 1 1][ 1 1 1 1 1 1 1 1 1 1][ 1 1 1 1 1 1 1 1 1 1][ 1 1 1 1 1 1 1 1 1 1][ 1 1 1 1 1 1 1 1 1 1]]
front[[ 2 2 2 2 2 2 2 2 2 2][ 2 2 2 2 2 2 2 2 2 2][ 2 2 2 2 2 2 2 2 2 2][ 0 0 0 0 0 0 0 0 0 0][ 2 2 2 2 2 2 2 2 2 2][ 2 2 2 2 2 2 2 2 2 2][ 2 2 2 2 2 2 2 2 2 2][ 2 2 2 2 2 2 2 2 2 2][ 2 2 2 2 2 2 2 2 2 2][ 2 2 2 2 2 2 2 2 2 2]]
left[[ 4 4 4 4 4 4 4 4 4 4][ 4 4 4 4 4 4 4 4 4 4][ 4 4 4 4 4 4 4 4 4 4][ 4 4 4 4 4 4 4 4 4 4][ 4 4 4 4 4 4 4 4 4 4][ 4 4 4 4 4 4 4 4 4 4][ 4 4 4 4 4 4 4 4 4 4][ 4 4 4 4 4 4 4 4 4 4][ 4 4 4 4 4 4 4 4 4 4][ 4 4 4 4 4 4 4 4 4 4]]
right[[ 5 5 5 5 5 5 5 5 5 5][ 5 5 5 5 5 5 5 5 5 5][ 5 5 5 5 5 5 5 5 5 5][ 5 5 5 5 5 5 5 5 5 5][ 5 5 5 5 5 5 5 5 5 5][ 5 5 5 5 5 5 5 5 5 5][ 5 5 5 5 5 5 5 5 5 5][ 5 5 5 5 5 5 5 5 5 5][ 5 5 5 5 5 5 5 5 5 5][ 5 5 5 5 5 5 5 5 5 5]]
up[[ 0 0 0 0 0 0 0 0 0 0][ 0 0 0 0 0 0 0 0 0 0][ 0 0 0 0 0 0 0 0 0 0][ 3 3 3 3 3 3 3 3 3 3][ 0 0 0 0 0 0 0 0 0 0][ 0 0 0 0 0 0 0 0 0 0][ 0 0 0 0 0 0 0 0 0 0][ 0 0 0 0 0 0 0 0 0 0][ 0 0 0 0 0 0 0 0 0 0][ 0 0 0 0 0 0 0 0 0 0]]

accion:L3
coste de la accion: 1
back[[ 3 3 3 3 3 3 3 3 3 3][ 3 3 3 3 3 3 3 3 3 3][ 3 3 3 3 3 3 3 3 3 3][ 0 0 0 0 0 0 0 0 0 0][ 3 3 3 3 3 3 3 3 3 3][ 3 3 3 3 3 3 3 3 3 3][ 3 3 3 3 3 3 3 3 3 3][ 3 3 3 3 3 3 3 3 3 3][ 3 3 3 3 3 3 3 3 3 3][ 3 3 3 3 3 3 3 3 3 3]]
down[[ 1 1 1 1 1 1 1 1 1 1][ 1 1 1 1 1 1 1 1 1 1][ 1 1 1 1 1 1 1 1 1 1][ 3 3 3 3 3 3 3 3 3 3][ 1 1 1 1 1 1 1 1 1 1][ 1 1 1 1 1 1 1 1 1 1][ 1 1 1 1 1 1 1 1 1 1][ 1 1 1 1 1 1 1 1 1 1][ 1 1 1 1 1 1 1 1 1 1][ 1 1 1 1 1 1 1 1 1 1]]
front[[ 2 2 2 2 2 2 2 2 2 2][ 2 2 2 2 2 2 2 2 2 2][ 2 2 2 2 2 2 2 2 2 2][ 1 1 1 1 1 1 1 1 1 1][ 2 2 2 2 2 2 2 2 2 2][ 2 2 2 2 2 2 2 2 2 2][ 2 2 2 2 2 2 2 2 2 2][ 2 2 2 2 2 2 2 2 2 2][ 2 2 2 2 2 2 2 2 2 2][ 2 2 2 2 2 2 2 2 2 2]]
left[[ 4 4 4 4 4 4 4 4 4 4][ 4 4 4 4 4 4 4 4 4 4][ 4 4 4 4 4 4 4 4 4 4][ 4 4 4 4 4 4 4 4 4 4][ 4 4 4 4 4 4 4 4 4 4][ 4 4 4 4 4 4 4 4 4 4][ 4 4 4 4 4 4 4 4 4 4][ 4 4 4 4 4 4 4 4 4 4][ 4 4 4 4 4 4 4 4 4 4][ 4 4 4 4 4 4 4 4 4 4]]
right[[ 5 5 5 5 5 5 5 5 5 5][ 5 5 5 5 5 5 5 5 5 5][ 5 5 5 5 5 5 5 5 5 5][ 5 5 5 5 5 5 5 5 5 5][ 5 5 5 5 5 5 5 5 5 5][ 5 5 5 5 5 5 5 5 5 5][ 5 5 5 5 5 5 5 5 5 5][ 5 5 5 5 5 5 5 5 5 5][ 5 5 5 5 5 5 5 5 5 5][ 5 5 5 5 5 5 5 5 5 5]]
up[[ 0 0 0 0 0 0 0 0 0 0][ 0 0 0 0 0 0 0 0 0 0][ 0 0 0 0 0 0 0 0 0 0][ 2 2 2 2 2 2 2 2 2 2][ 0 0 0 0 0 0 0 0 0 0][ 0 0 0 0 0 0 0 0 0 0][ 0 0 0 0 0 0 0 0 0 0][ 0 0 0 0 0 0 0 0 0 0][ 0 0 0 0 0 0 0 0 0 0][ 0 0 0 0 0 0 0 0 0 0]]

accion:l3
coste de la accion: 1
back[[ 3 3 3 3 3 3 3 3 3 3][ 3 3 3 3 3 3 3 3 3 3][ 3 3 3 3 3 3 3 3 3 3][ 3 3 3 3 3 3 3 3 3 3][ 3 3 3 3 3 3 3 3 3 3][ 3 3 3 3 3 3 3 3 3 3][ 3 3 3 3 3 3 3 3 3 3][ 3 3 3 3 3 3 3 3 3 3][ 3 3 3 3 3 3 3 3 3 3][ 3 3 3 3 3 3 3 3 3 3]]
down[[ 1 1 1 1 1 1 1 1 1 1][ 1 1 1 1 1 1 1 1 1 1][ 1 1 1 1 1 1 1 1 1 1][ 1 1 1 1 1 1 1 1 1 1][ 4 4 4 4 4 4 4 4 4 4][ 1 1 1 1 1 1 1 1 1 1][ 1 1 1 1 1 1 1 1 1 1][ 1 1 1 1 1 1 1 1 1 1][ 1 1 1 1 1 1 1 1 1 1][ 1 1 1 1 1 1 1 1 1 1]]
front[[ 2 2 2 2 2 2 2 2 2 2][ 2 2 2 2 2 2 2 2 2 2][ 2 2 2 2 2 2 2 2 2 2][ 2 2 2 2 2 2 2 2 2 2][ 2 2 2 2 2 2 2 2 2 2][ 2 2 2 2 2 2 2 2 2 2][ 2 2 2 2 2 2 2 2 2 2][ 2 2 2 2 2 2 2 2 2 2][ 2 2 2 2 2 2 2 2 2 2][ 2 2 2 2 2 2 2 2 2 2]]
left[[ 4 4 4 4 4 4 4 4 4 4][ 4 4 4 4 4 4 4 4 4 4][ 4 4 4 4 4 4 4 4 4 4][ 4 4 4 4 4 4 4 4 4 4][ 0 0 0 0 0 0 0 0 0 0][ 4 4 4 4 4 4 4 4 4 4][ 4 4 4 4 4 4 4 4 4 4][ 4 4 4 4 4 4 4 4 4 4][ 4 4 4 4 4 4 4 4 4 4][ 4 4 4 4 4 4 4 4 4 4]]
right[[ 5 5 5 5 5 5 5 5 5 5][ 5 5 5 5 5 5 5 5 5 5][ 5 5 5 5 5 5 5 5 5 5][ 5 5 5 5 5 5 5 5 5 5][ 1 1 1 1 1 1 1 1 1 1][ 5 5 5 5 5 5 5 5 5 5][ 5 5 5 5 5 5 5 5 5 5][ 5 5 5 5 5 5 5 5 5 5][ 5 5 5 5 5 5 5 5 5 5][ 5 5 5 5 5 5 5 5 5 5]]
up[[ 0 0 0 0 0 0 0 0 0 0][ 0 0 0 0 0 0 0 0 0 0][ 0 0 0 0 0 0 0 0 0 0][ 0 0 0 0 0 0 0 0 0 0][ 5 5 5 5 5 5 5 5 5 5][ 0 0 0 0 0 0 0 0 0 0][ 0 0 0 0 0 0 0 0 0 0][ 0 0 0 0 0 0 0 0 0 0][ 0 0 0 0 0 0 0 0 0 0][ 0 0 0 0 0 0 0 0 0 0]]

accion:B4
coste de la accion: 1
back[[ 3 3 3 3 3 3 3 3 3 3][ 3 3 3 3 3 3 3 3 3 3][ 3 3 3 3 3 3 3 3 3 3][ 3 3 3 3 3 3 3 3 3 3][ 3 3 3 3 3 3 3 3 3 3][ 3 3 3 3 3 3 3 3 3 3][ 3 3 3 3 3 3 3 3 3 3][ 3 3 3 3 3 3 3 3 3 3][ 3 3 3 3 3 3 3 3 3 3][ 3 3 3 3 3 3 3 3 3 3]]
down[[ 1 1 1 1 1 1 1 1 1 1][ 1 1 1 1 1 1 1 1 1 1][ 1 1 1 1 1 1 1 1 1 1][ 1 1 1 1 1 1 1 1 1 1][ 5 5 5 5 5 5 5 5 5 5][ 1 1 1 1 1 1 1 1 1 1][ 1 1 1 1 1 1 1 1 1 1][ 1 1 1 1 1 1 1 1 1 1][ 1 1 1 1 1 1 1 1 1 1][ 1 1 1 1 1 1 1 1 1 1]]
front[[ 2 2 2 2 2 2 2 2 2 2][ 2 2 2 2 2 2 2 2 2 2][ 2 2 2 2 2 2 2 2 2 2][ 2 2 2 2 2 2 2 2 2 2][ 2 2 2 2 2 2 2 2 2 2][ 2 2 2 2 2 2 2 2 2 2][ 2 2 2 2 2 2 2 2 2 2][ 2 2 2 2 2 2 2 2 2 2][ 2 2 2 2 2 2 2 2 2 2][ 2 2 2 2 2 2 2 2 2 2]]
left[[ 4 4 4 4 4 4 4 4 4 4][ 4 4 4 4 4 4 4 4 4 4][ 4 4 4 4 4 4 4 4 4 4][ 4 4 4 4 4 4 4 4 4 4][ 1 1 1 1 1 1 1 1 1 1][ 4 4 4 4 4 4 4 4 4 4][ 4 4 4 4 4 4 4 4 4 4][ 4 4 4 4 4 4 4 4 4 4][ 4 4 4 4 4 4 4 4 4 4][ 4 4 4 4 4 4 4 4 4 4]]
right[[ 5 5 5 5 5 5 5 5 5 5][ 5 5 5 5 5 5 5 5 5 5][ 5 5 5 5 5 5 5 5 5 5][ 5 5 5 5 5 5 5 5 5 5][ 0 0 0 0 0 0 0 0 0 0][ 5 5 5 5 5 5 5 5 5 5][ 5 5 5 5 5 5 5 5 5 5][ 5 5 5 5 5 5 5 5 5 5][ 5 5 5 5 5 5 5 5 5 5][ 5 5 5 5 5 5 5 5 5 5]]
up[[ 0 0 0 0 0 0 0 0 0 0][ 0 0 0 0 0 0 0 0 0 0][ 0 0 0 0 0 0 0 0 0 0][ 0 0 0 0 0 0 0 0 0 0][ 4 4 4 4 4 4 4 4 4 4][ 0 0 0 0 0 0 0 0 0 0][ 0 0 0 0 0 0 0 0 0 0][ 0 0 0 0 0 0 0 0 0 0][ 0 0 0 0 0 0 0 0 0 0][ 0 0 0 0 0 0 0 0 0 0]]

accion:b4
coste de la accion: 1
back[[ 3 3 3 3 3 3 3 3 3 3][ 3 3 3 3 3 3 3 3 3 3][ 3 3 3 3 3 3 3 3 3 3][ 3 3 3 3 3 3 3 3 3 3][ 4 4 4 4 4 4 4 4 4 4][ 3 3 3 3 3 3 3 3 3 3][ 3 3 3 3 3 3 3 3 3 3][ 3 3 3 3 3 3 3 3 3 3][ 3 3 3 3 3 3 3 3 3 3][ 3 3 3 3 3 3 3 3 3 3]]
down[[ 1 1 1 1 1 1 1 1 1 1][ 1 1 1 1 1 1 1 1 1 1][ 1 1 1 1 1 1 1 1 1 1][ 1 1 1 1 1 1 1 1 1 1][ 1 1 1 1 1 1 1 1 1 1][ 1 1 1 1 1 1 1 1 1 1][ 1 1 1 1 1 1 1 1 1 1][ 1 1 1 1 1 1 1 1 1 1][ 1 1 1 1 1 1 1 1 1 1][ 1 1 1 1 1 1 1 1 1 1]]
front[[ 2 2 2 2 2 2 2 2 2 2][ 2 2 2 2 2 2 2 2 2 2][ 2 2 2 2 2 2 2 2 2 2][ 2 2 2 2 2 2 2 2 2 2][ 5 5 5 5 5 5 5 5 5 5][ 2 2 2 2 2 2 2 2 2 2][ 2 2 2 2 2 2 2 2 2 2][ 2 2 2 2 2 2 2 2 2 2][ 2 2 2 2 2 2 2 2 2 2][ 2 2 2 2 2 2 2 2 2 2]]
left[[ 4 4 4 4 4 4 4 4 4 4][ 4 4 4 4 4 4 4 4 4 4][ 4 4 4 4 4 4 4 4 4 4][ 4 4 4 4 4 4 4 4 4 4][ 2 2 2 2 2 2 2 2 2 2][ 4 4 4 4 4 4 4 4 4 4][ 4 4 4 4 4 4 4 4 4 4][ 4 4 4 4 4 4 4 4 4 4][ 4 4 4 4 4 4 4 4 4 4][ 4 4 4 4 4 4 4 4 4 4]]
right[[ 5 5 5 5 5 5 5 5 5 5][ 5 5 5 5 5 5 5 5 5 5][ 5 5 5 5 5 5 5 5 5 5][ 5 5 5 5 5 5 5 5 5 5][ 3 3 3 3 3 3 3 3 3 3][ 5 5 5 5 5 5 5 5 5 5][ 5 5 5 5 5 5 5 5 5 5][ 5 5 5 5 5 5 5 5 5 5][ 5 5 5 5 5 5 5 5 5 5][ 5 5 5 5 5 5 5 5 5 5]]
up[[ 0 0 0 0 0 0 0 0 0 0][ 0 0 0 0 0 0 0 0 0 0][ 0 0 0 0 0 0 0 0 0 0][ 0 0 0 0 0 0 0 0 0 0][ 0 0 0 0 0 0 0 0 0 0][ 0 0 0 0 0 0 0 0 0 0][ 0 0 0 0 0 0 0 0 0 0][ 0 0 0 0 0 0 0 0 0 0][ 0 0 0 0 0 0 0 0 0 0][ 0 0 0 0 0 0 0 0 0 0]]

accion:D4
coste de la accion: 1
back[[ 3 3 3 3 3 3 3 3 3 3][ 3 3 3 3 3 3 3 3 3 3][ 3 3 3 3 3 3 3 3 3 3][ 3 3 3 3 3 3 3 3 3 3][ 5 5 5 5 5 5 5 5 5 5][ 3 3 3 3 3 3 3 3 3 3][ 3 3 3 3 3 3 3 3 3 3][ 3 3 3 3 3 3 3 3 3 3][ 3 3 3 3 3 3 3 3 3 3][ 3 3 3 3 3 3 3 3 3 3]]
down[[ 1 1 1 1 1 1 1 1 1 1][ 1 1 1 1 1 1 1 1 1 1][ 1 1 1 1 1 1 1 1 1 1][ 1 1 1 1 1 1 1 1 1 1][ 1 1 1 1 1 1 1 1 1 1][ 1 1 1 1 1 1 1 1 1 1][ 1 1 1 1 1 1 1 1 1 1][ 1 1 1 1 1 1 1 1 1 1][ 1 1 1 1 1 1 1 1 1 1][ 1 1 1 1 1 1 1 1 1 1]]
front[[ 2 2 2 2 2 2 2 2 2 2][ 2 2 2 2 2 2 2 2 2 2][ 2 2 2 2 2 2 2 2 2 2][ 2 2 2 2 2 2 2 2 2 2][ 4 4 4 4 4 4 4 4 4 4][ 2 2 2 2 2 2 2 2 2 2][ 2 2 2 2 2 2 2 2 2 2][ 2 2 2 2 2 2 2 2 2 2][ 2 2 2 2 2 2 2 2 2 2][ 2 2 2 2 2 2 2 2 2 2]]
left[[ 4 4 4 4 4 4 4 4 4 4][ 4 4 4 4 4 4 4 4 4 4][ 4 4 4 4 4 4 4 4 4 4][ 4 4 4 4 4 4 4 4 4 4][ 3 3 3 3 3 3 3 3 3 3][ 4 4 4 4 4 4 4 4 4 4][ 4 4 4 4 4 4 4 4 4 4][ 4 4 4 4 4 4 4 4 4 4][ 4 4 4 4 4 4 4 4 4 4][ 4 4 4 4 4 4 4 4 4 4]]
right[[ 5 5 5 5 5 5 5 5 5 5][ 5 5 5 5 5 5 5 5 5 5][ 5 5 5 5 5 5 5 5 5 5][ 5 5 5 5 5 5 5 5 5 5][ 2 2 2 2 2 2 2 2 2 2][ 5 5 5 5 5 5 5 5 5 5][ 5 5 5 5 5 5 5 5 5 5][ 5 5 5 5 5 5 5 5 5 5][ 5 5 5 5 5 5 5 5 5 5][ 5 5 5 5 5 5 5 5 5 5]]
up[[ 0 0 0 0 0 0 0 0 0 0][ 0 0 0 0 0 0 0 0 0 0][ 0 0 0 0 0 0 0 0 0 0][ 0 0 0 0 0 0 0 0 0 0][ 0 0 0 0 0 0 0 0 0 0][ 0 0 0 0 0 0 0 0 0 0][ 0 0 0 0 0 0 0 0 0 0][ 0 0 0 0 0 0 0 0 0 0][ 0 0 0 0 0 0 0 0 0 0][ 0 0 0 0 0 0 0 0 0 0]]

accion:d4
coste de la accion: 1
back[[ 3 3 3 3 3 3 3 3 3 3][ 3 3 3 3 3 3 3 3 3 3][ 3 3 3 3 3 3 3 3 3 3][ 3 3 3 3 3 3 3 3 3 3][ 1 1 1 1 1 1 1 1 1 1][ 3 3 3 3 3 3 3 3 3 3][ 3 3 3 3 3 3 3 3 3 3][ 3 3 3 3 3 3 3 3 3 3][ 3 3 3 3 3 3 3 3 3 3][ 3 3 3 3 3 3 3 3 3 3]]
down[[ 1 1 1 1 1 1 1 1 1 1][ 1 1 1 1 1 1 1 1 1 1][ 1 1 1 1 1 1 1 1 1 1][ 1 1 1 1 1 1 1 1 1 1][ 2 2 2 2 2 2 2 2 2 2][ 1 1 1 1 1 1 1 1 1 1][ 1 1 1 1 1 1 1 1 1 1][ 1 1 1 1 1 1 1 1 1 1][ 1 1 1 1 1 1 1 1 1 1][ 1 1 1 1 1 1 1 1 1 1]]
front[[ 2 2 2 2 2 2 2 2 2 2][ 2 2 2 2 2 2 2 2 2 2][ 2 2 2 2 2 2 2 2 2 2][ 2 2 2 2 2 2 2 2 2 2][ 0 0 0 0 0 0 0 0 0 0][ 2 2 2 2 2 2 2 2 2 2][ 2 2 2 2 2 2 2 2 2 2][ 2 2 2 2 2 2 2 2 2 2][ 2 2 2 2 2 2 2 2 2 2][ 2 2 2 2 2 2 2 2 2 2]]
left[[ 4 4 4 4 4 4 4 4 4 4][ 4 4 4 4 4 4 4 4 4 4][ 4 4 4 4 4 4 4 4 4 4][ 4 4 4 4 4 4 4 4 4 4][ 4 4 4 4 4 4 4 4 4 4][ 4 4 4 4 4 4 4 4 4 4][ 4 4 4 4 4 4 4 4 4 4][ 4 4 4 4 4 4 4 4 4 4][ 4 4 4 4 4 4 4 4 4 4][ 4 4 4 4 4 4 4 4 4 4]]
right[[ 5 5 5 5 5 5 5 5 5 5][ 5 5 5 5 5 5 5 5 5 5][ 5 5 5 5 5 5 5 5 5 5][ 5 5 5 5 5 5 5 5 5 5][ 5 5 5 5 5 5 5 5 5 5][ 5 5 5 5 5 5 5 5 5 5][ 5 5 5 5 5 5 5 5 5 5][ 5 5 5 5 5 5 5 5 5 5][ 5 5 5 5 5 5 5 5 5 5][ 5 5 5 5 5 5 5 5 5 5]]
up[[ 0 0 0 0 0 0 0 0 0 0][ 0 0 0 0 0 0 0 0 0 0][ 0 0 0 0 0 0 0 0 0 0][ 0 0 0 0 0 0 0 0 0 0][ 3 3 3 3 3 3 3 3 3 3][ 0 0 0 0 0 0 0 0 0 0][ 0 0 0 0 0 0 0 0 0 0][ 0 0 0 0 0 0 0 0 0 0][ 0 0 0 0 0 0 0 0 0 0][ 0 0 0 0 0 0 0 0 0 0]]

accion:L4
coste de la accion: 1
back[[ 3 3 3 3 3 3 3 3 3 3][ 3 3 3 3 3 3 3 3 3 3][ 3 3 3 3 3 3 3 3 3 3][ 3 3 3 3 3 3 3 3 3 3][ 0 0 0 0 0 0 0 0 0 0][ 3 3 3 3 3 3 3 3 3 3][ 3 3 3 3 3 3 3 3 3 3][ 3 3 3 3 3 3 3 3 3 3][ 3 3 3 3 3 3 3 3 3 3][ 3 3 3 3 3 3 3 3 3 3]]
down[[ 1 1 1 1 1 1 1 1 1 1][ 1 1 1 1 1 1 1 1 1 1][ 1 1 1 1 1 1 1 1 1 1][ 1 1 1 1 1 1 1 1 1 1][ 3 3 3 3 3 3 3 3 3 3][ 1 1 1 1 1 1 1 1 1 1][ 1 1 1 1 1 1 1 1 1 1][ 1 1 1 1 1 1 1 1 1 1][ 1 1 1 1 1 1 1 1 1 1][ 1 1 1 1 1 1 1 1 1 1]]
front[[ 2 2 2 2 2 2 2 2 2 2][ 2 2 2 2 2 2 2 2 2 2][ 2 2 2 2 2 2 2 2 2 2][ 2 2 2 2 2 2 2 2 2 2][ 1 1 1 1 1 1 1 1 1 1][ 2 2 2 2 2 2 2 2 2 2][ 2 2 2 2 2 2 2 2 2 2][ 2 2 2 2 2 2 2 2 2 2][ 2 2 2 2 2 2 2 2 2 2][ 2 2 2 2 2 2 2 2 2 2]]
left[[ 4 4 4 4 4 4 4 4 4 4][ 4 4 4 4 4 4 4 4 4 4][ 4 4 4 4 4 4 4 4 4 4][ 4 4 4 4 4 4 4 4 4 4][ 4 4 4 4 4 4 4 4 4 4][ 4 4 4 4 4 4 4 4 4 4][ 4 4 4 4 4 4 4 4 4 4][ 4 4 4 4 4 4 4 4 4 4][ 4 4 4 4 4 4 4 4 4 4][ 4 4 4 4 4 4 4 4 4 4]]
right[[ 5 5 5 5 5 5 5 5 5 5][ 5 5 5 5 5 5 5 5 5 5][ 5 5 5 5 5 5 5 5 5 5][ 5 5 5 5 5 5 5 5 5 5][ 5 5 5 5 5 5 5 5 5 5][ 5 5 5 5 5 5 5 5 5 5][ 5 5 5 5 5 5 5 5 5 5][ 5 5 5 5 5 5 5 5 5 5][ 5 5 5 5 5 5 5 5 5 5][ 5 5 5 5 5 5 5 5 5 5]]
up[[ 0 0 0 0 0 0 0 0 0 0][ 0 0 0 0 0 0 0 0 0 0][ 0 0 0 0 0 0 0 0 0 0][ 0 0 0 0 0 0 0 0 0 0][ 2 2 2 2 2 2 2 2 2 2][ 0 0 0 0 0 0 0 0 0 0][ 0 0 0 0 0 0 0 0 0 0][ 0 0 0 0 0 0 0 0 0 0][ 0 0 0 0 0 0 0 0 0 0][ 0 0 0 0 0 0 0 0 0 0]]

accion:l4
coste de la accion: 1
back[[ 3 3 3 3 3 3 3 3 3 3][ 3 3 3 3 3 3 3 3 3 3][ 3 3 3 3 3 3 3 3 3 3][ 3 3 3 3 3 3 3 3 3 3][ 3 3 3 3 3 3 3 3 3 3][ 3 3 3 3 3 3 3 3 3 3][ 3 3 3 3 3 3 3 3 3 3][ 3 3 3 3 3 3 3 3 3 3][ 3 3 3 3 3 3 3 3 3 3][ 3 3 3 3 3 3 3 3 3 3]]
down[[ 1 1 1 1 1 1 1 1 1 1][ 1 1 1 1 1 1 1 1 1 1][ 1 1 1 1 1 1 1 1 1 1][ 1 1 1 1 1 1 1 1 1 1][ 1 1 1 1 1 1 1 1 1 1][ 4 4 4 4 4 4 4 4 4 4][ 1 1 1 1 1 1 1 1 1 1][ 1 1 1 1 1 1 1 1 1 1][ 1 1 1 1 1 1 1 1 1 1][ 1 1 1 1 1 1 1 1 1 1]]
front[[ 2 2 2 2 2 2 2 2 2 2][ 2 2 2 2 2 2 2 2 2 2][ 2 2 2 2 2 2 2 2 2 2][ 2 2 2 2 2 2 2 2 2 2][ 2 2 2 2 2 2 2 2 2 2][ 2 2 2 2 2 2 2 2 2 2][ 2 2 2 2 2 2 2 2 2 2][ 2 2 2 2 2 2 2 2 2 2][ 2 2 2 2 2 2 2 2 2 2][ 2 2 2 2 2 2 2 2 2 2]]
left[[ 4 4 4 4 4 4 4 4 4 4][ 4 4 4 4 4 4 4 4 4 4][ 4 4 4 4 4 4 4 4 4 4][ 4 4 4 4 4 4 4 4 4 4][ 4 4 4 4 4 4 4 4 4 4][ 0 0 0 0 0 0 0 0 0 0][ 4 4 4 4 4 4 4 4 4 4][ 4 4 4 4 4 4 4 4 4 4][ 4 4 4 4 4 4 4 4 4 4][ 4 4 4 4 4 4 4 4 4 4]]
right[[ 5 5 5 5 5 5 5 5 5 5][ 5 5 5 5 5 5 5 5 5 5][ 5 5 5 5 5 5 5 5 5 5][ 5 5 5 5 5 5 5 5 5 5][ 5 5 5 5 5 5 5 5 5 5][ 1 1 1 1 1 1 1 1 1 1][ 5 5 5 5 5 5 5 5 5 5][ 5 5 5 5 5 5 5 5 5 5][ 5 5 5 5 5 5 5 5 5 5][ 5 5 5 5 5 5 5 5 5 5]]
up[[ 0 0 0 0 0 0 0 0 0 0][ 0 0 0 0 0 0 0 0 0 0][ 0 0 0 0 0 0 0 0 0 0][ 0 0 0 0 0 0 0 0 0 0][ 0 0 0 0 0 0 0 0 0 0][ 5 5 5 5 5 5 5 5 5 5][ 0 0 0 0 0 0 0 0 0 0][ 0 0 0 0 0 0 0 0 0 0][ 0 0 0 0 0 0 0 0 0 0][ 0 0 0 0 0 0 0 0 0 0]]

accion:B5
coste de la accion: 1
back[[ 3 3 3 3 3 3 3 3 3 3][ 3 3 3 3 3 3 3 3 3 3][ 3 3 3 3 3 3 3 3 3 3][ 3 3 3 3 3 3 3 3 3 3][ 3 3 3 3 3 3 3 3 3 3][ 3 3 3 3 3 3 3 3 3 3][ 3 3 3 3 3 3 3 3 3 3][ 3 3 3 3 3 3 3 3 3 3][ 3 3 3 3 3 3 3 3 3 3][ 3 3 3 3 3 3 3 3 3 3]]
down[[ 1 1 1 1 1 1 1 1 1 1][ 1 1 1 1 1 1 1 1 1 1][ 1 1 1 1 1 1 1 1 1 1][ 1 1 1 1 1 1 1 1 1 1][ 1 1 1 1 1 1 1 1 1 1][ 5 5 5 5 5 5 5 5 5 5][ 1 1 1 1 1 1 1 1 1 1][ 1 1 1 1 1 1 1 1 1 1][ 1 1 1 1 1 1 1 1 1 1][ 1 1 1 1 1 1 1 1 1 1]]
front[[ 2 2 2 2 2 2 2 2 2 2][ 2 2 2 2 2 2 2 2 2 2][ 2 2 2 2 2 2 2 2 2 2][ 2 2 2 2 2 2 2 2 2 2][ 2 2 2 2 2 2 2 2 2 2][ 2 2 2 2 2 2 2 2 2 2][ 2 2 2 2 2 2 2 2 2 2][ 2 2 2 2 2 2 2 2 2 2][ 2 2 2 2 2 2 2 2 2 2][ 2 2 2 2 2 2 2 2 2 2]]
left[[ 4 4 4 4 4 4 4 4 4 4][ 4 4 4 4 4 4 4 4 4 4][ 4 4 4 4 4 4 4 4 4 4][ 4 4 4 4 4 4 4 4 4 4][ 4 4 4 4 4 4 4 4 4 4][ 1 1 1 1 1 1 1 1 1 1][ 4 4 4 4 4 4 4 4 4 4][ 4 4 4 4 4 4 4 4 4 4][ 4 4 4 4 4 4 4 4 4 4][ 4 4 4 4 4 4 4 4 4 4]]
right[[ 5 5 5 5 5 5 5 5 5 5][ 5 5 5 5 5 5 5 5 5 5][ 5 5 5 5 5 5 5 5 5 5][ 5 5 5 5 5 5 5 5 5 5][ 5 5 5 5 5 5 5 5 5 5][ 0 0 0 0 0 0 0 0 0 0][ 5 5 5 5 5 5 5 5 5 5][ 5 5 5 5 5 5 5 5 5 5][ 5 5 5 5 5 5 5 5 5 5][ 5 5 5 5 5 5 5 5 5 5]]
up[[ 0 0 0 0 0 0 0 0 0 0][ 0 0 0 0 0 0 0 0 0 0][ 0 0 0 0 0 0 0 0 0 0][ 0 0 0 0 0 0 0 0 0 0][ 0 0 0 0 0 0 0 0 0 0][ 4 4 4 4 4 4 4 4 4 4][ 0 0 0 0 0 0 0 0 0 0][ 0 0 0 0 0 0 0 0 0 0][ 0 0 0 0 0 0 0 0 0 0][ 0 0 0 0 0 0 0 0 0 0]]

accion:b5
coste de la accion: 1
back[[ 3 3 3 3 3 3 3 3 3 3][ 3 3 3 3 3 3 3 3 3 3][ 3 3 3 3 3 3 3 3 3 3][ 3 3 3 3 3 3 3 3 3 3][ 3 3 3 3 3 3 3 3 3 3][ 4 4 4 4 4 4 4 4 4 4][ 3 3 3 3 3 3 3 3 3 3][ 3 3 3 3 3 3 3 3 3 3][ 3 3 3 3 3 3 3 3 3 3][ 3 3 3 3 3 3 3 3 3 3]]
down[[ 1 1 1 1 1 1 1 1 1 1][ 1 1 1 1 1 1 1 1 1 1][ 1 1 1 1 1 1 1 1 1 1][ 1 1 1 1 1 1 1 1 1 1][ 1 1 1 1 1 1 1 1 1 1][ 1 1 1 1 1 1 1 1 1 1][ 1 1 1 1 1 1 1 1 1 1][ 1 1 1 1 1 1 1 1 1 1][ 1 1 1 1 1 1 1 1 1 1][ 1 1 1 1 1 1 1 1 1 1]]
front[[ 2 2 2 2 2 2 2 2 2 2][ 2 2 2 2 2 2 2 2 2 2][ 2 2 2 2 2 2 2 2 2 2][ 2 2 2 2 2 2 2 2 2 2][ 2 2 2 2 2 2 2 2 2 2][ 5 5 5 5 5 5 5 5 5 5][ 2 2 2 2 2 2 2 2 2 2][ 2 2 2 2 2 2 2 2 2 2][ 2 2 2 2 2 2 2 2 2 2][ 2 2 2 2 2 2 2 2 2 2]]
left[[ 4 4 4 4 4 4 4 4 4 4][ 4 4 4 4 4 4 4 4 4 4][ 4 4 4 4 4 4 4 4 4 4][ 4 4 4 4 4 4 4 4 4 4][ 4 4 4 4 4 4 4 4 4 4][ 2 2 2 2 2 2 2 2 2 2][ 4 4 4 4 4 4 4 4 4 4][ 4 4 4 4 4 4 4 4 4 4][ 4 4 4 4 4 4 4 4 4 4][ 4 4 4 4 4 4 4 4 4 4]]
right[[ 5 5 5 5 5 5 5 5 5 5][ 5 5 5 5 5 5 5 5 5 5][ 5 5 5 5 5 5 5 5 5 5][ 5 5 5 5 5 5 5 5 5 5][ 5 5 5 5 5 5 5 5 5 5][ 3 3 3 3 3 3 3 3 3 3][ 5 5 5 5 5 5 5 5 5 5][ 5 5 5 5 5 5 5 5 5 5][ 5 5 5 5 5 5 5 5 5 5][ 5 5 5 5 5 5 5 5 5 5]]
up[[ 0 0 0 0 0 0 0 0 0 0][ 0 0 0 0 0 0 0 0 0 0][ 0 0 0 0 0 0 0 0 0 0][ 0 0 0 0 0 0 0 0 0 0][ 0 0 0 0 0 0 0 0 0 0][ 0 0 0 0 0 0 0 0 0 0][ 0 0 0 0 0 0 0 0 0 0][ 0 0 0 0 0 0 0 0 0 0][ 0 0 0 0 0 0 0 0 0 0][ 0 0 0 0 0 0 0 0 0 0]]

accion:D5
coste de la accion: 1
back[[ 3 3 3 3 3 3 3 3 3 3][ 3 3 3 3 3 3 3 3 3 3][ 3 3 3 3 3 3 3 3 3 3][ 3 3 3 3 3 3 3 3 3 3][ 3 3 3 3 3 3 3 3 3 3][ 5 5 5 5 5 5 5 5 5 5][ 3 3 3 3 3 3 3 3 3 3][ 3 3 3 3 3 3 3 3 3 3][ 3 3 3 3 3 3 3 3 3 3][ 3 3 3 3 3 3 3 3 3 3]]
down[[ 1 1 1 1 1 1 1 1 1 1][ 1 1 1 1 1 1 1 1 1 1][ 1 1 1 1 1 1 1 1 1 1][ 1 1 1 1 1 1 1 1 1 1][ 1 1 1 1 1 1 1 1 1 1][ 1 1 1 1 1 1 1 1 1 1][ 1 1 1 1 1 1 1 1 1 1][ 1 1 1 1 1 1 1 1 1 1][ 1 1 1 1 1 1 1 1 1 1][ 1 1 1 1 1 1 1 1 1 1]]
front[[ 2 2 2 2 2 2 2 2 2 2][ 2 2 2 2 2 2 2 2 2 2][ 2 2 2 2 2 2 2 2 2 2][ 2 2 2 2 2 2 2 2 2 2][ 2 2 2 2 2 2 2 2 2 2][ 4 4 4 4 4 4 4 4 4 4][ 2 2 2 2 2 2 2 2 2 2][ 2 2 2 2 2 2 2 2 2 2][ 2 2 2 2 2 2 2 2 2 2][ 2 2 2 2 2 2 2 2 2 2]]
left[[ 4 4 4 4 4 4 4 4 4 4][ 4 4 4 4 4 4 4 4 4 4][ 4 4 4 4 4 4 4 4 4 4][ 4 4 4 4 4 4 4 4 4 4][ 4 4 4 4 4 4 4 4 4 4][ 3 3 3 3 3 3 3 3 3 3][ 4 4 4 4 4 4 4 4 4 4][ 4 4 4 4 4 4 4 4 4 4][ 4 4 4 4 4 4 4 4 4 4][ 4 4 4 4 4 4 4 4 4 4]]
right[[ 5 5 5 5 5 5 5 5 5 5][ 5 5 5 5 5 5 5 5 5 5][ 5 5 5 5 5 5 5 5 5 5][ 5 5 5 5 5 5 5 5 5 5][ 5 5 5 5 5 5 5 5 5 5][ 2 2 2 2 2 2 2 2 2 2][ 5 5 5 5 5 5 5 5 5 5][ 5 5 5 5 5 5 5 5 5 5][ 5 5 5 5 5 5 5 5 5 5][ 5 5 5 5 5 5 5 5 5 5]]
up[[ 0 0 0 0 0 0 0 0 0 0][ 0 0 0 0 0 0 0 0 0 0][ 0 0 0 0 0 0 0 0 0 0][ 0 0 0 0 0 0 0 0 0 0][ 0 0 0 0 0 0 0 0 0 0][ 0 0 0 0 0 0 0 0 0 0][ 0 0 0 0 0 0 0 0 0 0][ 0 0 0 0 0 0 0 0 0 0][ 0 0 0 0 0 0 0 0 0 0][ 0 0 0 0 0 0 0 0 0 0]]

accion:d5
coste de la accion: 1
back[[ 3 3 3 3 3 3 3 3 3 3][ 3 3 3 3 3 3 3 3 3 3][ 3 3 3 3 3 3 3 3 3 3][ 3 3 3 3 3 3 3 3 3 3][ 3 3 3 3 3 3 3 3 3 3][ 1 1 1 1 1 1 1 1 1 1][ 3 3 3 3 3 3 3 3 3 3][ 3 3 3 3 3 3 3 3 3 3][ 3 3 3 3 3 3 3 3 3 3][ 3 3 3 3 3 3 3 3 3 3]]
down[[ 1 1 1 1 1 1 1 1 1 1][ 1 1 1 1 1 1 1 1 1 1][ 1 1 1 1 1 1 1 1 1 1][ 1 1 1 1 1 1 1 1 1 1][ 1 1 1 1 1 1 1 1 1 1][ 2 2 2 2 2 2 2 2 2 2][ 1 1 1 1 1 1 1 1 1 1][ 1 1 1 1 1 1 1 1 1 1][ 1 1 1 1 1 1 1 1 1 1][ 1 1 1 1 1 1 1 1 1 1]]
front[[ 2 2 2 2 2 2 2 2 2 2][ 2 2 2 2 2 2 2 2 2 2][ 2 2 2 2 2 2 2 2 2 2][ 2 2 2 2 2 2 2 2 2 2][ 2 2 2 2 2 2 2 2 2 2][ 0 0 0 0 0 0 0 0 0 0][ 2 2 2 2 2 2 2 2 2 2][ 2 2 2 2 2 2 2 2 2 2][ 2 2 2 2 2 2 2 2 2 2][ 2 2 2 2 2 2 2 2 2 2]]
left[[ 4 4 4 4 4 4 4 4 4 4][ 4 4 4 4 4 4 4 4 4 4][ 4 4 4 4 4 4 4 4 4 4][ 4 4 4 4 4 4 4 4 4 4][ 4 4 4 4 4 4 4 4 4 4][ 4 4 4 4 4 4 4 4 4 4][ 4 4 4 4 4 4 4 4 4 4][ 4 4 4 4 4 4 4 4 4 4][ 4 4 4 4 4 4 4 4 4 4][ 4 4 4 4 4 4 4 4 4 4]]
right[[ 5 5 5 5 5 5 5 5 5 5][ 5 5 5 5 5 5 5 5 5 5][ 5 5 5 5 5 5 5 5 5 5][ 5 5 5 5 5 5 5 5 5 5][ 5 5 5 5 5 5 5 5 5 5][ 5 5 5 5 5 5 5 5 5 5][ 5 5 5 5 5 5 5 5 5 5][ 5 5 5 5 5 5 5 5 5 5][ 5 5 5 5 5 5 5 5 5 5][ 5 5 5 5 5 5 5 5 5 5]]
up[[ 0 0 0 0 0 0 0 0 0 0][ 0 0 0 0 0 0 0 0 0 0][ 0 0 0 0 0 0 0 0 0 0][ 0 0 0 0 0 0 0 0 0 0][ 0 0 0 0 0 0 0 0 0 0][ 3 3 3 3 3 3 3 3 3 3][ 0 0 0 0 0 0 0 0 0 0][ 0 0 0 0 0 0 0 0 0 0][ 0 0 0 0 0 0 0 0 0 0][ 0 0 0 0 0 0 0 0 0 0]]

accion:L5
coste de la accion: 1
back[[ 3 3 3 3 3 3 3 3 3 3][ 3 3 3 3 3 3 3 3 3 3][ 3 3 3 3 3 3 3 3 3 3][ 3 3 3 3 3 3 3 3 3 3][ 3 3 3 3 3 3 3 3 3 3][ 0 0 0 0 0 0 0 0 0 0][ 3 3 3 3 3 3 3 3 3 3][ 3 3 3 3 3 3 3 3 3 3][ 3 3 3 3 3 3 3 3 3 3][ 3 3 3 3 3 3 3 3 3 3]]
down[[ 1 1 1 1 1 1 1 1 1 1][ 1 1 1 1 1 1 1 1 1 1][ 1 1 1 1 1 1 1 1 1 1][ 1 1 1 1 1 1 1 1 1 1][ 1 1 1 1 1 1 1 1 1 1][ 3 3 3 3 3 3 3 3 3 3][ 1 1 1 1 1 1 1 1 1 1][ 1 1 1 1 1 1 1 1 1 1][ 1 1 1 1 1 1 1 1 1 1][ 1 1 1 1 1 1 1 1 1 1]]
front[[ 2 2 2 2 2 2 2 2 2 2][ 2 2 2 2 2 2 2 2 2 2][ 2 2 2 2 2 2 2 2 2 2][ 2 2 2 2 2 2 2 2 2 2][ 2 2 2 2 2 2 2 2 2 2][ 1 1 1 1 1 1 1 1 1 1][ 2 2 2 2 2 2 2 2 2 2][ 2 2 2 2 2 2 2 2 2 2][ 2 2 2 2 2 2 2 2 2 2][ 2 2 2 2 2 2 2 2 2 2]]
left[[ 4 4 4 4 4 4 4 4 4 4][ 4 4 4 4 4 4 4 4 4 4][ 4 4 4 4 4 4 4 4 4 4][ 4 4 4 4 4 4 4 4 4 4][ 4 4 4 4 4 4 4 4 4 4][ 4 4 4 4 4 4 4 4 4 4][ 4 4 4 4 4 4 4 4 4 4][ 4 4 4 4 4 4 4 4 4 4][ 4 4 4 4 4 4 4 4 4 4][ 4 4 4 4 4 4 4 4 4 4]]
right[[ 5 5 5 5 5 5 5 5 5 5][ 5 5 5 5 5 5 5 5 5 5][ 5 5 5 5 5 5 5 5 5 5][ 5 5 5 5 5 5 5 5 5 5][ 5 5 5 5 5 5 5 5 5 5][ 5 5 5 5 5 5 5 5 5 5][ 5 5 5 5 5 5 5 5 5 5][ 5 5 5 5 5 5 5 5 5 5][ 5 5 5 5 5 5 5 5 5 5][ 5 5 5 5 5 5 5 5 5 5]]
up[[ 0 0 0 0 0 0 0 0 0 0][ 0 0 0 0 0 0 0 0 0 0][ 0 0 0 0 0 0 0 0 0 0][ 0 0 0 0 0 0 0 0 0 0][ 0 0 0 0 0 0 0 0 0 0][ 2 2 2 2 2 2 2 2 2 2][ 0 0 0 0 0 0 0 0 0 0][ 0 0 0 0 0 0 0 0 0 0][ 0 0 0 0 0 0 0 0 0 0][ 0 0 0 0 0 0 0 0 0 0]]

accion:l5
coste de la accion: 1
back[[ 3 3 3 3 3 3 3 3 3 3][ 3 3 3 3 3 3 3 3 3 3][ 3 3 3 3 3 3 3 3 3 3][ 3 3 3 3 3 3 3 3 3 3][ 3 3 3 3 3 3 3 3 3 3][ 3 3 3 3 3 3 3 3 3 3][ 3 3 3 3 3 3 3 3 3 3][ 3 3 3 3 3 3 3 3 3 3][ 3 3 3 3 3 3 3 3 3 3][ 3 3 3 3 3 3 3 3 3 3]]
down[[ 1 1 1 1 1 1 1 1 1 1][ 1 1 1 1 1 1 1 1 1 1][ 1 1 1 1 1 1 1 1 1 1][ 1 1 1 1 1 1 1 1 1 1][ 1 1 1 1 1 1 1 1 1 1][ 1 1 1 1 1 1 1 1 1 1][ 4 4 4 4 4 4 4 4 4 4][ 1 1 1 1 1 1 1 1 1 1][ 1 1 1 1 1 1 1 1 1 1][ 1 1 1 1 1 1 1 1 1 1]]
front[[ 2 2 2 2 2 2 2 2 2 2][ 2 2 2 2 2 2 2 2 2 2][ 2 2 2 2 2 2 2 2 2 2][ 2 2 2 2 2 2 2 2 2 2][ 2 2 2 2 2 2 2 2 2 2][ 2 2 2 2 2 2 2 2 2 2][ 2 2 2 2 2 2 2 2 2 2][ 2 2 2 2 2 2 2 2 2 2][ 2 2 2 2 2 2 2 2 2 2][ 2 2 2 2 2 2 2 2 2 2]]
left[[ 4 4 4 4 4 4 4 4 4 4][ 4 4 4 4 4 4 4 4 4 4][ 4 4 4 4 4 4 4 4 4 4][ 4 4 4 4 4 4 4 4 4 4][ 4 4 4 4 4 4 4 4 4 4][ 4 4 4 4 4 4 4 4 4 4][ 0 0 0 0 0 0 0 0 0 0][ 4 4 4 4 4 4 4 4 4 4][ 4 4 4 4 4 4 4 4 4 4][ 4 4 4 4 4 4 4 4 4 4]]
right[[ 5 5 5 5 5 5 5 5 5 5][ 5 5 5 5 5 5 5 5 5 5][ 5 5 5 5 5 5 5 5 5 5][ 5 5 5 5 5 5 5 5 5 5][ 5 5 5 5 5 5 5 5 5 5][ 5 5 5 5 5 5 5 5 5 5][ 1 1 1 1 1 1 1 1 1 1][ 5 5 5 5 5 5 5 5 5 5][ 5 5 5 5 5 5 5 5 5 5][ 5 5 5 5 5 5 5 5 5 5]]
up[[ 0 0 0 0 0 0 0 0 0 0][ 0 0 0 0 0 0 0 0 0 0][ 0 0 0 0 0 0 0 0 0 0][ 0 0 0 0 0 0 0 0 0 0][ 0 0 0 0 0 0 0 0 0 0][ 0 0 0 0 0 0 0 0 0 0][ 5 5 5 5 5 5 5 5 5 5][ 0 0 0 0 0 0 0 0 0 0][ 0 0 0 0 0 0 0 0 0 0][ 0 0 0 0 0 0 0 0 0 0]]

accion:B6
coste de la accion: 1
back[[ 3 3 3 3 3 3 3 3 3 3][ 3 3 3 3 3 3 3 3 3 3][ 3 3 3 3 3 3 3 3 3 3][ 3 3 3 3 3 3 3 3 3 3][ 3 3 3 3 3 3 3 3 3 3][ 3 3 3 3 3 3 3 3 3 3][ 3 3 3 3 3 3 3 3 3 3][ 3 3 3 3 3 3 3 3 3 3][ 3 3 3 3 3 3 3 3 3 3][ 3 3 3 3 3 3 3 3 3 3]]
down[[ 1 1 1 1 1 1 1 1 1 1][ 1 1 1 1 1 1 1 1 1 1][ 1 1 1 1 1 1 1 1 1 1][ 1 1 1 1 1 1 1 1 1 1][ 1 1 1 1 1 1 1 1 1 1][ 1 1 1 1 1 1 1 1 1 1][ 5 5 5 5 5 5 5 5 5 5][ 1 1 1 1 1 1 1 1 1 1][ 1 1 1 1 1 1 1 1 1 1][ 1 1 1 1 1 1 1 1 1 1]]
front[[ 2 2 2 2 2 2 2 2 2 2][ 2 2 2 2 2 2 2 2 2 2][ 2 2 2 2 2 2 2 2 2 2][ 2 2 2 2 2 2 2 2 2 2][ 2 2 2 2 2 2 2 2 2 2][ 2 2 2 2 2 2 2 2 2 2][ 2 2 2 2 2 2 2 2 2 2][ 2 2 2 2 2 2 2 2 2 2][ 2 2 2 2 2 2 2 2 2 2][ 2 2 2 2 2 2 2 2 2 2]]
left[[ 4 4 4 4 4 4 4 4 4 4][ 4 4 4 4 4 4 4 4 4 4][ 4 4 4 4 4 4 4 4 4 4][ 4 4 4 4 4 4 4 4 4 4][ 4 4 4 4 4 4 4 4 4 4][ 4 4 4 4 4 4 4 4 4 4][ 1 1 1 1 1 1 1 1 1 1][ 4 4 4 4 4 4 4 4 4 4][ 4 4 4 4 4 4 4 4 4 4][ 4 4 4 4 4 4 4 4 4 4]]
right[[ 5 5 5 5 5 5 5 5 5 5][ 5 5 5 5 5 5 5 5 5 5][ 5 5 5 5 5 5 5 5 5 5][ 5 5 5 5 5 5 5 5 5 5][ 5 5 5 5 5 5 5 5 5 5][ 5 5 5 5 5 5 5 5 5 5][ 0 0 0 0 0 0 0 0 0 0][ 5 5 5 5 5 5 5 5 5 5][ 5 5 5 5 5 5 5 5 5 5][ 5 5 5 5 5 5 5 5 5 5]]
up[[ 0 0 0 0 0 0 0 0 0 0][ 0 0 0 0 0 0 0 0 0 0][ 0 0 0 0 0 0 0 0 0 0][ 0 0 0 0 0 0 0 0 0 0][ 0 0 0 0 0 0 0 0 0 0][ 0 0 0 0 0 0 0 0 0 0][ 4 4 4 4 4 4 4 4 4 4][ 0 0 0 0 0 0 0 0 0 0][ 0 0 0 0 0 0 0 0 0 0][ 0 0 0 0 0 0 0 0 0 0]]

accion:b6
coste de la accion: 1
back[[ 3 3 3 3 3 3 3 3 3 3][ 3 3 3 3 3 3 3 3 3 3][ 3 3 3 3 3 3 3 3 3 3][ 3 3 3 3 3 3 3 3 3 3][ 3 3 3 3 3 3 3 3 3 3][ 3 3 3 3 3 3 3 3 3 3][ 4 4 4 4 4 4 4 4 4 4][ 3 3 3 3 3 3 3 3 3 3][ 3 3 3 3 3 3 3 3 3 3][ 3 3 3 3 3 3 3 3 3 3]]
down[[ 1 1 1 1 1 1 1 1 1 1][ 1 1 1 1 1 1 1 1 1 1][ 1 1 1 1 1 1 1 1 1 1][ 1 1 1 1 1 1 1 1 1 1][ 1 1 1 1 1 1 1 1 1 1][ 1 1 1 1 1 1 1 1 1 1][ 1 1 1 1 1 1 1 1 1 1][ 1 1 1 1 1 1 1 1 1 1][ 1 1 1 1 1 1 1 1 1 1][ 1 1 1 1 1 1 1 1 1 1]]
front[[ 2 2 2 2 2 2 2 2 2 2][ 2 2 2 2 2 2 2 2 2 2][ 2 2 2 2 2 2 2 2 2 2][ 2 2 2 2 2 2 2 2 2 2][ 2 2 2 2 2 2 2 2 2 2][ 2 2 2 2 2 2 2 2 2 2][ 5 5 5 5 5 5 5 5 5 5][ 2 2 2 2 2 2 2 2 2 2][ 2 2 2 2 2 2 2 2 2 2][ 2 2 2 2 2 2 2 2 2 2]]
left[[ 4 4 4 4 4 4 4 4 4 4][ 4 4 4 4 4 4 4 4 4 4][ 4 4 4 4 4 4 4 4 4 4][ 4 4 4 4 4 4 4 4 4 4][ 4 4 4 4 4 4 4 4 4 4][ 4 4 4 4 4 4 4 4 4 4][ 2 2 2 2 2 2 2 2 2 2][ 4 4 4 4 4 4 4 4 4 4][ 4 4 4 4 4 4 4 4 4 4][ 4 4 4 4 4 4 4 4 4 4]]
right[[ 5 5 5 5 5 5 5 5 5 5][ 5 5 5 5 5 5 5 5 5 5][ 5 5 5 5 5 5 5 5 5 5][ 5 5 5 5 5 5 5 5 5 5][ 5 5 5 5 5 5 5 5 5 5][ 5 5 5 5 5 5 5 5 5 5][ 3 3 3 3 3 3 3 3 3 3][ 5 5 5 5 5 5 5 5 5 5][ 5 5 5 5 5 5 5 5 5 5][ 5 5 5 5 5 5 5 5 5 5]]
up[[ 0 0 0 0 0 0 0 0 0 0][ 0 0 0 0 0 0 0 0 0 0][ 0 0 0 0 0 0 0 0 0 0][ 0 0 0 0 0 0 0 0 0 0][ 0 0 0 0 0 0 0 0 0 0][ 0 0 0 0 0 0 0 0 0 0][ 0 0 0 0 0 0 0 0 0 0][ 0 0 0 0 0 0 0 0 0 0][ 0 0 0 0 0 0 0 0 0 0][ 0 0 0 0 0 0 0 0 0 0]]

accion:D6
coste de la accion: 1
back[[ 3 3 3 3 3 3 3 3 3 3][ 3 3 3 3 3 3 3 3 3 3][ 3 3 3 3 3 3 3 3 3 3][ 3 3 3 3 3 3 3 3 3 3][ 3 3 3 3 3 3 3 3 3 3][ 3 3 3 3 3 3 3 3 3 3][ 5 5 5 5 5 5 5 5 5 5][ 3 3 3 3 3 3 3 3 3 3][ 3 3 3 3 3 3 3 3 3 3][ 3 3 3 3 3 3 3 3 3 3]]
down[[ 1 1 1 1 1 1 1 1 1 1][ 1 1 1 1 1 1 1 1 1 1][ 1 1 1 1 1 1 1 1 1 1][ 1 1 1 1 1 1 1 1 1 1][ 1 1 1 1 1 1 1 1 1 1][ 1 1 1 1 1 1 1 1 1 1][ 1 1 1 1 1 1 1 1 1 1][ 1 1 1 1 1 1 1 1 1 1][ 1 1 1 1 1 1 1 1 1 1][ 1 1 1 1 1 1 1 1 1 1]]
front[[ 2 2 2 2 2 2 2 2 2 2][ 2 2 2 2 2 2 2 2 2 2][ 2 2 2 2 2 2 2 2 2 2][ 2 2 2 2 2 2 2 2 2 2][ 2 2 2 2 2 2 2 2 2 2][ 2 2 2 2 2 2 2 2 2 2][ 4 4 4 4 4 4 4 4 4 4][ 2 2 2 2 2 2 2 2 2 2][ 2 2 2 2 2 2 2 2 2 2][ 2 2 2 2 2 2 2 2 2 2]]
left[[ 4 4 4 4 4 4 4 4 4 4][ 4 4 4 4 4 4 4 4 4 4][ 4 4 4 4 4 4 4 4 4 4][ 4 4 4 4 4 4 4 4 4 4][ 4 4 4 4 4 4 4 4 4 4][ 4 4 4 4 4 4 4 4 4 4][ 3 3 3 3 3 3 3 3 3 3][ 4 4 4 4 4 4 4 4 4 4][ 4 4 4 4 4 4 4 4 4 4][ 4 4 4 4 4 4 4 4 4 4]]
right[[ 5 5 5 5 5 5 5 5 5 5][ 5 5 5 5 5 5 5 5 5 5][ 5 5 5 5 5 5 5 5 5 5][ 5 5 5 5 5 5 5 5 5 5][ 5 5 5 5 5 5 5 5 5 5][ 5 5 5 5 5 5 5 5 5 5][ 2 2 2 2 2 2 2 2 2 2][ 5 5 5 5 5 5 5 5 5 5][ 5 5 5 5 5 5 5 5 5 5][ 5 5 5 5 5 5 5 5 5 5]]
up[[ 0 0 0 0 0 0 0 0 0 0][ 0 0 0 0 0 0 0 0 0 0][ 0 0 0 0 0 0 0 0 0 0][ 0 0 0 0 0 0 0 0 0 0][ 0 0 0 0 0 0 0 0 0 0][ 0 0 0 0 0 0 0 0 0 0][ 0 0 0 0 0 0 0 0 0 0][ 0 0 0 0 0 0 0 0 0 0][ 0 0 0 0 0 0 0 0 0 0][ 0 0 0 0 0 0 0 0 0 0]]

accion:d6
coste de la accion: 1
back[[ 3 3 3 3 3 3 3 3 3 3][ 3 3 3 3 3 3 3 3 3 3][ 3 3 3 3 3 3 3 3 3 3][ 3 3 3 3 3 3 3 3 3 3][ 3 3 3 3 3 3 3 3 3 3][ 3 3 3 3 3 3 3 3 3 3][ 1 1 1 1 1 1 1 1 1 1][ 3 3 3 3 3 3 3 3 3 3][ 3 3 3 3 3 3 3 3 3 3][ 3 3 3 3 3 3 3 3 3 3]]
down[[ 1 1 1 1 1 1 1 1 1 1][ 1 1 1 1 1 1 1 1 1 1][ 1 1 1 1 1 1 1 1 1 1][ 1 1 1 1 1 1 1 1 1 1][ 1 1 1 1 1 1 1 1 1 1][ 1 1 1 1 1 1 1 1 1 1][ 2 2 2 2 2 2 2 2 2 2][ 1 1 1 1 1 1 1 1 1 1][ 1 1 1 1 1 1 1 1 1 1][ 1 1 1 1 1 1 1 1 1 1]]
front[[ 2 2 2 2 2 2 2 2 2 2][ 2 2 2 2 2 2 2 2 2 2][ 2 2 2 2 2 2 2 2 2 2][ 2 2 2 2 2 2 2 2 2 2][ 2 2 2 2 2 2 2 2 2 2][ 2 2 2 2 2 2 2 2 2 2][ 0 0 0 0 0 0 0 0 0 0][ 2 2 2 2 2 2 2 2 2 2][ 2 2 2 2 2 2 2 2 2 2][ 2 2 2 2 2 2 2 2 2 2]]
left[[ 4 4 4 4 4 4 4 4 4 4][ 4 4 4 4 4 4 4 4 4 4][ 4 4 4 4 4 4 4 4 4 4][ 4 4 4 4 4 4 4 4 4 4][ 4 4 4 4 4 4 4 4 4 4][ 4 4 4 4 4 4 4 4 4 4][ 4 4 4 4 4 4 4 4 4 4][ 4 4 4 4 4 4 4 4 4 4][ 4 4 4 4 4 4 4 4 4 4][ 4 4 4 4 4 4 4 4 4 4]]
right[[ 5 5 5 5 5 5 5 5 5 5][ 5 5 5 5 5 5 5 5 5 5][ 5 5 5 5 5 5 5 5 5 5][ 5 5 5 5 5 5 5 5 5 5][ 5 5 5 5 5 5 5 5 5 5][ 5 5 5 5 5 5 5 5 5 5][ 5 5 5 5 5 5 5 5 5 5][ 5 5 5 5 5 5 5 5 5 5][ 5 5 5 5 5 5 5 5 5 5][ 5 5 5 5 5 5 5 5 5 5]]
up[[ 0 0 0 0 0 0 0 0 0 0][ 0 0 0 0 0 0 0 0 0 0][ 0 0 0 0 0 0 0 0 0 0][ 0 0 0 0 0 0 0 0 0 0][ 0 0 0 0 0 0 0 0 0 0][ 0 0 0 0 0 0 0 0 0 0][ 3 3 3 3 3 3 3 3 3 3][ 0 0 0 0 0 0 0 0 0 0][ 0 0 0 0 0 0 0 0 0 0][ 0 0 0 0 0 0 0 0 0 0]]

accion:L6
coste de la accion: 1
back[[ 3 3 3 3 3 3 3 3 3 3][ 3 3 3 3 3 3 3 3 3 3][ 3 3 3 3 3 3 3 3 3 3][ 3 3 3 3 3 3 3 3 3 3][ 3 3 3 3 3 3 3 3 3 3][ 3 3 3 3 3 3 3 3 3 3][ 0 0 0 0 0 0 0 0 0 0][ 3 3 3 3 3 3 3 3 3 3][ 3 3 3 3 3 3 3 3 3 3][ 3 3 3 3 3 3 3 3 3 3]]
down[[ 1 1 1 1 1 1 1 1 1 1][ 1 1 1 1 1 1 1 1 1 1][ 1 1 1 1 1 1 1 1 1 1][ 1 1 1 1 1 1 1 1 1 1][ 1 1 1 1 1 1 1 1 1 1][ 1 1 1 1 1 1 1 1 1 1][ 3 3 3 3 3 3 3 3 3 3][ 1 1 1 1 1 1 1 1 1 1][ 1 1 1 1 1 1 1 1 1 1][ 1 1 1 1 1 1 1 1 1 1]]
front[[ 2 2 2 2 2 2 2 2 2 2][ 2 2 2 2 2 2 2 2 2 2][ 2 2 2 2 2 2 2 2 2 2][ 2 2 2 2 2 2 2 2 2 2][ 2 2 2 2 2 2 2 2 2 2][ 2 2 2 2 2 2 2 2 2 2][ 1 1 1 1 1 1 1 1 1 1][ 2 2 2 2 2 2 2 2 2 2][ 2 2 2 2 2 2 2 2 2 2][ 2 2 2 2 2 2 2 2 2 2]]
left[[ 4 4 4 4 4 4 4 4 4 4][ 4 4 4 4 4 4 4 4 4 4][ 4 4 4 4 4 4 4 4 4 4][ 4 4 4 4 4 4 4 4 4 4][ 4 4 4 4 4 4 4 4 4 4][ 4 4 4 4 4 4 4 4 4 4][ 4 4 4 4 4 4 4 4 4 4][ 4 4 4 4 4 4 4 4 4 4][ 4 4 4 4 4 4 4 4 4 4][ 4 4 4 4 4 4 4 4 4 4]]
right[[ 5 5 5 5 5 5 5 5 5 5][ 5 5 5 5 5 5 5 5 5 5][ 5 5 5 5 5 5 5 5 5 5][ 5 5 5 5 5 5 5 5 5 5][ 5 5 5 5 5 5 5 5 5 5][ 5 5 5 5 5 5 5 5 5 5][ 5 5 5 5 5 5 5 5 5 5][ 5 5 5 5 5 5 5 5 5 5][ 5 5 5 5 5 5 5 5 5 5][ 5 5 5 5 5 5 5 5 5 5]]
up[[ 0 0 0 0 0 0 0 0 0 0][ 0 0 0 0 0 0 0 0 0 0][ 0 0 0 0 0 0 0 0 0 0][ 0 0 0 0 0 0 0 0 0 0][ 0 0 0 0 0 0 0 0 0 0][ 0 0 0 0 0 0 0 0 0 0][ 2 2 2 2 2 2 2 2 2 2][ 0 0 0 0 0 0 0 0 0 0][ 0 0 0 0 0 0 0 0 0 0][ 0 0 0 0 0 0 0 0 0 0]]

accion:l6
coste de la accion: 1
back[[ 3 3 3 3 3 3 3 3 3 3][ 3 3 3 3 3 3 3 3 3 3][ 3 3 3 3 3 3 3 3 3 3][ 3 3 3 3 3 3 3 3 3 3][ 3 3 3 3 3 3 3 3 3 3][ 3 3 3 3 3 3 3 3 3 3][ 3 3 3 3 3 3 3 3 3 3][ 3 3 3 3 3 3 3 3 3 3][ 3 3 3 3 3 3 3 3 3 3][ 3 3 3 3 3 3 3 3 3 3]]
down[[ 1 1 1 1 1 1 1 1 1 1][ 1 1 1 1 1 1 1 1 1 1][ 1 1 1 1 1 1 1 1 1 1][ 1 1 1 1 1 1 1 1 1 1][ 1 1 1 1 1 1 1 1 1 1][ 1 1 1 1 1 1 1 1 1 1][ 1 1 1 1 1 1 1 1 1 1][ 4 4 4 4 4 4 4 4 4 4][ 1 1 1 1 1 1 1 1 1 1][ 1 1 1 1 1 1 1 1 1 1]]
front[[ 2 2 2 2 2 2 2 2 2 2][ 2 2 2 2 2 2 2 2 2 2][ 2 2 2 2 2 2 2 2 2 2][ 2 2 2 2 2 2 2 2 2 2][ 2 2 2 2 2 2 2 2 2 2][ 2 2 2 2 2 2 2 2 2 2][ 2 2 2 2 2 2 2 2 2 2][ 2 2 2 2 2 2 2 2 2 2][ 2 2 2 2 2 2 2 2 2 2][ 2 2 2 2 2 2 2 2 2 2]]
left[[ 4 4 4 4 4 4 4 4 4 4][ 4 4 4 4 4 4 4 4 4 4][ 4 4 4 4 4 4 4 4 4 4][ 4 4 4 4 4 4 4 4 4 4][ 4 4 4 4 4 4 4 4 4 4][ 4 4 4 4 4 4 4 4 4 4][ 4 4 4 4 4 4 4 4 4 4][ 0 0 0 0 0 0 0 0 0 0][ 4 4 4 4 4 4 4 4 4 4][ 4 4 4 4 4 4 4 4 4 4]]
right[[ 5 5 5 5 5 5 5 5 5 5][ 5 5 5 5 5 5 5 5 5 5][ 5 5 5 5 5 5 5 5 5 5][ 5 5 5 5 5 5 5 5 5 5][ 5 5 5 5 5 5 5 5 5 5][ 5 5 5 5 5 5 5 5 5 5][ 5 5 5 5 5 5 5 5 5 5][ 1 1 1 1 1 1 1 1 1 1][ 5 5 5 5 5 5 5 5 5 5][ 5 5 5 5 5 5 5 5 5 5]]
up[[ 0 0 0 0 0 0 0 0 0 0][ 0 0 0 0 0 0 0 0 0 0][ 0 0 0 0 0 0 0 0 0 0][ 0 0 0 0 0 0 0 0 0 0][ 0 0 0 0 0 0 0 0 0 0][ 0 0 0 0 0 0 0 0 0 0][ 0 0 0 0 0 0 0 0 0 0][ 5 5 5 5 5 5 5 5 5 5][ 0 0 0 0 0 0 0 0 0 0][ 0 0 0 0 0 0 0 0 0 0]]

accion:B7
coste de la accion: 1
back[[ 3 3 3 3 3 3 3 3 3 3][ 3 3 3 3 3 3 3 3 3 3][ 3 3 3 3 3 3 3 3 3 3][ 3 3 3 3 3 3 3 3 3 3][ 3 3 3 3 3 3 3 3 3 3][ 3 3 3 3 3 3 3 3 3 3][ 3 3 3 3 3 3 3 3 3 3][ 3 3 3 3 3 3 3 3 3 3][ 3 3 3 3 3 3 3 3 3 3][ 3 3 3 3 3 3 3 3 3 3]]
down[[ 1 1 1 1 1 1 1 1 1 1][ 1 1 1 1 1 1 1 1 1 1][ 1 1 1 1 1 1 1 1 1 1][ 1 1 1 1 1 1 1 1 1 1][ 1 1 1 1 1 1 1 1 1 1][ 1 1 1 1 1 1 1 1 1 1][ 1 1 1 1 1 1 1 1 1 1][ 5 5 5 5 5 5 5 5 5 5][ 1 1 1 1 1 1 1 1 1 1][ 1 1 1 1 1 1 1 1 1 1]]
front[[ 2 2 2 2 2 2 2 2 2 2][ 2 2 2 2 2 2 2 2 2 2][ 2 2 2 2 2 2 2 2 2 2][ 2 2 2 2 2 2 2 2 2 2][ 2 2 2 2 2 2 2 2 2 2][ 2 2 2 2 2 2 2 2 2 2][ 2 2 2 2 2 2 2 2 2 2][ 2 2 2 2 2 2 2 2 2 2][ 2 2 2 2 2 2 2 2 2 2][ 2 2 2 2 2 2 2 2 2 2]]
left[[ 4 4 4 4 4 4 4 4 4 4][ 4 4 4 4 4 4 4 4 4 4][ 4 4 4 4 4 4 4 4 4 4][ 4 4 4 4 4 4 4 4 4 4][ 4 4 4 4 4 4 4 4 4 4][ 4 4 4 4 4 4 4 4 4 4][ 4 4 4 4 4 4 4 4 4 4][ 1 1 1 1 1 1 1 1 1 1][ 4 4 4 4 4 4 4 4 4 4][ 4 4 4 4 4 4 4 4 4 4]]
right[[ 5 5 5 5 5 5 5 5 5 5][ 5 5 5 5 5 5 5 5 5 5][ 5 5 5 5 5 5 5 5 5 5][ 5 5 5 5 5 5 5 5 5 5][ 5 5 5 5 5 5 5 5 5 5][ 5 5 5 5 5 5 5 5 5 5][ 5 5 5 5 5 5 5 5 5 5][ 0 0 0 0 0 0 0 0 0 0][ 5 5 5 5 5 5 5 5 5 5][ 5 5 5 5 5 5 5 5 5 5]]
up[[ 0 0 0 0 0 0 0 0 0 0][ 0 0 0 0 0 0 0 0 0 0][ 0 0 0 0 0 0 0 0 0 0][ 0 0 0 0 0 0 0 0 0 0][ 0 0 0 0 0 0 0 0 0 0][ 0 0 0 0 0 0 0 0 0 0][ 0 0 0 0 0 0 0 0 0 0][ 4 4 4 4 4 4 4 4 4 4][ 0 0 0 0 0 0 0 0 0 0][ 0 0 0 0 0 0 0 0 0 0]]

accion:b7
coste de la accion: 1
back[[ 3 3 3 3 3 3 3 3 3 3][ 3 3 3 3 3 3 3 3 3 3][ 3 3 3 3 3 3 3 3 3 3][ 3 3 3 3 3 3 3 3 3 3][ 3 3 3 3 3 3 3 3 3 3][ 3 3 3 3 3 3 3 3 3 3][ 3 3 3 3 3 3 3 3 3 3][ 4 4 4 4 4 4 4 4 4 4][ 3 3 3 3 3 3 3 3 3 3][ 3 3 3 3 3 3 3 3 3 3]]
down[[ 1 1 1 1 1 1 1 1 1 1][ 1 1 1 1 1 1 1 1 1 1][ 1 1 1 1 1 1 1 1 1 1][ 1 1 1 1 1 1 1 1 1 1][ 1 1 1 1 1 1 1 1 1 1][ 1 1 1 1 1 1 1 1 1 1][ 1 1 1 1 1 1 1 1 1 1][ 1 1 1 1 1 1 1 1 1 1][ 1 1 1 1 1 1 1 1 1 1][ 1 1 1 1 1 1 1 1 1 1]]
front[[ 2 2 2 2 2 2 2 2 2 2][ 2 2 2 2 2 2 2 2 2 2][ 2 2 2 2 2 2 2 2 2 2][ 2 2 2 2 2 2 2 2 2 2][ 2 2 2 2 2 2 2 2 2 2][ 2 2 2 2 2 2 2 2 2 2][ 2 2 2 2 2 2 2 2 2 2][ 5 5 5 5 5 5 5 5 5 5][ 2 2 2 2 2 2 2 2 2 2][ 2 2 2 2 2 2 2 2 2 2]]
left[[ 4 4 4 4 4 4 4 4 4 4][ 4 4 4 4 4 4 4 4 4 4][ 4 4 4 4 4 4 4 4 4 4][ 4 4 4 4 4 4 4 4 4 4][ 4 4 4 4 4 4 4 4 4 4][ 4 4 4 4 4 4 4 4 4 4][ 4 4 4 4 4 4 4 4 4 4][ 2 2 2 2 2 2 2 2 2 2][ 4 4 4 4 4 4 4 4 4 4][ 4 4 4 4 4 4 4 4 4 4]]
right[[ 5 5 5 5 5 5 5 5 5 5][ 5 5 5 5 5 5 5 5 5 5][ 5 5 5 5 5 5 5 5 5 5][ 5 5 5 5 5 5 5 5 5 5][ 5 5 5 5 5 5 5 5 5 5][ 5 5 5 5 5 5 5 5 5 5][ 5 5 5 5 5 5 5 5 5 5][ 3 3 3 3 3 3 3 3 3 3][ 5 5 5 5 5 5 5 5 5 5][ 5 5 5 5 5 5 5 5 5 5]]
up[[ 0 0 0 0 0 0 0 0 0 0][ 0 0 0 0 0 0 0 0 0 0][ 0 0 0 0 0 0 0 0 0 0][ 0 0 0 0 0 0 0 0 0 0][ 0 0 0 0 0 0 0 0 0 0][ 0 0 0 0 0 0 0 0 0 0][ 0 0 0 0 0 0 0 0 0 0][ 0 0 0 0 0 0 0 0 0 0][ 0 0 0 0 0 0 0 0 0 0][ 0 0 0 0 0 0 0 0 0 0]]

accion:D7
coste de la accion: 1
back[[ 3 3 3 3 3 3 3 3 3 3][ 3 3 3 3 3 3 3 3 3 3][ 3 3 3 3 3 3 3 3 3 3][ 3 3 3 3 3 3 3 3 3 3][ 3 3 3 3 3 3 3 3 3 3][ 3 3 3 3 3 3 3 3 3 3][ 3 3 3 3 3 3 3 3 3 3][ 5 5 5 5 5 5 5 5 5 5][ 3 3 3 3 3 3 3 3 3 3][ 3 3 3 3 3 3 3 3 3 3]]
down[[ 1 1 1 1 1 1 1 1 1 1][ 1 1 1 1 1 1 1 1 1 1][ 1 1 1 1 1 1 1 1 1 1][ 1 1 1 1 1 1 1 1 1 1][ 1 1 1 1 1 1 1 1 1 1][ 1 1 1 1 1 1 1 1 1 1][ 1 1 1 1 1 1 1 1 1 1][ 1 1 1 1 1 1 1 1 1 1][ 1 1 1 1 1 1 1 1 1 1][ 1 1 1 1 1 1 1 1 1 1]]
front[[ 2 2 2 2 2 2 2 2 2 2][ 2 2 2 2 2 2 2 2 2 2][ 2 2 2 2 2 2 2 2 2 2][ 2 2 2 2 2 2 2 2 2 2][ 2 2 2 2 2 2 2 2 2 2][ 2 2 2 2 2 2 2 2 2 2][ 2 2 2 2 2 2 2 2 2 2][ 4 4 4 4 4 4 4 4 4 4][ 2 2 2 2 2 2 2 2 2 2][ 2 2 2 2 2 2 2 2 2 2]]
left[[ 4 4 4 4 4 4 4 4 4 4][ 4 4 4 4 4 4 4 4 4 4][ 4 4 4 4 4 4 4 4 4 4][ 4 4 4 4 4 4 4 4 4 4][ 4 4 4 4 4 4 4 4 4 4][ 4 4 4 4 4 4 4 4 4 4][ 4 4 4 4 4 4 4 4 4 4][ 3 3 3 3 3 3 3 3 3 3][ 4 4 4 4 4 4 4 4 4 4][ 4 4 4 4 4 4 4 4 4 4]]
right[[ 5 5 5 5 5 5 5 5 5 5][ 5 5 5 5 5 5 5 5 5 5][ 5 5 5 5 5 5 5 5 5 5][ 5 5 5 5 5 5 5 5 5 5][ 5 5 5 5 5 5 5 5 5 5][ 5 5 5 5 5 5 5 5 5 5][ 5 5 5 5 5 5 5 5 5 5][ 2 2 2 2 2 2 2 2 2 2][ 5 5 5 5 5 5 5 5 5 5][ 5 5 5 5 5 5 5 5 5 5]]
up[[ 0 0 0 0 0 0 0 0 0 0][ 0 0 0 0 0 0 0 0 0 0][ 0 0 0 0 0 0 0 0 0 0][ 0 0 0 0 0 0 0 0 0 0][ 0 0 0 0 0 0 0 0 0 0][ 0 0 0 0 0 0 0 0 0 0][ 0 0 0 0 0 0 0 0 0 0][ 0 0 0 0 0 0 0 0 0 0][ 0 0 0 0 0 0 0 0 0 0][ 0 0 0 0 0 0 0 0 0 0]]

accion:d7
coste de la accion: 1
back[[ 3 3 3 3 3 3 3 3 3 3][ 3 3 3 3 3 3 3 3 3 3][ 3 3 3 3 3 3 3 3 3 3][ 3 3 3 3 3 3 3 3 3 3][ 3 3 3 3 3 3 3 3 3 3][ 3 3 3 3 3 3 3 3 3 3][ 3 3 3 3 3 3 3 3 3 3][ 1 1 1 1 1 1 1 1 1 1][ 3 3 3 3 3 3 3 3 3 3][ 3 3 3 3 3 3 3 3 3 3]]
down[[ 1 1 1 1 1 1 1 1 1 1][ 1 1 1 1 1 1 1 1 1 1][ 1 1 1 1 1 1 1 1 1 1][ 1 1 1 1 1 1 1 1 1 1][ 1 1 1 1 1 1 1 1 1 1][ 1 1 1 1 1 1 1 1 1 1][ 1 1 1 1 1 1 1 1 1 1][ 2 2 2 2 2 2 2 2 2 2][ 1 1 1 1 1 1 1 1 1 1][ 1 1 1 1 1 1 1 1 1 1]]
front[[ 2 2 2 2 2 2 2 2 2 2][ 2 2 2 2 2 2 2 2 2 2][ 2 2 2 2 2 2 2 2 2 2][ 2 2 2 2 2 2 2 2 2 2][ 2 2 2 2 2 2 2 2 2 2][ 2 2 2 2 2 2 2 2 2 2][ 2 2 2 2 2 2 2 2 2 2][ 0 0 0 0 0 0 0 0 0 0][ 2 2 2 2 2 2 2 2 2 2][ 2 2 2 2 2 2 2 2 2 2]]
left[[ 4 4 4 4 4 4 4 4 4 4][ 4 4 4 4 4 4 4 4 4 4][ 4 4 4 4 4 4 4 4 4 4][ 4 4 4 4 4 4 4 4 4 4][ 4 4 4 4 4 4 4 4 4 4][ 4 4 4 4 4 4 4 4 4 4][ 4 4 4 4 4 4 4 4 4 4][ 4 4 4 4 4 4 4 4 4 4][ 4 4 4 4 4 4 4 4 4 4][ 4 4 4 4 4 4 4 4 4 4]]
right[[ 5 5 5 5 5 5 5 5 5 5][ 5 5 5 5 5 5 5 5 5 5][ 5 5 5 5 5 5 5 5 5 5][ 5 5 5 5 5 5 5 5 5 5][ 5 5 5 5 5 5 5 5 5 5][ 5 5 5 5 5 5 5 5 5 5][ 5 5 5 5 5 5 5 5 5 5][ 5 5 5 5 5 5 5 5 5 5][ 5 5 5 5 5 5 5 5 5 5][ 5 5 5 5 5 5 5 5 5 5]]
up[[ 0 0 0 0 0 0 0 0 0 0][ 0 0 0 0 0 0 0 0 0 0][ 0 0 0 0 0 0 0 0 0 0][ 0 0 0 0 0 0 0 0 0 0][ 0 0 0 0 0 0 0 0 0 0][ 0 0 0 0 0 0 0 0 0 0][ 0 0 0 0 0 0 0 0 0 0][ 3 3 3 3 3 3 3 3 3 3][ 0 0 0 0 0 0 0 0 0 0][ 0 0 0 0 0 0 0 0 0 0]]

accion:L7
coste de la accion: 1
back[[ 3 3 3 3 3 3 3 3 3 3][ 3 3 3 3 3 3 3 3 3 3][ 3 3 3 3 3 3 3 3 3 3][ 3 3 3 3 3 3 3 3 3 3][ 3 3 3 3 3 3 3 3 3 3][ 3 3 3 3 3 3 3 3 3 3][ 3 3 3 3 3 3 3 3 3 3][ 0 0 0 0 0 0 0 0 0 0][ 3 3 3 3 3 3 3 3 3 3][ 3 3 3 3 3 3 3 3 3 3]]
down[[ 1 1 1 1 1 1 1 1 1 1][ 1 1 1 1 1 1 1 1 1 1][ 1 1 1 1 1 1 1 1 1 1][ 1 1 1 1 1 1 1 1 1 1][ 1 1 1 1 1 1 1 1 1 1][ 1 1 1 1 1 1 1 1 1 1][ 1 1 1 1 1 1 1 1 1 1][ 3 3 3 3 3 3 3 3 3 3][ 1 1 1 1 1 1 1 1 1 1][ 1 1 1 1 1 1 1 1 1 1]]
front[[ 2 2 2 2 2 2 2 2 2 2][ 2 2 2 2 2 2 2 2 2 2][ 2 2 2 2 2 2 2 2 2 2][ 2 2 2 2 2 2 2 2 2 2][ 2 2 2 2 2 2 2 2 2 2][ 2 2 2 2 2 2 2 2 2 2][ 2 2 2 2 2 2 2 2 2 2][ 1 1 1 1 1 1 1 1 1 1][ 2 2 2 2 2 2 2 2 2 2][ 2 2 2 2 2 2 2 2 2 2]]
left[[ 4 4 4 4 4 4 4 4 4 4][ 4 4 4 4 4 4 4 4 4 4][ 4 4 4 4 4 4 4 4 4 4][ 4 4 4 4 4 4 4 4 4 4][ 4 4 4 4 4 4 4 4 4 4][ 4 4 4 4 4 4 4 4 4 4][ 4 4 4 4 4 4 4 4 4 4][ 4 4 4 4 4 4 4 4 4 4][ 4 4 4 4 4 4 4 4 4 4][ 4 4 4 4 4 4 4 4 4 4]]
right[[ 5 5 5 5 5 5 5 5 5 5][ 5 5 5 5 5 5 5 5 5 5][ 5 5 5 5 5 5 5 5 5 5][ 5 5 5 5 5 5 5 5 5 5][ 5 5 5 5 5 5 5 5 5 5][ 5 5 5 5 5 5 5 5 5 5][ 5 5 5 5 5 5 5 5 5 5][ 5 5 5 5 5 5 5 5 5 5][ 5 5 5 5 5 5 5 5 5 5][ 5 5 5 5 5 5 5 5 5 5]]
up[[ 0 0 0 0 0 0 0 0 0 0][ 0 0 0 0 0 0 0 0 0 0][ 0 0 0 0 0 0 0 0 0 0][ 0 0 0 0 0 0 0 0 0 0][ 0 0 0 0 0 0 0 0 0 0][ 0 0 0 0 0 0 0 0 0 0][ 0 0 0 0 0 0 0 0 0 0][ 2 2 2 2 2 2 2 2 2 2][ 0 0 0 0 0 0 0 0 0 0][ 0 0 0 0 0 0 0 0 0 0]]

accion:l7
coste de la accion: 1
back[[ 3 3 3 3 3 3 3 3 3 3][ 3 3 3 3 3 3 3 3 3 3][ 3 3 3 3 3 3 3 3 3 3][ 3 3 3 3 3 3 3 3 3 3][ 3 3 3 3 3 3 3 3 3 3][ 3 3 3 3 3 3 3 3 3 3][ 3 3 3 3 3 3 3 3 3 3][ 3 3 3 3 3 3 3 3 3 3][ 3 3 3 3 3 3 3 3 3 3][ 3 3 3 3 3 3 3 3 3 3]]
down[[ 1 1 1 1 1 1 1 1 1 1][ 1 1 1 1 1 1 1 1 1 1][ 1 1 1 1 1 1 1 1 1 1][ 1 1 1 1 1 1 1 1 1 1][ 1 1 1 1 1 1 1 1 1 1][ 1 1 1 1 1 1 1 1 1 1][ 1 1 1 1 1 1 1 1 1 1][ 1 1 1 1 1 1 1 1 1 1][ 4 4 4 4 4 4 4 4 4 4][ 1 1 1 1 1 1 1 1 1 1]]
front[[ 2 2 2 2 2 2 2 2 2 2][ 2 2 2 2 2 2 2 2 2 2][ 2 2 2 2 2 2 2 2 2 2][ 2 2 2 2 2 2 2 2 2 2][ 2 2 2 2 2 2 2 2 2 2][ 2 2 2 2 2 2 2 2 2 2][ 2 2 2 2 2 2 2 2 2 2][ 2 2 2 2 2 2 2 2 2 2][ 2 2 2 2 2 2 2 2 2 2][ 2 2 2 2 2 2 2 2 2 2]]
left[[ 4 4 4 4 4 4 4 4 4 4][ 4 4 4 4 4 4 4 4 4 4][ 4 4 4 4 4 4 4 4 4 4][ 4 4 4 4 4 4 4 4 4 4][ 4 4 4 4 4 4 4 4 4 4][ 4 4 4 4 4 4 4 4 4 4][ 4 4 4 4 4 4 4 4 4 4][ 4 4 4 4 4 4 4 4 4 4][ 0 0 0 0 0 0 0 0 0 0][ 4 4 4 4 4 4 4 4 4 4]]
right[[ 5 5 5 5 5 5 5 5 5 5][ 5 5 5 5 5 5 5 5 5 5][ 5 5 5 5 5 5 5 5 5 5][ 5 5 5 5 5 5 5 5 5 5][ 5 5 5 5 5 5 5 5 5 5][ 5 5 5 5 5 5 5 5 5 5][ 5 5 5 5 5 5 5 5 5 5][ 5 5 5 5 5 5 5 5 5 5][ 1 1 1 1 1 1 1 1 1 1][ 5 5 5 5 5 5 5 5 5 5]]
up[[ 0 0 0 0 0 0 0 0 0 0][ 0 0 0 0 0 0 0 0 0 0][ 0 0 0 0 0 0 0 0 0 0][ 0 0 0 0 0 0 0 0 0 0][ 0 0 0 0 0 0 0 0 0 0][ 0 0 0 0 0 0 0 0 0 0][ 0 0 0 0 0 0 0 0 0 0][ 0 0 0 0 0 0 0 0 0 0][ 5 5 5 5 5 5 5 5 5 5][ 0 0 0 0 0 0 0 0 0 0]]

accion:B8
coste de la accion: 1
back[[ 3 3 3 3 3 3 3 3 3 3][ 3 3 3 3 3 3 3 3 3 3][ 3 3 3 3 3 3 3 3 3 3][ 3 3 3 3 3 3 3 3 3 3][ 3 3 3 3 3 3 3 3 3 3][ 3 3 3 3 3 3 3 3 3 3][ 3 3 3 3 3 3 3 3 3 3][ 3 3 3 3 3 3 3 3 3 3][ 3 3 3 3 3 3 3 3 3 3][ 3 3 3 3 3 3 3 3 3 3]]
down[[ 1 1 1 1 1 1 1 1 1 1][ 1 1 1 1 1 1 1 1 1 1][ 1 1 1 1 1 1 1 1 1 1][ 1 1 1 1 1 1 1 1 1 1][ 1 1 1 1 1 1 1 1 1 1][ 1 1 1 1 1 1 1 1 1 1][ 1 1 1 1 1 1 1 1 1 1][ 1 1 1 1 1 1 1 1 1 1][ 5 5 5 5 5 5 5 5 5 5][ 1 1 1 1 1 1 1 1 1 1]]
front[[ 2 2 2 2 2 2 2 2 2 2][ 2 2 2 2 2 2 2 2 2 2][ 2 2 2 2 2 2 2 2 2 2][ 2 2 2 2 2 2 2 2 2 2][ 2 2 2 2 2 2 2 2 2 2][ 2 2 2 2 2 2 2 2 2 2][ 2 2 2 2 2 2 2 2 2 2][ 2 2 2 2 2 2 2 2 2 2][ 2 2 2 2 2 2 2 2 2 2][ 2 2 2 2 2 2 2 2 2 2]]
left[[ 4 4 4 4 4 4 4 4 4 4][ 4 4 4 4 4 4 4 4 4 4][ 4 4 4 4 4 4 4 4 4 4][ 4 4 4 4 4 4 4 4 4 4][ 4 4 4 4 4 4 4 4 4 4][ 4 4 4 4 4 4 4 4 4 4][ 4 4 4 4 4 4 4 4 4 4][ 4 4 4 4 4 4 4 4 4 4][ 1 1 1 1 1 1 1 1 1 1][ 4 4 4 4 4 4 4 4 4 4]]
right[[ 5 5 5 5 5 5 5 5 5 5][ 5 5 5 5 5 5 5 5 5 5][ 5 5 5 5 5 5 5 5 5 5][ 5 5 5 5 5 5 5 5 5 5][ 5 5 5 5 5 5 5 5 5 5][ 5 5 5 5 5 5 5 5 5 5][ 5 5 5 5 5 5 5 5 5 5][ 5 5 5 5 5 5 5 5 5 5][ 0 0 0 0 0 0 0 0 0 0][ 5 5 5 5 5 5 5 5 5 5]]
up[[ 0 0 0 0 0 0 0 0 0 0][ 0 0 0 0 0 0 0 0 0 0][ 0 0 0 0 0 0 0 0 0 0][ 0 0 0 0 0 0 0 0 0 0][ 0 0 0 0 0 0 0 0 0 0][ 0 0 0 0 0 0 0 0 0 0][ 0 0 0 0 0 0 0 0 0 0][ 0 0 0 0 0 0 0 0 0 0][ 4 4 4 4 4 4 4 4 4 4][ 0 0 0 0 0 0 0 0 0 0]]

accion:b8
coste de la accion: 1
back[[ 3 3 3 3 3 3 3 3 3 3][ 3 3 3 3 3 3 3 3 3 3][ 3 3 3 3 3 3 3 3 3 3][ 3 3 3 3 3 3 3 3 3 3][ 3 3 3 3 3 3 3 3 3 3][ 3 3 3 3 3 3 3 3 3 3][ 3 3 3 3 3 3 3 3 3 3][ 3 3 3 3 3 3 3 3 3 3][ 4 4 4 4 4 4 4 4 4 4][ 3 3 3 3 3 3 3 3 3 3]]
down[[ 1 1 1 1 1 1 1 1 1 1][ 1 1 1 1 1 1 1 1 1 1][ 1 1 1 1 1 1 1 1 1 1][ 1 1 1 1 1 1 1 1 1 1][ 1 1 1 1 1 1 1 1 1 1][ 1 1 1 1 1 1 1 1 1 1][ 1 1 1 1 1 1 1 1 1 1][ 1 1 1 1 1 1 1 1 1 1][ 1 1 1 1 1 1 1 1 1 1][ 1 1 1 1 1 1 1 1 1 1]]
front[[ 2 2 2 2 2 2 2 2 2 2][ 2 2 2 2 2 2 2 2 2 2][ 2 2 2 2 2 2 2 2 2 2][ 2 2 2 2 2 2 2 2 2 2][ 2 2 2 2 2 2 2 2 2 2][ 2 2 2 2 2 2 2 2 2 2][ 2 2 2 2 2 2 2 2 2 2][ 2 2 2 2 2 2 2 2 2 2][ 5 5 5 5 5 5 5 5 5 5][ 2 2 2 2 2 2 2 2 2 2]]
left[[ 4 4 4 4 4 4 4 4 4 4][ 4 4 4 4 4 4 4 4 4 4][ 4 4 4 4 4 4 4 4 4 4][ 4 4 4 4 4 4 4 4 4 4][ 4 4 4 4 4 4 4 4 4 4][ 4 4 4 4 4 4 4 4 4 4][ 4 4 4 4 4 4 4 4 4 4][ 4 4 4 4 4 4 4 4 4 4][ 2 2 2 2 2 2 2 2 2 2][ 4 4 4 4 4 4 4 4 4 4]]
right[[ 5 5 5 5 5 5 5 5 5 5][ 5 5 5 5 5 5 5 5 5 5][ 5 5 5 5 5 5 5 5 5 5][ 5 5 5 5 5 5 5 5 5 5][ 5 5 5 5 5 5 5 5 5 5][ 5 5 5 5 5 5 5 5 5 5][ 5 5 5 5 5 5 5 5 5 5][ 5 5 5 5 5 5 5 5 5 5][ 3 3 3 3 3 3 3 3 3 3][ 5 5 5 5 5 5 5 5 5 5]]
up[[ 0 0 0 0 0 0 0 0 0 0][ 0 0 0 0 0 0 0 0 0 0][ 0 0 0 0 0 0 0 0 0 0][ 0 0 0 0 0 0 0 0 0 0][ 0 0 0 0 0 0 0 0 0 0][ 0 0 0 0 0 0 0 0 0 0][ 0 0 0 0 0 0 0 0 0 0][ 0 0 0 0 0 0 0 0 0 0][ 0 0 0 0 0 0 0 0 0 0][ 0 0 0 0 0 0 0 0 0 0]]

accion:D8
coste de la accion: 1
back[[ 3 3 3 3 3 3 3 3 3 3][ 3 3 3 3 3 3 3 3 3 3][ 3 3 3 3 3 3 3 3 3 3][ 3 3 3 3 3 3 3 3 3 3][ 3 3 3 3 3 3 3 3 3 3][ 3 3 3 3 3 3 3 3 3 3][ 3 3 3 3 3 3 3 3 3 3][ 3 3 3 3 3 3 3 3 3 3][ 5 5 5 5 5 5 5 5 5 5][ 3 3 3 3 3 3 3 3 3 3]]
down[[ 1 1 1 1 1 1 1 1 1 1][ 1 1 1 1 1 1 1 1 1 1][ 1 1 1 1 1 1 1 1 1 1][ 1 1 1 1 1 1 1 1 1 1][ 1 1 1 1 1 1 1 1 1 1][ 1 1 1 1 1 1 1 1 1 1][ 1 1 1 1 1 1 1 1 1 1][ 1 1 1 1 1 1 1 1 1 1][ 1 1 1 1 1 1 1 1 1 1][ 1 1 1 1 1 1 1 1 1 1]]
front[[ 2 2 2 2 2 2 2 2 2 2][ 2 2 2 2 2 2 2 2 2 2][ 2 2 2 2 2 2 2 2 2 2][ 2 2 2 2 2 2 2 2 2 2][ 2 2 2 2 2 2 2 2 2 2][ 2 2 2 2 2 2 2 2 2 2][ 2 2 2 2 2 2 2 2 2 2][ 2 2 2 2 2 2 2 2 2 2][ 4 4 4 4 4 4 4 4 4 4][ 2 2 2 2 2 2 2 2 2 2]]
left[[ 4 4 4 4 4 4 4 4 4 4][ 4 4 4 4 4 4 4 4 4 4][ 4 4 4 4 4 4 4 4 4 4][ 4 4 4 4 4 4 4 4 4 4][ 4 4 4 4 4 4 4 4 4 4][ 4 4 4 4 4 4 4 4 4 4][ 4 4 4 4 4 4 4 4 4 4][ 4 4 4 4 4 4 4 4 4 4][ 3 3 3 3 3 3 3 3 3 3][ 4 4 4 4 4 4 4 4 4 4]]
right[[ 5 5 5 5 5 5 5 5 5 5][ 5 5 5 5 5 5 5 5 5 5][ 5 5 5 5 5 5 5 5 5 5][ 5 5 5 5 5 5 5 5 5 5][ 5 5 5 5 5 5 5 5 5 5][ 5 5 5 5 5 5 5 5 5 5][ 5 5 5 5 5 5 5 5 5 5][ 5 5 5 5 5 5 5 5 5 5][ 2 2 2 2 2 2 2 2 2 2][ 5 5 5 5 5 5 5 5 5 5]]
up[[ 0 0 0 0 0 0 0 0 0 0][ 0 0 0 0 0 0 0 0 0 0][ 0 0 0 0 0 0 0 0 0 0][ 0 0 0 0 0 0 0 0 0 0][ 0 0 0 0 0 0 0 0 0 0][ 0 0 0 0 0 0 0 0 0 0][ 0 0 0 0 0 0 0 0 0 0][ 0 0 0 0 0 0 0 0 0 0][ 0 0 0 0 0 0 0 0 0 0][ 0 0 0 0 0 0 0 0 0 0]]

accion:d8
coste de la accion: 1
back[[ 3 3 3 3 3 3 3 3 3 3][ 3 3 3 3 3 3 3 3 3 3][ 3 3 3 3 3 3 3 3 3 3][ 3 3 3 3 3 3 3 3 3 3][ 3 3 3 3 3 3 3 3 3 3][ 3 3 3 3 3 3 3 3 3 3][ 3 3 3 3 3 3 3 3 3 3][ 3 3 3 3 3 3 3 3 3 3][ 1 1 1 1 1 1 1 1 1 1][ 3 3 3 3 3 3 3 3 3 3]]
down[[ 1 1 1 1 1 1 1 1 1 1][ 1 1 1 1 1 1 1 1 1 1][ 1 1 1 1 1 1 1 1 1 1][ 1 1 1 1 1 1 1 1 1 1][ 1 1 1 1 1 1 1 1 1 1][ 1 1 1 1 1 1 1 1 1 1][ 1 1 1 1 1 1 1 1 1 1][ 1 1 1 1 1 1 1 1 1 1][ 2 2 2 2 2 2 2 2 2 2][ 1 1 1 1 1 1 1 1 1 1]]
front[[ 2 2 2 2 2 2 2 2 2 2][ 2 2 2 2 2 2 2 2 2 2][ 2 2 2 2 2 2 2 2 2 2][ 2 2 2 2 2 2 2 2 2 2][ 2 2 2 2 2 2 2 2 2 2][ 2 2 2 2 2 2 2 2 2 2][ 2 2 2 2 2 2 2 2 2 2][ 2 2 2 2 2 2 2 2 2 2][ 0 0 0 0 0 0 0 0 0 0][ 2 2 2 2 2 2 2 2 2 2]]
left[[ 4 4 4 4 4 4 4 4 4 4][ 4 4 4 4 4 4 4 4 4 4][ 4 4 4 4 4 4 4 4 4 4][ 4 4 4 4 4 4 4 4 4 4][ 4 4 4 4 4 4 4 4 4 4][ 4 4 4 4 4 4 4 4 4 4][ 4 4 4 4 4 4 4 4 4 4][ 4 4 4 4 4 4 4 4 4 4][ 4 4 4 4 4 4 4 4 4 4][ 4 4 4 4 4 4 4 4 4 4]]
right[[ 5 5 5 5 5 5 5 5 5 5][ 5 5 5 5 5 5 5 5 5 5][ 5 5 5 5 5 5 5 5 5 5][ 5 5 5 5 5 5 5 5 5 5][ 5 5 5 5 5 5 5 5 5 5][ 5 5 5 5 5 5 5 5 5 5][ 5 5 5 5 5 5 5 5 5 5][ 5 5 5 5 5 5 5 5 5 5][ 5 5 5 5 5 5 5 5 5 5][ 5 5 5 5 5 5 5 5 5 5]]
up[[ 0 0 0 0 0 0 0 0 0 0][ 0 0 0 0 0 0 0 0 0 0][ 0 0 0 0 0 0 0 0 0 0][ 0 0 0 0 0 0 0 0 0 0][ 0 0 0 0 0 0 0 0 0 0][ 0 0 0 0 0 0 0 0 0 0][ 0 0 0 0 0 0 0 0 0 0][ 0 0 0 0 0 0 0 0 0 0][ 3 3 3 3 3 3 3 3 3 3][ 0 0 0 0 0 0 0 0 0 0]]

accion:L8
coste de la accion: 1
back[[ 3 3 3 3 3 3 3 3 3 3][ 3 3 3 3 3 3 3 3 3 3][ 3 3 3 3 3 3 3 3 3 3][ 3 3 3 3 3 3 3 3 3 3][ 3 3 3 3 3 3 3 3 3 3][ 3 3 3 3 3 3 3 3 3 3][ 3 3 3 3 3 3 3 3 3 3][ 3 3 3 3 3 3 3 3 3 3][ 0 0 0 0 0 0 0 0 0 0][ 3 3 3 3 3 3 3 3 3 3]]
down[[ 1 1 1 1 1 1 1 1 1 1][ 1 1 1 1 1 1 1 1 1 1][ 1 1 1 1 1 1 1 1 1 1][ 1 1 1 1 1 1 1 1 1 1][ 1 1 1 1 1 1 1 1 1 1][ 1 1 1 1 1 1 1 1 1 1][ 1 1 1 1 1 1 1 1 1 1][ 1 1 1 1 1 1 1 1 1 1][ 3 3 3 3 3 3 3 3 3 3][ 1 1 1 1 1 1 1 1 1 1]]
front[[ 2 2 2 2 2 2 2 2 2 2][ 2 2 2 2 2 2 2 2 2 2][ 2 2 2 2 2 2 2 2 2 2][ 2 2 2 2 2 2 2 2 2 2][ 2 2 2 2 2 2 2 2 2 2][ 2 2 2 2 2 2 2 2 2 2][ 2 2 2 2 2 2 2 2 2 2][ 2 2 2 2 2 2 2 2 2 2][ 1 1 1 1 1 1 1 1 1 1][ 2 2 2 2 2 2 2 2 2 2]]
left[[ 4 4 4 4 4 4 4 4 4 4][ 4 4 4 4 4 4 4 4 4 4][ 4 4 4 4 4 4 4 4 4 4][ 4 4 4 4 4 4 4 4 4 4][ 4 4 4 4 4 4 4 4 4 4][ 4 4 4 4 4 4 4 4 4 4][ 4 4 4 4 4 4 4 4 4 4][ 4 4 4 4 4 4 4 4 4 4][ 4 4 4 4 4 4 4 4 4 4][ 4 4 4 4 4 4 4 4 4 4]]
right[[ 5 5 5 5 5 5 5 5 5 5][ 5 5 5 5 5 5 5 5 5 5][ 5 5 5 5 5 5 5 5 5 5][ 5 5 5 5 5 5 5 5 5 5][ 5 5 5 5 5 5 5 5 5 5][ 5 5 5 5 5 5 5 5 5 5][ 5 5 5 5 5 5 5 5 5 5][ 5 5 5 5 5 5 5 5 5 5][ 5 5 5 5 5 5 5 5 5 5][ 5 5 5 5 5 5 5 5 5 5]]
up[[ 0 0 0 0 0 0 0 0 0 0][ 0 0 0 0 0 0 0 0 0 0][ 0 0 0 0 0 0 0 0 0 0][ 0 0 0 0 0 0 0 0 0 0][ 0 0 0 0 0 0 0 0 0 0][ 0 0 0 0 0 0 0 0 0 0][ 0 0 0 0 0 0 0 0 0 0][ 0 0 0 0 0 0 0 0 0 0][ 2 2 2 2 2 2 2 2 2 2][ 0 0 0 0 0 0 0 0 0 0]]

accion:l8
coste de la accion: 1
back[[ 3 3 3 3 3 3 3 3 3 3][ 3 3 3 3 3 3 3 3 3 3][ 3 3 3 3 3 3 3 3 3 3][ 3 3 3 3 3 3 3 3 3 3][ 3 3 3 3 3 3 3 3 3 3][ 3 3 3 3 3 3 3 3 3 3][ 3 3 3 3 3 3 3 3 3 3][ 3 3 3 3 3 3 3 3 3 3][ 3 3 3 3 3 3 3 3 3 3][ 3 3 3 3 3 3 3 3 3 3]]
down[[ 1 1 1 1 1 1 1 1 1 1][ 1 1 1 1 1 1 1 1 1 1][ 1 1 1 1 1 1 1 1 1 1][ 1 1 1 1 1 1 1 1 1 1][ 1 1 1 1 1 1 1 1 1 1][ 1 1 1 1 1 1 1 1 1 1][ 1 1 1 1 1 1 1 1 1 1][ 1 1 1 1 1 1 1 1 1 1][ 1 1 1 1 1 1 1 1 1 1][ 4 4 4 4 4 4 4 4 4 4]]
front[[ 2 2 2 2 2 2 2 2 2 2][ 2 2 2 2 2 2 2 2 2 2][ 2 2 2 2 2 2 2 2 2 2][ 2 2 2 2 2 2 2 2 2 2][ 2 2 2 2 2 2 2 2 2 2][ 2 2 2 2 2 2 2 2 2 2][ 2 2 2 2 2 2 2 2 2 2][ 2 2 2 2 2 2 2 2 2 2][ 2 2 2 2 2 2 2 2 2 2][ 2 2 2 2 2 2 2 2 2 2]]
left[[ 4 4 4 4 4 4 4 4 4 4][ 4 4 4 4 4 4 4 4 4 4][ 4 4 4 4 4 4 4 4 4 4][ 4 4 4 4 4 4 4 4 4 4][ 4 4 4 4 4 4 4 4 4 4][ 4 4 4 4 4 4 4 4 4 4][ 4 4 4 4 4 4 4 4 4 4][ 4 4 4 4 4 4 4 4 4 4][ 4 4 4 4 4 4 4 4 4 4][ 0 0 0 0 0 0 0 0 0 0]]
right[[ 5 5 5 5 5 5 5 5 5 5][ 5 5 5 5 5 5 5 5 5 5][ 5 5 5 5 5 5 5 5 5 5][ 5 5 5 5 5 5 5 5 5 5][ 5 5 5 5 5 5 5 5 5 5][ 5 5 5 5 5 5 5 5 5 5][ 5 5 5 5 5 5 5 5 5 5][ 5 5 5 5 5 5 5 5 5 5][ 5 5 5 5 5 5 5 5 5 5][ 1 1 1 1 1 1 1 1 1 1]]
up[[ 0 0 0 0 0 0 0 0 0 0][ 0 0 0 0 0 0 0 0 0 0][ 0 0 0 0 0 0 0 0 0 0][ 0 0 0 0 0 0 0 0 0 0][ 0 0 0 0 0 0 0 0 0 0][ 0 0 0 0 0 0 0 0 0 0][ 0 0 0 0 0 0 0 0 0 0][ 0 0 0 0 0 0 0 0 0 0][ 0 0 0 0 0 0 0 0 0 0][ 5 5 5 5 5 5 5 5 5 5]]

accion:B9
coste de la accion: 1
back[[ 3 3 3 3 3 3 3 3 3 3][ 3 3 3 3 3 3 3 3 3 3][ 3 3 3 3 3 3 3 3 3 3][ 3 3 3 3 3 3 3 3 3 3][ 3 3 3 3 3 3 3 3 3 3][ 3 3 3 3 3 3 3 3 3 3][ 3 3 3 3 3 3 3 3 3 3][ 3 3 3 3 3 3 3 3 3 3][ 3 3 3 3 3 3 3 3 3 3][ 3 3 3 3 3 3 3 3 3 3]]
down[[ 1 1 1 1 1 1 1 1 1 1][ 1 1 1 1 1 1 1 1 1 1][ 1 1 1 1 1 1 1 1 1 1][ 1 1 1 1 1 1 1 1 1 1][ 1 1 1 1 1 1 1 1 1 1][ 1 1 1 1 1 1 1 1 1 1][ 1 1 1 1 1 1 1 1 1 1][ 1 1 1 1 1 1 1 1 1 1][ 1 1 1 1 1 1 1 1 1 1][ 5 5 5 5 5 5 5 5 5 5]]
front[[ 2 2 2 2 2 2 2 2 2 2][ 2 2 2 2 2 2 2 2 2 2][ 2 2 2 2 2 2 2 2 2 2][ 2 2 2 2 2 2 2 2 2 2][ 2 2 2 2 2 2 2 2 2 2][ 2 2 2 2 2 2 2 2 2 2][ 2 2 2 2 2 2 2 2 2 2][ 2 2 2 2 2 2 2 2 2 2][ 2 2 2 2 2 2 2 2 2 2][ 2 2 2 2 2 2 2 2 2 2]]
left[[ 4 4 4 4 4 4 4 4 4 4][ 4 4 4 4 4 4 4 4 4 4][ 4 4 4 4 4 4 4 4 4 4][ 4 4 4 4 4 4 4 4 4 4][ 4 4 4 4 4 4 4 4 4 4][ 4 4 4 4 4 4 4 4 4 4][ 4 4 4 4 4 4 4 4 4 4][ 4 4 4 4 4 4 4 4 4 4][ 4 4 4 4 4 4 4 4 4 4][ 1 1 1 1 1 1 1 1 1 1]]
right[[ 5 5 5 5 5 5 5 5 5 5][ 5 5 5 5 5 5 5 5 5 5][ 5 5 5 5 5 5 5 5 5 5][ 5 5 5 5 5 5 5 5 5 5][ 5 5 5 5 5 5 5 5 5 5][ 5 5 5 5 5 5 5 5 5 5][ 5 5 5 5 5 5 5 5 5 5][ 5 5 5 5 5 5 5 5 5 5][ 5 5 5 5 5 5 5 5 5 5][ 0 0 0 0 0 0 0 0 0 0]]
up[[ 0 0 0 0 0 0 0 0 0 0][ 0 0 0 0 0 0 0 0 0 0][ 0 0 0 0 0 0 0 0 0 0][ 0 0 0 0 0 0 0 0 0 0][ 0 0 0 0 0 0 0 0 0 0][ 0 0 0 0 0 0 0 0 0 0][ 0 0 0 0 0 0 0 0 0 0][ 0 0 0 0 0 0 0 0 0 0][ 0 0 0 0 0 0 0 0 0 0][ 4 4 4 4 4 4 4 4 4 4]]

accion:b9
coste de la accion: 1
back[[ 3 3 3 3 3 3 3 3 3 3][ 3 3 3 3 3 3 3 3 3 3][ 3 3 3 3 3 3 3 3 3 3][ 3 3 3 3 3 3 3 3 3 3][ 3 3 3 3 3 3 3 3 3 3][ 3 3 3 3 3 3 3 3 3 3][ 3 3 3 3 3 3 3 3 3 3][ 3 3 3 3 3 3 3 3 3 3][ 3 3 3 3 3 3 3 3 3 3][ 4 4 4 4 4 4 4 4 4 4]]
down[[ 1 1 1 1 1 1 1 1 1 1][ 1 1 1 1 1 1 1 1 1 1][ 1 1 1 1 1 1 1 1 1 1][ 1 1 1 1 1 1 1 1 1 1][ 1 1 1 1 1 1 1 1 1 1][ 1 1 1 1 1 1 1 1 1 1][ 1 1 1 1 1 1 1 1 1 1][ 1 1 1 1 1 1 1 1 1 1][ 1 1 1 1 1 1 1 1 1 1][ 1 1 1 1 1 1 1 1 1 1]]
front[[ 2 2 2 2 2 2 2 2 2 2][ 2 2 2 2 2 2 2 2 2 2][ 2 2 2 2 2 2 2 2 2 2][ 2 2 2 2 2 2 2 2 2 2][ 2 2 2 2 2 2 2 2 2 2][ 2 2 2 2 2 2 2 2 2 2][ 2 2 2 2 2 2 2 2 2 2][ 2 2 2 2 2 2 2 2 2 2][ 2 2 2 2 2 2 2 2 2 2][ 5 5 5 5 5 5 5 5 5 5]]
left[[ 4 4 4 4 4 4 4 4 4 4][ 4 4 4 4 4 4 4 4 4 4][ 4 4 4 4 4 4 4 4 4 4][ 4 4 4 4 4 4 4 4 4 4][ 4 4 4 4 4 4 4 4 4 4][ 4 4 4 4 4 4 4 4 4 4][ 4 4 4 4 4 4 4 4 4 4][ 4 4 4 4 4 4 4 4 4 4][ 4 4 4 4 4 4 4 4 4 4][ 2 2 2 2 2 2 2 2 2 2]]
right[[ 5 5 5 5 5 5 5 5 5 5][ 5 5 5 5 5 5 5 5 5 5][ 5 5 5 5 5 5 5 5 5 5][ 5 5 5 5 5 5 5 5 5 5][ 5 5 5 5 5 5 5 5 5 5][ 5 5 5 5 5 5 5 5 5 5][ 5 5 5 5 5 5 5 5 5 5][ 5 5 5 5 5 5 5 5 5 5][ 5 5 5 5 5 5 5 5 5 5][ 3 3 3 3 3 3 3 3 3 3]]
up[[ 0 0 0 0 0 0 0 0 0 0][ 0 0 0 0 0 0 0 0 0 0][ 0 0 0 0 0 0 0 0 0 0][ 0 0 0 0 0 0 0 0 0 0][ 0 0 0 0 0 0 0 0 0 0][ 0 0 0 0 0 0 0 0 0 0][ 0 0 0 0 0 0 0 0 0 0][ 0 0 0 0 0 0 0 0 0 0][ 0 0 0 0 0 0 0 0 0 0][ 0 0 0 0 0 0 0 0 0 0]]

accion:D9
coste de la accion: 1
back[[ 3 3 3 3 3 3 3 3 3 3][ 3 3 3 3 3 3 3 3 3 3][ 3 3 3 3 3 3 3 3 3 3][ 3 3 3 3 3 3 3 3 3 3][ 3 3 3 3 3 3 3 3 3 3][ 3 3 3 3 3 3 3 3 3 3][ 3 3 3 3 3 3 3 3 3 3][ 3 3 3 3 3 3 3 3 3 3][ 3 3 3 3 3 3 3 3 3 3][ 5 5 5 5 5 5 5 5 5 5]]
down[[ 1 1 1 1 1 1 1 1 1 1][ 1 1 1 1 1 1 1 1 1 1][ 1 1 1 1 1 1 1 1 1 1][ 1 1 1 1 1 1 1 1 1 1][ 1 1 1 1 1 1 1 1 1 1][ 1 1 1 1 1 1 1 1 1 1][ 1 1 1 1 1 1 1 1 1 1][ 1 1 1 1 1 1 1 1 1 1][ 1 1 1 1 1 1 1 1 1 1][ 1 1 1 1 1 1 1 1 1 1]]
front[[ 2 2 2 2 2 2 2 2 2 2][ 2 2 2 2 2 2 2 2 2 2][ 2 2 2 2 2 2 2 2 2 2][ 2 2 2 2 2 2 2 2 2 2][ 2 2 2 2 2 2 2 2 2 2][ 2 2 2 2 2 2 2 2 2 2][ 2 2 2 2 2 2 2 2 2 2][ 2 2 2 2 2 2 2 2 2 2][ 2 2 2 2 2 2 2 2 2 2][ 4 4 4 4 4 4 4 4 4 4]]
left[[ 4 4 4 4 4 4 4 4 4 4][ 4 4 4 4 4 4 4 4 4 4][ 4 4 4 4 4 4 4 4 4 4][ 4 4 4 4 4 4 4 4 4 4][ 4 4 4 4 4 4 4 4 4 4][ 4 4 4 4 4 4 4 4 4 4][ 4 4 4 4 4 4 4 4 4 4][ 4 4 4 4 4 4 4 4 4 4][ 4 4 4 4 4 4 4 4 4 4][ 3 3 3 3 3 3 3 3 3 3]]
right[[ 5 5 5 5 5 5 5 5 5 5][ 5 5 5 5 5 5 5 5 5 5][ 5 5 5 5 5 5 5 5 5 5][ 5 5 5 5 5 5 5 5 5 5][ 5 5 5 5 5 5 5 5 5 5][ 5 5 5 5 5 5 5 5 5 5][ 5 5 5 5 5 5 5 5 5 5][ 5 5 5 5 5 5 5 5 5 5][ 5 5 5 5 5 5 5 5 5 5][ 2 2 2 2 2 2 2 2 2 2]]
up[[ 0 0 0 0 0 0 0 0 0 0][ 0 0 0 0 0 0 0 0 0 0][ 0 0 0 0 0 0 0 0 0 0][ 0 0 0 0 0 0 0 0 0 0][ 0 0 0 0 0 0 0 0 0 0][ 0 0 0 0 0 0 0 0 0 0][ 0 0 0 0 0 0 0 0 0 0][ 0 0 0 0 0 0 0 0 0 0][ 0 0 0 0 0 0 0 0 0 0][ 0 0 0 0 0 0 0 0 0 0]]

accion:d9
coste de la accion: 1
back[[ 3 3 3 3 3 3 3 3 3 3][ 3 3 3 3 3 3 3 3 3 3][ 3 3 3 3 3 3 3 3 3 3][ 3 3 3 3 3 3 3 3 3 3][ 3 3 3 3 3 3 3 3 3 3][ 3 3 3 3 3 3 3 3 3 3][ 3 3 3 3 3 3 3 3 3 3][ 3 3 3 3 3 3 3 3 3 3][ 3 3 3 3 3 3 3 3 3 3][ 1 1 1 1 1 1 1 1 1 1]]
down[[ 1 1 1 1 1 1 1 1 1 1][ 1 1 1 1 1 1 1 1 1 1][ 1 1 1 1 1 1 1 1 1 1][ 1 1 1 1 1 1 1 1 1 1][ 1 1 1 1 1 1 1 1 1 1][ 1 1 1 1 1 1 1 1 1 1][ 1 1 1 1 1 1 1 1 1 1][ 1 1 1 1 1 1 1 1 1 1][ 1 1 1 1 1 1 1 1 1 1][ 2 2 2 2 2 2 2 2 2 2]]
front[[ 2 2 2 2 2 2 2 2 2 2][ 2 2 2 2 2 2 2 2 2 2][ 2 2 2 2 2 2 2 2 2 2][ 2 2 2 2 2 2 2 2 2 2][ 2 2 2 2 2 2 2 2 2 2][ 2 2 2 2 2 2 2 2 2 2][ 2 2 2 2 2 2 2 2 2 2][ 2 2 2 2 2 2 2 2 2 2][ 2 2 2 2 2 2 2 2 2 2][ 0 0 0 0 0 0 0 0 0 0]]
left[[ 4 4 4 4 4 4 4 4 4 4][ 4 4 4 4 4 4 4 4 4 4][ 4 4 4 4 4 4 4 4 4 4][ 4 4 4 4 4 4 4 4 4 4][ 4 4 4 4 4 4 4 4 4 4][ 4 4 4 4 4 4 4 4 4 4][ 4 4 4 4 4 4 4 4 4 4][ 4 4 4 4 4 4 4 4 4 4][ 4 4 4 4 4 4 4 4 4 4][ 4 4 4 4 4 4 4 4 4 4]]
right[[ 5 5 5 5 5 5 5 5 5 5][ 5 5 5 5 5 5 5 5 5 5][ 5 5 5 5 5 5 5 5 5 5][ 5 5 5 5 5 5 5 5 5 5][ 5 5 5 5 5 5 5 5 5 5][ 5 5 5 5 5 5 5 5 5 5][ 5 5 5 5 5 5 5 5 5 5][ 5 5 5 5 5 5 5 5 5 5][ 5 5 5 5 5 5 5 5 5 5][ 5 5 5 5 5 5 5 5 5 5]]
up[[ 0 0 0 0 0 0 0 0 0 0][ 0 0 0 0 0 0 0 0 0 0][ 0 0 0 0 0 0 0 0 0 0][ 0 0 0 0 0 0 0 0 0 0][ 0 0 0 0 0 0 0 0 0 0][ 0 0 0 0 0 0 0 0 0 0][ 0 0 0 0 0 0 0 0 0 0][ 0 0 0 0 0 0 0 0 0 0][ 0 0 0 0 0 0 0 0 0 0][ 3 3 3 3 3 3 3 3 3 3]]

accion:L9
coste de la accion: 1
back[[ 3 3 3 3 3 3 3 3 3 3][ 3 3 3 3 3 3 3 3 3 3][ 3 3 3 3 3 3 3 3 3 3][ 3 3 3 3 3 3 3 3 3 3][ 3 3 3 3 3 3 3 3 3 3][ 3 3 3 3 3 3 3 3 3 3][ 3 3 3 3 3 3 3 3 3 3][ 3 3 3 3 3 3 3 3 3 3][ 3 3 3 3 3 3 3 3 3 3][ 0 0 0 0 0 0 0 0 0 0]]
down[[ 1 1 1 1 1 1 1 1 1 1][ 1 1 1 1 1 1 1 1 1 1][ 1 1 1 1 1 1 1 1 1 1][ 1 1 1 1 1 1 1 1 1 1][ 1 1 1 1 1 1 1 1 1 1][ 1 1 1 1 1 1 1 1 1 1][ 1 1 1 1 1 1 1 1 1 1][ 1 1 1 1 1 1 1 1 1 1][ 1 1 1 1 1 1 1 1 1 1][ 3 3 3 3 3 3 3 3 3 3]]
front[[ 2 2 2 2 2 2 2 2 2 2][ 2 2 2 2 2 2 2 2 2 2][ 2 2 2 2 2 2 2 2 2 2][ 2 2 2 2 2 2 2 2 2 2][ 2 2 2 2 2 2 2 2 2 2][ 2 2 2 2 2 2 2 2 2 2][ 2 2 2 2 2 2 2 2 2 2][ 2 2 2 2 2 2 2 2 2 2][ 2 2 2 2 2 2 2 2 2 2][ 1 1 1 1 1 1 1 1 1 1]]
left[[ 4 4 4 4 4 4 4 4 4 4][ 4 4 4 4 4 4 4 4 4 4][ 4 4 4 4 4 4 4 4 4 4][ 4 4 4 4 4 4 4 4 4 4][ 4 4 4 4 4 4 4 4 4 4][ 4 4 4 4 4 4 4 4 4 4][ 4 4 4 4 4 4 4 4 4 4][ 4 4 4 4 4 4 4 4 4 4][ 4 4 4 4 4 4 4 4 4 4][ 4 4 4 4 4 4 4 4 4 4]]
right[[ 5 5 5 5 5 5 5 5 5 5][ 5 5 5 5 5 5 5 5 5 5][ 5 5 5 5 5 5 5 5 5 5][ 5 5 5 5 5 5 5 5 5 5][ 5 5 5 5 5 5 5 5 5 5][ 5 5 5 5 5 5 5 5 5 5][ 5 5 5 5 5 5 5 5 5 5][ 5 5 5 5 5 5 5 5 5 5][ 5 5 5 5 5 5 5 5 5 5][ 5 5 5 5 5 5 5 5 5 5]]
up[[ 0 0 0 0 0 0 0 0 0 0][ 0 0 0 0 0 0 0 0 0 0][ 0 0 0 0 0 0 0 0 0 0][ 0 0 0 0 0 0 0 0 0 0][ 0 0 0 0 0 0 0 0 0 0][ 0 0 0 0 0 0 0 0 0 0][ 0 0 0 0 0 0 0 0 0 0][ 0 0 0 0 0 0 0 0 0 0][ 0 0 0 0 0 0 0 0 0 0][ 2 2 2 2 2 2 2 2 2 2]]

accion:l9
coste de la accion: 1
