back[[ 3 3 3 3 3 3 3 3 3 3][ 3 3 3 3 3 3 3 3 3 3][ 3 3 3 3 3 3 3 3 3 3][ 3 3 3 3 3 3 3 3 3 3][ 3 3 3 3 3 3 3 3 3 3][ 3 3 3 3 3 3 3 3 3 3][ 3 3 3 3 3 3 3 3 3 3][ 3 3 3 3 3 3 3 3 3 3][ 3 3 3 3 3 3 3 3 3 3][ 3 3 3 3 3 3 3 3 3 3]]
down[[ 1 1 1 1 1 1 1 1 1 1][ 1 1 1 1 1 1 1 1 1 1][ 1 1 1 1 1 1 1 1 1 1][ 1 1 1 1 1 1 1 1 1 1][ 1 1 1 1 1 1 1 1 1 1][ 1 1 1 1 1 1 1 1 1 1][ 1 1 1 1 1 1 1 1 1 1][ 1 1 1 1 1 1 1 1 1 1][ 1 1 1 1 1 1 1 1 1 1][ 1 1 1 1 1 1 1 1 1 1]]
front[[ 2 2 2 2 2 2 2 2 2 2][ 2 2 2 2 2 2 2 2 2 2][ 2 2 2 2 2 2 2 2 2 2][ 2 2 2 2 2 2 2 2 2 2][ 2 2 2 2 2 2 2 2 2 2][ 2 2 2 2 2 2 2 2 2 2][ 2 2 2 2 2 2 2 2 2 2][ 2 2 2 2 2 2 2 2 2 2][ 2 2 2 2 2 2 2 2 2 2][ 2 2 2 2 2 2 2 2 2 2]]
left[[ 4 4 4 4 4 4 4 4 4 4][ 4 4 4 4 4 4 4 4 4 4][ 4 4 4 4 4 4 4 4 4 4][ 4 4 4 4 4 4 4 4 4 4][ 4 4 4 4 4 4 4 4 4 4][ 4 4 4 4 4 4 4 4 4 4][ 4 4 4 4 4 4 4 4 4 4][ 4 4 4 4 4 4 4 4 4 4][ 4 4 4 4 4 4 4 4 4 4][ 4 4 4 4 4 4 4 4 4 4]]
right[[ 5 5 5 5 5 5 5 5 5 5][ 5 5 5 5 5 5 5 5 5 5][ 5 5 5 5 5 5 5 5 5 5][ 5 5 5 5 5 5 5 5 5 5][ 5 5 5 5 5 5 5 5 5 5][ 5 5 5 5 5 5 5 5 5 5][ 5 5 5 5 5 5 5 5 5 5][ 5 5 5 5 5 5 5 5 5 5][ 5 5 5 5 5 5 5 5 5 5][ 5 5 5 5 5 5 5 5 5 5]]
up[[ 0 0 0 0 0 0 0 0 0 0][ 0 0 0 0 0 0 0 0 0 0][ 0 0 0 0 0 0 0 0 0 0][ 0 0 0 0 0 0 0 0 0 0][ 0 0 0 0 0 0 0 0 0 0][ 0 0 0 0 0 0 0 0 0 0][ 0 0 0 0 0 0 0 0 0 0][ 0 0 0 0 0 0 0 0 0 0][ 0 0 0 0 0 0 0 0 0 0][ 0 0 0 0 0 0 0 0 0 0]]
69db38e2ce96d3044adc00e612a810b0
l3
back[[ 3 3 3 0 3 3 3 3 3 3][ 3 3 3 0 3 3 3 3 3 3][ 3 3 3 0 3 3 3 3 3 3][ 3 3 3 0 3 3 3 3 3 3][ 3 3 3 0 3 3 3 3 3 3][ 3 3 3 0 3 3 3 3 3 3][ 3 3 3 0 3 3 3 3 3 3][ 3 3 3 0 3 3 3 3 3 3][ 3 3 3 0 3 3 3 3 3 3][ 3 3 3 0 3 3 3 3 3 3]]
down[[ 1 1 1 3 1 1 1 1 1 1][ 1 1 1 3 1 1 1 1 1 1][ 1 1 1 3 1 1 1 1 1 1][ 1 1 1 3 1 1 1 1 1 1][ 1 1 1 3 1 1 1 1 1 1][ 1 1 1 3 1 1 1 1 1 1][ 1 1 1 3 1 1 1 1 1 1][ 1 1 1 3 1 1 1 1 1 1][ 1 1 1 3 1 1 1 1 1 1][ 1 1 1 3 1 1 1 1 1 1]]
front[[ 2 2 2 1 2 2 2 2 2 2][ 2 2 2 1 2 2 2 2 2 2][ 2 2 2 1 2 2 2 2 2 2][ 2 2 2 1 2 2 2 2 2 2][ 2 2 2 1 2 2 2 2 2 2][ 2 2 2 1 2 2 2 2 2 2][ 2 2 2 1 2 2 2 2 2 2][ 2 2 2 1 2 2 2 2 2 2][ 2 2 2 1 2 2 2 2 2 2][ 2 2 2 1 2 2 2 2 2 2]]
left[[ 4 4 4 4 4 4 4 4 4 4][ 4 4 4 4 4 4 4 4 4 4][ 4 4 4 4 4 4 4 4 4 4][ 4 4 4 4 4 4 4 4 4 4][ 4 4 4 4 4 4 4 4 4 4][ 4 4 4 4 4 4 4 4 4 4][ 4 4 4 4 4 4 4 4 4 4][ 4 4 4 4 4 4 4 4 4 4][ 4 4 4 4 4 4 4 4 4 4][ 4 4 4 4 4 4 4 4 4 4]]
right[[ 5 5 5 5 5 5 5 5 5 5][ 5 5 5 5 5 5 5 5 5 5][ 5 5 5 5 5 5 5 5 5 5][ 5 5 5 5 5 5 5 5 5 5][ 5 5 5 5 5 5 5 5 5 5][ 5 5 5 5 5 5 5 5 5 5][ 5 5 5 5 5 5 5 5 5 5][ 5 5 5 5 5 5 5 5 5 5][ 5 5 5 5 5 5 5 5 5 5][ 5 5 5 5 5 5 5 5 5 5]]
up[[ 0 0 0 0 0 0 2 0 0 0][ 0 0 0 0 0 0 2 0 0 0][ 0 0 0 0 0 0 2 0 0 0][ 0 0 0 0 0 0 2 0 0 0][ 0 0 0 0 0 0 2 0 0 0][ 0 0 0 0 0 0 2 0 0 0][ 0 0 0 0 0 0 2 0 0 0][ 0 0 0 0 0 0 2 0 0 0][ 0 0 0 0 0 0 2 0 0 0][ 0 0 0 0 0 0 2 0 0 0]]
130d0d212b8cc15f375b1b0f2cdf42ad
D1
back[[ 3 3 3 0 3 3 3 3 3 3][ 3 3 3 0 3 3 3 3 3 3][ 3 3 3 0 3 3 3 3 3 3][ 3 3 3 0 3 3 3 3 3 3][ 3 3 3 0 3 3 3 3 3 3][ 3 3 3 0 3 3 3 3 3 3][ 3 3 3 0 3 3 3 3 3 3][ 3 3 3 0 3 3 3 3 3 3][ 4 4 4 4 4 4 4 4 4 4][ 3 3 3 0 3 3 3 3 3 3]]
down[[ 1 1 1 3 1 1 1 1 1 1][ 1 1 1 3 1 1 1 1 1 1][ 1 1 1 3 1 1 1 1 1 1][ 1 1 1 3 1 1 1 1 1 1][ 1 1 1 3 1 1 1 1 1 1][ 1 1 1 3 1 1 1 1 1 1][ 1 1 1 3 1 1 1 1 1 1][ 1 1 1 3 1 1 1 1 1 1][ 1 1 1 3 1 1 1 1 1 1][ 1 1 1 3 1 1 1 1 1 1]]
front[[ 2 2 2 1 2 2 2 2 2 2][ 5 5 5 5 5 5 5 5 5 5][ 2 2 2 1 2 2 2 2 2 2][ 2 2 2 1 2 2 2 2 2 2][ 2 2 2 1 2 2 2 2 2 2][ 2 2 2 1 2 2 2 2 2 2][ 2 2 2 1 2 2 2 2 2 2][ 2 2 2 1 2 2 2 2 2 2][ 2 2 2 1 2 2 2 2 2 2][ 2 2 2 1 2 2 2 2 2 2]]
left[[ 4 4 4 4 4 4 4 4 2 4][ 4 4 4 4 4 4 4 4 2 4][ 4 4 4 4 4 4 4 4 2 4][ 4 4 4 4 4 4 4 4 1 4][ 4 4 4 4 4 4 4 4 2 4][ 4 4 4 4 4 4 4 4 2 4][ 4 4 4 4 4 4 4 4 2 4][ 4 4 4 4 4 4 4 4 2 4][ 4 4 4 4 4 4 4 4 2 4][ 4 4 4 4 4 4 4 4 2 4]]
right[[ 5 3 5 5 5 5 5 5 5 5][ 5 3 5 5 5 5 5 5 5 5][ 5 3 5 5 5 5 5 5 5 5][ 5 0 5 5 5 5 5 5 5 5][ 5 3 5 5 5 5 5 5 5 5][ 5 3 5 5 5 5 5 5 5 5][ 5 3 5 5 5 5 5 5 5 5][ 5 3 5 5 5 5 5 5 5 5][ 5 3 5 5 5 5 5 5 5 5][ 5 3 5 5 5 5 5 5 5 5]]
up[[ 0 0 0 0 0 0 2 0 0 0][ 0 0 0 0 0 0 2 0 0 0][ 0 0 0 0 0 0 2 0 0 0][ 0 0 0 0 0 0 2 0 0 0][ 0 0 0 0 0 0 2 0 0 0][ 0 0 0 0 0 0 2 0 0 0][ 0 0 0 0 0 0 2 0 0 0][ 0 0 0 0 0 0 2 0 0 0][ 0 0 0 0 0 0 2 0 0 0][ 0 0 0 0 0 0 2 0 0 0]]
d83b0f604f0fbdd646497bcc400cb701
l1
back[[ 3 0 3 0 3 3 3 3 3 3][ 3 0 3 0 3 3 3 3 3 3][ 3 0 3 0 3 3 3 3 3 3][ 3 0 3 0 3 3 3 3 3 3][ 3 0 3 0 3 3 3 3 3 3][ 3 0 3 0 3 3 3 3 3 3][ 3 0 3 0 3 3 3 3 3 3][ 3 0 3 0 3 3 3 3 3 3][ 4 0 4 4 4 4 4 4 4 4][ 3 0 3 0 3 3 3 3 3 3]]
down[[ 1 3 1 3 1 1 1 1 1 1][ 1 3 1 3 1 1 1 1 1 1][ 1 3 1 3 1 1 1 1 1 1][ 1 3 1 3 1 1 1 1 1 1][ 1 3 1 3 1 1 1 1 1 1][ 1 3 1 3 1 1 1 1 1 1][ 1 3 1 3 1 1 1 1 1 1][ 1 3 1 3 1 1 1 1 1 1][ 1 4 1 3 1 1 1 1 1 1][ 1 3 1 3 1 1 1 1 1 1]]
front[[ 2 1 2 1 2 2 2 2 2 2][ 5 1 5 5 5 5 5 5 5 5][ 2 1 2 1 2 2 2 2 2 2][ 2 1 2 1 2 2 2 2 2 2][ 2 1 2 1 2 2 2 2 2 2][ 2 1 2 1 2 2 2 2 2 2][ 2 1 2 1 2 2 2 2 2 2][ 2 1 2 1 2 2 2 2 2 2][ 2 1 2 1 2 2 2 2 2 2][ 2 1 2 1 2 2 2 2 2 2]]
left[[ 4 4 4 4 4 4 4 4 2 4][ 4 4 4 4 4 4 4 4 2 4][ 4 4 4 4 4 4 4 4 2 4][ 4 4 4 4 4 4 4 4 1 4][ 4 4 4 4 4 4 4 4 2 4][ 4 4 4 4 4 4 4 4 2 4][ 4 4 4 4 4 4 4 4 2 4][ 4 4 4 4 4 4 4 4 2 4][ 4 4 4 4 4 4 4 4 2 4][ 4 4 4 4 4 4 4 4 2 4]]
right[[ 5 3 5 5 5 5 5 5 5 5][ 5 3 5 5 5 5 5 5 5 5][ 5 3 5 5 5 5 5 5 5 5][ 5 0 5 5 5 5 5 5 5 5][ 5 3 5 5 5 5 5 5 5 5][ 5 3 5 5 5 5 5 5 5 5][ 5 3 5 5 5 5 5 5 5 5][ 5 3 5 5 5 5 5 5 5 5][ 5 3 5 5 5 5 5 5 5 5][ 5 3 5 5 5 5 5 5 5 5]]
up[[ 0 0 0 0 0 0 2 0 2 0][ 0 0 0 0 0 0 2 0 2 0][ 0 0 0 0 0 0 2 0 2 0][ 0 0 0 0 0 0 2 0 2 0][ 0 0 0 0 0 0 2 0 2 0][ 0 0 0 0 0 0 2 0 2 0][ 0 0 0 0 0 0 2 0 2 0][ 0 0 0 0 0 0 2 0 2 0][ 0 0 0 0 0 0 2 0 5 0][ 0 0 0 0 0 0 2 0 2 0]]
3072cd153434334e62487aa2c52d0b1c
d0
back[[ 3 0 3 0 3 3 3 3 3 3][ 3 0 3 0 3 3 3 3 3 3][ 3 0 3 0 3 3 3 3 3 3][ 3 0 3 0 3 3 3 3 3 3][ 3 0 3 0 3 3 3 3 3 3][ 3 0 3 0 3 3 3 3 3 3][ 3 0 3 0 3 3 3 3 3 3][ 3 0 3 0 3 3 3 3 3 3][ 4 0 4 4 4 4 4 4 4 4][ 5 5 5 5 5 5 5 5 5 5]]
down[[ 1 1 1 1 1 1 1 1 1 1][ 1 1 1 1 1 1 1 1 1 1][ 1 1 1 1 1 1 1 1 1 1][ 1 1 1 1 1 1 1 1 1 1][ 1 1 1 1 1 1 1 1 1 1][ 1 1 1 1 1 1 1 1 1 1][ 3 3 3 3 3 3 3 3 3 3][ 1 1 1 1 1 1 1 1 1 1][ 3 3 3 3 3 3 3 3 4 3][ 1 1 1 1 1 1 1 1 1 1]]
front[[ 4 4 4 4 4 4 4 4 4 4][ 5 1 5 5 5 5 5 5 5 5][ 2 1 2 1 2 2 2 2 2 2][ 2 1 2 1 2 2 2 2 2 2][ 2 1 2 1 2 2 2 2 2 2][ 2 1 2 1 2 2 2 2 2 2][ 2 1 2 1 2 2 2 2 2 2][ 2 1 2 1 2 2 2 2 2 2][ 2 1 2 1 2 2 2 2 2 2][ 2 1 2 1 2 2 2 2 2 2]]
left[[ 4 4 4 4 4 4 4 4 2 3][ 4 4 4 4 4 4 4 4 2 3][ 4 4 4 4 4 4 4 4 2 3][ 4 4 4 4 4 4 4 4 1 3][ 4 4 4 4 4 4 4 4 2 3][ 4 4 4 4 4 4 4 4 2 3][ 4 4 4 4 4 4 4 4 2 0][ 4 4 4 4 4 4 4 4 2 3][ 4 4 4 4 4 4 4 4 2 0][ 4 4 4 4 4 4 4 4 2 3]]
right[[ 2 3 5 5 5 5 5 5 5 5][ 2 3 5 5 5 5 5 5 5 5][ 2 3 5 5 5 5 5 5 5 5][ 2 0 5 5 5 5 5 5 5 5][ 2 3 5 5 5 5 5 5 5 5][ 2 3 5 5 5 5 5 5 5 5][ 1 3 5 5 5 5 5 5 5 5][ 2 3 5 5 5 5 5 5 5 5][ 1 3 5 5 5 5 5 5 5 5][ 2 3 5 5 5 5 5 5 5 5]]
up[[ 0 0 0 0 0 0 2 0 2 0][ 0 0 0 0 0 0 2 0 2 0][ 0 0 0 0 0 0 2 0 2 0][ 0 0 0 0 0 0 2 0 2 0][ 0 0 0 0 0 0 2 0 2 0][ 0 0 0 0 0 0 2 0 2 0][ 0 0 0 0 0 0 2 0 2 0][ 0 0 0 0 0 0 2 0 2 0][ 0 0 0 0 0 0 2 0 5 0][ 0 0 0 0 0 0 2 0 2 0]]
dab05f73e4ed15c2394f1712f9dc4fca
B0
back[[ 5 4 3 3 3 3 3 3 3 3][ 5 0 0 0 0 0 0 0 0 0][ 5 4 3 3 3 3 3 3 3 3][ 5 4 0 0 0 0 0 0 0 0][ 5 4 3 3 3 3 3 3 3 3][ 5 4 3 3 3 3 3 3 3 3][ 5 4 3 3 3 3 3 3 3 3][ 5 4 3 3 3 3 3 3 3 3][ 5 4 3 3 3 3 3 3 3 3][ 5 4 3 3 3 3 3 3 3 3]]
down[[ 4 4 4 4 4 4 4 4 2 3][ 1 1 1 1 1 1 1 1 1 1][ 1 1 1 1 1 1 1 1 1 1][ 1 1 1 1 1 1 1 1 1 1][ 1 1 1 1 1 1 1 1 1 1][ 1 1 1 1 1 1 1 1 1 1][ 3 3 3 3 3 3 3 3 3 3][ 1 1 1 1 1 1 1 1 1 1][ 3 3 3 3 3 3 3 3 4 3][ 1 1 1 1 1 1 1 1 1 1]]
front[[ 4 4 4 4 4 4 4 4 4 4][ 5 1 5 5 5 5 5 5 5 5][ 2 1 2 1 2 2 2 2 2 2][ 2 1 2 1 2 2 2 2 2 2][ 2 1 2 1 2 2 2 2 2 2][ 2 1 2 1 2 2 2 2 2 2][ 2 1 2 1 2 2 2 2 2 2][ 2 1 2 1 2 2 2 2 2 2][ 2 1 2 1 2 2 2 2 2 2][ 2 1 2 1 2 2 2 2 2 2]]
left[[ 0 0 0 0 0 0 2 0 2 0][ 4 4 4 4 4 4 4 4 2 3][ 4 4 4 4 4 4 4 4 2 3][ 4 4 4 4 4 4 4 4 1 3][ 4 4 4 4 4 4 4 4 2 3][ 4 4 4 4 4 4 4 4 2 3][ 4 4 4 4 4 4 4 4 2 0][ 4 4 4 4 4 4 4 4 2 3][ 4 4 4 4 4 4 4 4 2 0][ 4 4 4 4 4 4 4 4 2 3]]
right[[ 1 1 1 1 1 1 1 1 1 1][ 2 3 5 5 5 5 5 5 5 5][ 2 3 5 5 5 5 5 5 5 5][ 2 0 5 5 5 5 5 5 5 5][ 2 3 5 5 5 5 5 5 5 5][ 2 3 5 5 5 5 5 5 5 5][ 1 3 5 5 5 5 5 5 5 5][ 2 3 5 5 5 5 5 5 5 5][ 1 3 5 5 5 5 5 5 5 5][ 2 3 5 5 5 5 5 5 5 5]]
up[[ 2 3 5 5 5 5 5 5 5 5][ 0 0 0 0 0 0 2 0 2 0][ 0 0 0 0 0 0 2 0 2 0][ 0 0 0 0 0 0 2 0 2 0][ 0 0 0 0 0 0 2 0 2 0][ 0 0 0 0 0 0 2 0 2 0][ 0 0 0 0 0 0 2 0 2 0][ 0 0 0 0 0 0 2 0 2 0][ 0 0 0 0 0 0 2 0 5 0][ 0 0 0 0 0 0 2 0 2 0]]
ff8a8cd7a7af5da72edfad5d0a801a97
b5
back[[ 5 4 3 3 3 3 3 3 3 3][ 5 0 0 0 0 0 0 0 0 0][ 5 4 3 3 3 3 3 3 3 3][ 5 4 0 0 0 0 0 0 0 0][ 5 4 3 3 3 3 3 3 3 3][ 5 4 3 3 3 3 3 3 3 3][ 5 4 3 3 3 3 3 3 3 3][ 5 4 3 3 3 3 3 3 3 3][ 5 4 3 3 3 3 3 3 3 3][ 5 4 3 3 3 3 3 3 3 3]]
down[[ 4 4 4 4 4 4 4 4 2 3][ 1 1 1 1 1 1 1 1 1 1][ 1 1 1 1 1 1 1 1 1 1][ 1 1 1 1 1 1 1 1 1 1][ 1 1 1 1 1 1 1 1 1 1][ 2 3 5 5 5 5 5 5 5 5][ 3 3 3 3 3 3 3 3 3 3][ 1 1 1 1 1 1 1 1 1 1][ 3 3 3 3 3 3 3 3 4 3][ 1 1 1 1 1 1 1 1 1 1]]
front[[ 4 4 4 4 4 4 4 4 4 4][ 5 1 5 5 5 5 5 5 5 5][ 2 1 2 1 2 2 2 2 2 2][ 2 1 2 1 2 2 2 2 2 2][ 2 1 2 1 2 2 2 2 2 2][ 2 1 2 1 2 2 2 2 2 2][ 2 1 2 1 2 2 2 2 2 2][ 2 1 2 1 2 2 2 2 2 2][ 2 1 2 1 2 2 2 2 2 2][ 2 1 2 1 2 2 2 2 2 2]]
left[[ 0 0 0 0 0 0 2 0 2 0][ 4 4 4 4 4 4 4 4 2 3][ 4 4 4 4 4 4 4 4 2 3][ 4 4 4 4 4 4 4 4 1 3][ 4 4 4 4 4 4 4 4 2 3][ 1 1 1 1 1 1 1 1 1 1][ 4 4 4 4 4 4 4 4 2 0][ 4 4 4 4 4 4 4 4 2 3][ 4 4 4 4 4 4 4 4 2 0][ 4 4 4 4 4 4 4 4 2 3]]
right[[ 1 1 1 1 1 1 1 1 1 1][ 2 3 5 5 5 5 5 5 5 5][ 2 3 5 5 5 5 5 5 5 5][ 2 0 5 5 5 5 5 5 5 5][ 2 3 5 5 5 5 5 5 5 5][ 0 0 0 0 0 0 2 0 2 0][ 1 3 5 5 5 5 5 5 5 5][ 2 3 5 5 5 5 5 5 5 5][ 1 3 5 5 5 5 5 5 5 5][ 2 3 5 5 5 5 5 5 5 5]]
up[[ 2 3 5 5 5 5 5 5 5 5][ 0 0 0 0 0 0 2 0 2 0][ 0 0 0 0 0 0 2 0 2 0][ 0 0 0 0 0 0 2 0 2 0][ 0 0 0 0 0 0 2 0 2 0][ 4 4 4 4 4 4 4 4 2 3][ 0 0 0 0 0 0 2 0 2 0][ 0 0 0 0 0 0 2 0 2 0][ 0 0 0 0 0 0 2 0 5 0][ 0 0 0 0 0 0 2 0 2 0]]
8aef8f1a6b6d427fb55581dee01e2557
l2
back[[ 5 4 0 3 3 3 3 3 3 3][ 5 0 0 0 0 0 0 0 0 0][ 5 4 0 3 3 3 3 3 3 3][ 5 4 0 0 0 0 0 0 0 0][ 5 4 4 3 3 3 3 3 3 3][ 5 4 0 3 3 3 3 3 3 3][ 5 4 0 3 3 3 3 3 3 3][ 5 4 0 3 3 3 3 3 3 3][ 5 4 0 3 3 3 3 3 3 3][ 5 4 5 3 3 3 3 3 3 3]]
down[[ 4 4 3 4 4 4 4 4 2 3][ 1 1 0 1 1 1 1 1 1 1][ 1 1 3 1 1 1 1 1 1 1][ 1 1 0 1 1 1 1 1 1 1][ 1 1 3 1 1 1 1 1 1 1][ 2 3 3 5 5 5 5 5 5 5][ 3 3 3 3 3 3 3 3 3 3][ 1 1 3 1 1 1 1 1 1 1][ 3 3 3 3 3 3 3 3 4 3][ 1 1 3 1 1 1 1 1 1 1]]
front[[ 4 4 4 4 4 4 4 4 4 4][ 5 1 1 5 5 5 5 5 5 5][ 2 1 1 1 2 2 2 2 2 2][ 2 1 1 1 2 2 2 2 2 2][ 2 1 1 1 2 2 2 2 2 2][ 2 1 5 1 2 2 2 2 2 2][ 2 1 3 1 2 2 2 2 2 2][ 2 1 1 1 2 2 2 2 2 2][ 2 1 3 1 2 2 2 2 2 2][ 2 1 1 1 2 2 2 2 2 2]]
left[[ 0 0 0 0 0 0 2 0 2 0][ 4 4 4 4 4 4 4 4 2 3][ 4 4 4 4 4 4 4 4 2 3][ 4 4 4 4 4 4 4 4 1 3][ 4 4 4 4 4 4 4 4 2 3][ 1 1 1 1 1 1 1 1 1 1][ 4 4 4 4 4 4 4 4 2 0][ 4 4 4 4 4 4 4 4 2 3][ 4 4 4 4 4 4 4 4 2 0][ 4 4 4 4 4 4 4 4 2 3]]
right[[ 1 1 1 1 1 1 1 1 1 1][ 2 3 5 5 5 5 5 5 5 5][ 2 3 5 5 5 5 5 5 5 5][ 2 0 5 5 5 5 5 5 5 5][ 2 3 5 5 5 5 5 5 5 5][ 0 0 0 0 0 0 2 0 2 0][ 1 3 5 5 5 5 5 5 5 5][ 2 3 5 5 5 5 5 5 5 5][ 1 3 5 5 5 5 5 5 5 5][ 2 3 5 5 5 5 5 5 5 5]]
up[[ 2 3 5 5 5 5 5 2 5 5][ 0 0 0 0 0 0 2 2 2 0][ 0 0 0 0 0 0 2 2 2 0][ 0 0 0 0 0 0 2 2 2 0][ 0 0 0 0 0 0 2 2 2 0][ 4 4 4 4 4 4 4 2 2 3][ 0 0 0 0 0 0 2 2 2 0][ 0 0 0 0 0 0 2 2 2 0][ 0 0 0 0 0 0 2 5 5 0][ 0 0 0 0 0 0 2 4 2 0]]
151faa80eb7b01fa8db7e8129778de10
d1
back[[ 5 4 0 3 3 3 3 3 3 3][ 5 0 0 0 0 0 0 0 0 0][ 5 4 0 3 3 3 3 3 3 3][ 5 4 0 0 0 0 0 0 0 0][ 5 4 4 3 3 3 3 3 3 3][ 5 4 0 3 3 3 3 3 3 3][ 5 4 0 3 3 3 3 3 3 3][ 5 4 0 3 3 3 3 3 3 3][ 1 3 3 0 3 0 3 3 3 3][ 5 4 5 3 3 3 3 3 3 3]]
down[[ 4 4 3 4 4 4 4 4 2 3][ 1 1 0 1 1 1 1 1 1 1][ 1 1 3 1 1 1 1 1 1 1][ 1 1 0 1 1 1 1 1 1 1][ 1 1 3 1 1 1 1 1 1 1][ 2 3 3 5 5 5 5 5 5 5][ 3 3 3 3 3 3 3 3 3 3][ 1 1 3 1 1 1 1 1 1 1][ 3 3 3 3 3 3 3 3 4 3][ 1 1 3 1 1 1 1 1 1 1]]
front[[ 4 4 4 4 4 4 4 4 4 4][ 2 2 2 1 2 1 2 2 2 2][ 2 1 1 1 2 2 2 2 2 2][ 2 1 1 1 2 2 2 2 2 2][ 2 1 1 1 2 2 2 2 2 2][ 2 1 5 1 2 2 2 2 2 2][ 2 1 3 1 2 2 2 2 2 2][ 2 1 1 1 2 2 2 2 2 2][ 2 1 3 1 2 2 2 2 2 2][ 2 1 1 1 2 2 2 2 2 2]]
left[[ 0 0 0 0 0 0 2 0 3 0][ 4 4 4 4 4 4 4 4 3 3][ 4 4 4 4 4 4 4 4 3 3][ 4 4 4 4 4 4 4 4 3 3][ 4 4 4 4 4 4 4 4 3 3][ 1 1 1 1 1 1 1 1 3 1][ 4 4 4 4 4 4 4 4 3 0][ 4 4 4 4 4 4 4 4 0 3][ 4 4 4 4 4 4 4 4 4 0][ 4 4 4 4 4 4 4 4 5 3]]
right[[ 1 5 1 1 1 1 1 1 1 1][ 2 5 5 5 5 5 5 5 5 5][ 2 5 5 5 5 5 5 5 5 5][ 2 5 5 5 5 5 5 5 5 5][ 2 5 5 5 5 5 5 5 5 5][ 0 5 0 0 0 0 2 0 2 0][ 1 5 5 5 5 5 5 5 5 5][ 2 1 5 5 5 5 5 5 5 5][ 1 1 5 5 5 5 5 5 5 5][ 2 5 5 5 5 5 5 5 5 5]]
up[[ 2 3 5 5 5 5 5 2 5 5][ 0 0 0 0 0 0 2 2 2 0][ 0 0 0 0 0 0 2 2 2 0][ 0 0 0 0 0 0 2 2 2 0][ 0 0 0 0 0 0 2 2 2 0][ 4 4 4 4 4 4 4 2 2 3][ 0 0 0 0 0 0 2 2 2 0][ 0 0 0 0 0 0 2 2 2 0][ 0 0 0 0 0 0 2 5 5 0][ 0 0 0 0 0 0 2 4 2 0]]
e8682bbb2e6fabf5971e4b471ae2d46d
